2025-08-11 22:38:23,377 - Loading data from /work/hdd/bdau/mbanisharifdehkordi/GNN_4_IO_5/data/10K/aiio_sample_10000.csv
2025-08-11 22:38:23,431 - Loaded 10,000 samples with 45 features
2025-08-11 22:38:23,431 - Data type: float64 (preserving precision)
2025-08-11 22:38:23,431 - Memory usage: 0.00 GB
2025-08-11 22:38:23,431 - Feature value ranges (log-normalized):
2025-08-11 22:38:23,431 -   Min: 0.000000
2025-08-11 22:38:23,432 -   Max: 97361398.000000
2025-08-11 22:38:23,432 -   Mean: 1608.275490
2025-08-11 22:38:23,432 - Computing cosine similarity with threshold=0.85
2025-08-11 22:38:23,432 - Batch size: 1000
Computing similarities:   0%|          | 0/10 [00:00<?, ?it/s]Computing similarities:  10%|█         | 1/10 [00:02<00:18,  2.11s/it]Computing similarities:  20%|██        | 2/10 [00:04<00:17,  2.18s/it]Computing similarities:  30%|███       | 3/10 [00:05<00:13,  1.87s/it]Computing similarities:  40%|████      | 4/10 [00:08<00:13,  2.30s/it]Computing similarities:  50%|█████     | 5/10 [00:11<00:11,  2.29s/it]Computing similarities:  60%|██████    | 6/10 [00:11<00:06,  1.71s/it]Computing similarities:  70%|███████   | 7/10 [00:14<00:06,  2.02s/it]Computing similarities:  80%|████████  | 8/10 [00:17<00:04,  2.39s/it]Computing similarities:  90%|█████████ | 9/10 [00:18<00:01,  1.83s/it]Computing similarities: 100%|██████████| 10/10 [00:25<00:00,  3.48s/it]Computing similarities: 100%|██████████| 10/10 [00:25<00:00,  2.53s/it]
2025-08-11 22:38:54,007 - 
=== Graph Statistics ===
2025-08-11 22:38:54,007 - Total edges: 33,683,880
2025-08-11 22:38:54,007 - Average degree: 3368.4
2025-08-11 22:38:54,010 - Median degree: 3244.0
2025-08-11 22:38:54,010 - Max degree: 4793
2025-08-11 22:38:54,010 - Min degree: 0
2025-08-11 22:38:54,010 - Isolated nodes: 1
2025-08-11 22:38:54,034 - Weight range: [0.850000, 1.000000]
2025-08-11 22:38:55,972 - Saved PyTorch format to: /work/hdd/bdau/mbanisharifdehkordi/GNN_4_IO_5/data/10K/similarity_output_0.85/similarity_graph_20250811_223855.pt
2025-08-11 22:39:18,307 - Saved NumPy format to: /work/hdd/bdau/mbanisharifdehkordi/GNN_4_IO_5/data/10K/similarity_output_0.85/similarity_graph_20250811_223855.npz
2025-08-11 22:39:18,497 - Saved metadata to: /work/hdd/bdau/mbanisharifdehkordi/GNN_4_IO_5/data/10K/similarity_output_0.85/similarity_metadata_20250811_223855.json
2025-08-11 22:39:18,497 - 
=== Graph Quality Analysis ===
2025-08-11 22:39:18,497 - Quality concerns:
2025-08-11 22:39:18,497 - ⚠️  9086 potential hub nodes (>500 neighbors) - might dominate
2025-08-11 22:39:18,497 - ⚠️  High average degree (3368.4) - graph too dense
2025-08-11 22:39:18,497 - 
Consider adjusting threshold (current: 0.85)
2025-08-11 22:39:18,497 - Suggestion: Try threshold=0.90 for fewer connections
