2025-08-13 21:26:45,804 - INFO - Loading config from /work/hdd/bdau/mbanisharifdehkordi/GNN_4_IO_5/configs/gat_config4.yaml
2025-08-13 21:26:45,810 - INFO - Using device: cuda
2025-08-13 21:26:45,810 - INFO - Using dtype: torch.float32
2025-08-13 21:26:45,810 - INFO - Loading model...
2025-08-13 21:26:47,486 - INFO - Checkpoint keys: dict_keys(['epoch', 'model_state_dict', 'optimizer_state_dict', 'val_rmse', 'history'])
2025-08-13 21:26:47,486 - INFO - Using model config from config file
2025-08-13 21:26:47,486 - INFO - Detected 49 input features from checkpoint
2025-08-13 21:26:47,486 - INFO - Detected pre-augmented features in checkpoint (49), disabling feature_augmentation for model creation
2025-08-13 21:26:47,486 - INFO - Creating model with config: {'num_features': 49, 'model_type': 'standard', 'hidden_channels': 320, 'num_layers': 3, 'heads': [12, 8, 2], 'dropout': 0.1, 'residual': True, 'layer_norm': True, 'feature_augmentation': False, 'dtype': torch.float32, 'edge_dim': 1, 'pool_type': 'mean'}
2025-08-13 21:26:47,806 - INFO - Model loaded successfully from /work/hdd/bdau/mbanisharifdehkordi/GNN_4_IO_5/experiments/gat_exp_20250813_020454/checkpoints/best_model.pt
2025-08-13 21:26:47,806 - INFO - Loading data...
2025-08-13 21:26:47,806 - INFO - Loading dataset with args: {'root': './data/processed', 'similarity_pt_path': '/work/hdd/bdau/mbanisharifdehkordi/GNN_4_IO_5/data/1M/similarity_output_0.75/similarity_graph_20250812_043913.pt', 'similarity_npz_path': '/work/hdd/bdau/mbanisharifdehkordi/GNN_4_IO_5/data/1M/similarity_output_0.75/similarity_graph_20250812_043913.npz', 'features_csv_path': '/work/hdd/bdau/mbanisharifdehkordi/GNN_4_IO_5/data/1M/aiio_sample_1000000_normalized.csv', 'use_edge_weights': True, 'dtype': torch.float32, 'lazy_load': True}
2025-08-13 21:26:48,803 - INFO - Data loaded: 1,000,000 nodes, 50,000,000 edges
2025-08-13 21:26:48,803 - INFO - Feature shape: torch.Size([1000000, 45])
2025-08-13 21:26:48,803 - INFO - Target shape: torch.Size([1000000, 1])
2025-08-13 21:26:48,803 - WARNING - Feature mismatch: Model expects 49, but data has 45
2025-08-13 21:26:48,803 - INFO - Creating data splits from config
2025-08-13 21:26:49,313 - INFO - Data splits - Train: 600,000, Val: 200,000, Test: 200,000
2025-08-13 21:26:49,321 - INFO - Adding placeholder features from 45 to 49
2025-08-13 21:26:49,362 - INFO - Features augmented to shape: torch.Size([1000000, 49])
2025-08-13 21:26:49,452 - INFO - Using 49 feature names
2025-08-13 21:26:49,452 - INFO - Initializing analyzers...
2025-08-13 21:26:49,540 - INFO - Selected test nodes:
2025-08-13 21:26:49,540 - INFO -   Poor performers (<1.05): 5 nodes
2025-08-13 21:26:49,540 - INFO -   Medium performers: 5 nodes
2025-08-13 21:26:49,541 - INFO -   Good performers (>2.57): 5 nodes
2025-08-13 21:26:49,541 - INFO - 
============================================================
2025-08-13 21:26:49,541 - INFO - Analyzing POOR performers
2025-08-13 21:26:49,541 - INFO - ============================================================
2025-08-13 21:26:49,541 - INFO - 
============================================================
2025-08-13 21:26:49,541 - INFO - Analyzing node 25
2025-08-13 21:26:49,541 - INFO - Performance: 0.3631
2025-08-13 21:26:49,551 - INFO - Extracted subgraph: 105 nodes, 4175 edges
2025-08-13 21:26:49,552 - INFO - Running attention analysis...
2025-08-13 21:26:49,603 - INFO -   Top attention features:
2025-08-13 21:26:49,603 - INFO -     - POSIX_MEM_NOT_ALIGNED: 0.2950
2025-08-13 21:26:49,603 - INFO -     - POSIX_ACCESS4_COUNT: 0.2833
2025-08-13 21:26:49,603 - INFO -     - POSIX_SIZE_READ_1K_10K: 0.1536
2025-08-13 21:26:49,603 - INFO -     - POSIX_BYTES_READ: 0.1430
2025-08-13 21:26:49,603 - INFO -     - POSIX_SIZE_READ_100_1K: 0.0428
2025-08-13 21:26:49,603 - INFO - Running GNNExplainer...
2025-08-13 21:26:52,075 - INFO -   Top GNNExplainer features:
2025-08-13 21:26:52,075 - INFO -     - POSIX_SIZE_READ_0_100: 0.5880
2025-08-13 21:26:52,075 - INFO -     - POSIX_ACCESS2_COUNT: 0.5599
2025-08-13 21:26:52,075 - INFO -     - POSIX_FILE_NOT_ALIGNED: 0.5553
2025-08-13 21:26:52,075 - INFO -     - POSIX_OPENS: 0.5537
2025-08-13 21:26:52,075 - INFO -     - POSIX_SEQ_READS: 0.5442
2025-08-13 21:26:52,075 - INFO - Running gradient analysis...
2025-08-13 21:26:52,495 - WARNING - Gradient analysis failed: can only convert an array of size 1 to a Python scalar
2025-08-13 21:26:52,495 - INFO - Finding consensus (min 2 methods)...
2025-08-13 21:26:52,495 - INFO -   Consensus bottlenecks:
2025-08-13 21:26:52,495 - INFO -     - POSIX_MEM_NOT_ALIGNED: 0.4135 (agreed by: attention, gnn_explainer)
2025-08-13 21:26:52,495 - INFO -     - POSIX_ACCESS2_COUNT: 0.2861 (agreed by: attention, gnn_explainer)
2025-08-13 21:26:52,495 - INFO -     - POSIX_SEQ_READS: 0.2824 (agreed by: attention, gnn_explainer)
2025-08-13 21:26:52,496 - INFO - 
============================================================
2025-08-13 21:26:52,496 - INFO - Analyzing node 38
2025-08-13 21:26:52,496 - INFO - Performance: 0.8760
2025-08-13 21:26:52,501 - INFO - Extracted subgraph: 79 nodes, 2565 edges
2025-08-13 21:26:52,501 - INFO - Running attention analysis...
2025-08-13 21:26:52,511 - INFO -   Top attention features:
2025-08-13 21:26:52,511 - INFO -     - POSIX_SIZE_WRITE_100_1K: 0.1473
2025-08-13 21:26:52,511 - INFO -     - POSIX_BYTES_WRITTEN: 0.0915
2025-08-13 21:26:52,511 - INFO -     - POSIX_CONSEC_WRITES: 0.0911
2025-08-13 21:26:52,511 - INFO -     - POSIX_SEQ_WRITES: 0.0908
2025-08-13 21:26:52,511 - INFO -     - POSIX_WRITES: 0.0908
2025-08-13 21:26:52,511 - INFO - Running GNNExplainer...
2025-08-13 21:26:54,726 - INFO -   Top GNNExplainer features:
2025-08-13 21:26:54,726 - INFO -     - POSIX_BYTES_READ: 0.5359
2025-08-13 21:26:54,726 - INFO - Running gradient analysis...
2025-08-13 21:26:55,118 - WARNING - Gradient analysis failed: can only convert an array of size 1 to a Python scalar
2025-08-13 21:26:55,119 - INFO - Finding consensus (min 2 methods)...
2025-08-13 21:26:55,119 - INFO -   Consensus bottlenecks:
2025-08-13 21:26:55,119 - INFO -     - POSIX_BYTES_READ: 0.2751 (agreed by: attention, gnn_explainer)
2025-08-13 21:26:55,119 - INFO - 
============================================================
2025-08-13 21:26:55,119 - INFO - Analyzing node 61
2025-08-13 21:26:55,119 - INFO - Performance: 0.6283
2025-08-13 21:26:55,124 - INFO - Extracted subgraph: 272 nodes, 8071 edges
2025-08-13 21:26:55,125 - INFO - Running attention analysis...
2025-08-13 21:26:55,139 - INFO -   Top attention features:
2025-08-13 21:26:55,139 - INFO -     - POSIX_SIZE_WRITE_100_1K: 0.1064
2025-08-13 21:26:55,139 - INFO -     - POSIX_BYTES_WRITTEN: 0.0733
2025-08-13 21:26:55,139 - INFO -     - POSIX_SIZE_READ_1K_10K: 0.0716
2025-08-13 21:26:55,139 - INFO -     - POSIX_SEQ_WRITES: 0.0682
2025-08-13 21:26:55,139 - INFO -     - POSIX_WRITES: 0.0682
2025-08-13 21:26:55,139 - INFO - Running GNNExplainer...
2025-08-13 21:26:58,354 - INFO -   Top GNNExplainer features:
2025-08-13 21:26:58,354 - INFO -     - POSIX_SEEKS: 0.5502
2025-08-13 21:26:58,354 - INFO -     - POSIX_ACCESS2_COUNT: 0.5337
2025-08-13 21:26:58,354 - INFO -     - POSIX_SIZE_READ_100_1K: 0.5280
2025-08-13 21:26:58,354 - INFO -     - POSIX_MEM_NOT_ALIGNED: 0.5223
2025-08-13 21:26:58,354 - INFO -     - POSIX_BYTES_WRITTEN: 0.5219
2025-08-13 21:26:58,354 - INFO - Running gradient analysis...
2025-08-13 21:26:58,956 - WARNING - Gradient analysis failed: can only convert an array of size 1 to a Python scalar
2025-08-13 21:26:58,956 - INFO - Finding consensus (min 2 methods)...
2025-08-13 21:26:58,956 - INFO -   Consensus bottlenecks:
2025-08-13 21:26:58,956 - INFO -     - POSIX_BYTES_WRITTEN: 0.2976 (agreed by: attention, gnn_explainer)
2025-08-13 21:26:58,956 - INFO -     - POSIX_ACCESS2_COUNT: 0.2954 (agreed by: attention, gnn_explainer)
2025-08-13 21:26:58,956 - INFO -     - POSIX_SIZE_READ_1K_10K: 0.2945 (agreed by: attention, gnn_explainer)
2025-08-13 21:26:58,956 - INFO -     - POSIX_SEEKS: 0.2801 (agreed by: attention, gnn_explainer)
2025-08-13 21:26:58,956 - INFO -     - POSIX_ACCESS3_COUNT: 0.2797 (agreed by: attention, gnn_explainer)
2025-08-13 21:26:58,956 - INFO - 
============================================================
2025-08-13 21:26:58,956 - INFO - Analyzing node 62
2025-08-13 21:26:58,956 - INFO - Performance: 0.8625
2025-08-13 21:26:58,962 - INFO - Extracted subgraph: 310 nodes, 8043 edges
2025-08-13 21:26:58,962 - INFO - Running attention analysis...
2025-08-13 21:26:58,974 - INFO -   Top attention features:
2025-08-13 21:26:58,974 - INFO -     - POSIX_ACCESS4_COUNT: 0.0684
2025-08-13 21:26:58,974 - INFO -     - nprocs: 0.0579
2025-08-13 21:26:58,974 - INFO -     - POSIX_SEEKS: 0.0505
2025-08-13 21:26:58,974 - INFO -     - POSIX_SIZE_READ_0_100: 0.0505
2025-08-13 21:26:58,974 - INFO -     - POSIX_ACCESS1_COUNT: 0.0505
2025-08-13 21:26:58,974 - INFO - Running GNNExplainer...
2025-08-13 21:27:02,205 - INFO -   Top GNNExplainer features:
2025-08-13 21:27:02,205 - INFO -     - POSIX_CONSEC_WRITES: 0.5476
2025-08-13 21:27:02,205 - INFO -     - POSIX_CONSEC_READS: 0.5455
2025-08-13 21:27:02,205 - INFO -     - POSIX_SIZE_WRITE_0_100: 0.5336
2025-08-13 21:27:02,206 - INFO -     - POSIX_SEEKS: 0.5328
2025-08-13 21:27:02,206 - INFO -     - POSIX_ACCESS1_ACCESS: 0.5322
2025-08-13 21:27:02,206 - INFO - Running gradient analysis...
2025-08-13 21:27:02,828 - WARNING - Gradient analysis failed: can only convert an array of size 1 to a Python scalar
2025-08-13 21:27:02,828 - INFO - Finding consensus (min 2 methods)...
2025-08-13 21:27:02,828 - INFO -   Consensus bottlenecks:
2025-08-13 21:27:02,828 - INFO -     - POSIX_CONSEC_READS: 0.2970 (agreed by: attention, gnn_explainer)
2025-08-13 21:27:02,828 - INFO -     - POSIX_SEEKS: 0.2917 (agreed by: attention, gnn_explainer)
2025-08-13 21:27:02,828 - INFO -     - POSIX_CONSEC_WRITES: 0.2890 (agreed by: attention, gnn_explainer)
2025-08-13 21:27:02,828 - INFO -     - POSIX_SIZE_WRITE_0_100: 0.2873 (agreed by: attention, gnn_explainer)
2025-08-13 21:27:02,828 - INFO -     - POSIX_ACCESS1_COUNT: 0.2829 (agreed by: attention, gnn_explainer)
2025-08-13 21:27:02,828 - INFO - 
============================================================
2025-08-13 21:27:02,828 - INFO - Analyzing node 70
2025-08-13 21:27:02,828 - INFO - Performance: 0.5202
2025-08-13 21:27:02,834 - INFO - Extracted subgraph: 358 nodes, 10633 edges
2025-08-13 21:27:02,834 - INFO - Running attention analysis...
2025-08-13 21:27:02,851 - INFO -   Top attention features:
2025-08-13 21:27:02,851 - INFO -     - POSIX_SIZE_READ_1K_10K: 0.1015
2025-08-13 21:27:02,851 - INFO -     - POSIX_BYTES_READ: 0.0965
2025-08-13 21:27:02,851 - INFO -     - POSIX_BYTES_WRITTEN: 0.0723
2025-08-13 21:27:02,851 - INFO -     - POSIX_ACCESS1_ACCESS: 0.0720
2025-08-13 21:27:02,851 - INFO -     - POSIX_SIZE_WRITE_0_100: 0.0714
2025-08-13 21:27:02,851 - INFO - Running GNNExplainer...
2025-08-13 21:27:06,596 - INFO -   Top GNNExplainer features:
2025-08-13 21:27:06,596 - INFO -     - POSIX_SEQ_READS: 0.5896
2025-08-13 21:27:06,596 - INFO -     - POSIX_ACCESS2_COUNT: 0.5861
2025-08-13 21:27:06,596 - INFO -     - POSIX_STATS: 0.5791
2025-08-13 21:27:06,596 - INFO -     - POSIX_SEEKS: 0.5704
2025-08-13 21:27:06,596 - INFO -     - POSIX_SIZE_READ_0_100: 0.5646
2025-08-13 21:27:06,596 - INFO - Running gradient analysis...
2025-08-13 21:27:07,315 - WARNING - Gradient analysis failed: can only convert an array of size 1 to a Python scalar
2025-08-13 21:27:07,315 - INFO - Finding consensus (min 2 methods)...
2025-08-13 21:27:07,315 - INFO -   Consensus bottlenecks:
2025-08-13 21:27:07,315 - INFO -     - POSIX_ACCESS2_COUNT: 0.3232 (agreed by: attention, gnn_explainer)
2025-08-13 21:27:07,315 - INFO -     - POSIX_SIZE_READ_1K_10K: 0.3096 (agreed by: attention, gnn_explainer)
2025-08-13 21:27:07,315 - INFO -     - POSIX_SEQ_READS: 0.3034 (agreed by: attention, gnn_explainer)
2025-08-13 21:27:07,315 - INFO -     - POSIX_FILE_NOT_ALIGNED: 0.2962 (agreed by: attention, gnn_explainer)
2025-08-13 21:27:07,315 - INFO -     - POSIX_CONSEC_WRITES: 0.2892 (agreed by: attention, gnn_explainer)
2025-08-13 21:27:07,315 - INFO - 
============================================================
2025-08-13 21:27:07,315 - INFO - Analyzing MEDIUM performers
2025-08-13 21:27:07,315 - INFO - ============================================================
2025-08-13 21:27:07,315 - INFO - 
============================================================
2025-08-13 21:27:07,315 - INFO - Analyzing node 0
2025-08-13 21:27:07,315 - INFO - Performance: 2.3416
2025-08-13 21:27:07,321 - INFO - Extracted subgraph: 34 nodes, 877 edges
2025-08-13 21:27:07,321 - INFO - Running attention analysis...
2025-08-13 21:27:07,330 - INFO -   Top attention features:
2025-08-13 21:27:07,330 - INFO -     - POSIX_SIZE_WRITE_0_100: 0.2146
2025-08-13 21:27:07,330 - INFO -     - POSIX_SEQ_WRITES: 0.2101
2025-08-13 21:27:07,330 - INFO -     - POSIX_CONSEC_WRITES: 0.2100
2025-08-13 21:27:07,330 - INFO -     - POSIX_WRITES: 0.2095
2025-08-13 21:27:07,330 - INFO -     - POSIX_BYTES_WRITTEN: 0.1277
2025-08-13 21:27:07,330 - INFO - Running GNNExplainer...
2025-08-13 21:27:09,400 - INFO -   Top GNNExplainer features:
2025-08-13 21:27:09,400 - INFO -     - POSIX_CONSEC_WRITES: 0.5564
2025-08-13 21:27:09,400 - INFO -     - POSIX_ACCESS2_COUNT: 0.5349
2025-08-13 21:27:09,400 - INFO -     - POSIX_FILE_NOT_ALIGNED: 0.5144
2025-08-13 21:27:09,400 - INFO - Running gradient analysis...
2025-08-13 21:27:09,776 - WARNING - Gradient analysis failed: can only convert an array of size 1 to a Python scalar
2025-08-13 21:27:09,776 - INFO - Finding consensus (min 2 methods)...
2025-08-13 21:27:09,776 - INFO -   Consensus bottlenecks:
2025-08-13 21:27:09,776 - INFO -     - POSIX_CONSEC_WRITES: 0.3832 (agreed by: attention, gnn_explainer)
2025-08-13 21:27:09,776 - INFO -     - POSIX_FILE_NOT_ALIGNED: 0.2712 (agreed by: attention, gnn_explainer)
2025-08-13 21:27:09,777 - INFO - 
============================================================
2025-08-13 21:27:09,777 - INFO - Analyzing node 12
2025-08-13 21:27:09,777 - INFO - Performance: 2.3622
2025-08-13 21:27:09,782 - INFO - Extracted subgraph: 112 nodes, 5335 edges
2025-08-13 21:27:09,782 - INFO - Running attention analysis...
2025-08-13 21:27:09,794 - INFO -   Top attention features:
2025-08-13 21:27:09,794 - INFO -     - POSIX_ACCESS3_COUNT: 0.2491
2025-08-13 21:27:09,794 - INFO -     - POSIX_STRIDE2_STRIDE: 0.2223
2025-08-13 21:27:09,794 - INFO -     - POSIX_BYTES_WRITTEN: 0.2217
2025-08-13 21:27:09,794 - INFO -     - POSIX_ACCESS2_COUNT: 0.1522
2025-08-13 21:27:09,794 - INFO -     - POSIX_SIZE_WRITE_100_1K: 0.0354
2025-08-13 21:27:09,794 - INFO - Running GNNExplainer...
2025-08-13 21:27:12,295 - INFO -   Top GNNExplainer features:
2025-08-13 21:27:12,295 - INFO -     - POSIX_CONSEC_WRITES: 0.5229
2025-08-13 21:27:12,295 - INFO -     - POSIX_BYTES_WRITTEN: 0.5211
2025-08-13 21:27:12,295 - INFO -     - POSIX_BYTES_READ: 0.5032
2025-08-13 21:27:12,295 - INFO - Running gradient analysis...
2025-08-13 21:27:12,746 - WARNING - Gradient analysis failed: can only convert an array of size 1 to a Python scalar
2025-08-13 21:27:12,747 - INFO - Finding consensus (min 2 methods)...
2025-08-13 21:27:12,747 - INFO -   Consensus bottlenecks:
2025-08-13 21:27:12,747 - INFO -     - POSIX_BYTES_WRITTEN: 0.3714 (agreed by: attention, gnn_explainer)
2025-08-13 21:27:12,747 - INFO - 
============================================================
2025-08-13 21:27:12,747 - INFO - Analyzing node 13
2025-08-13 21:27:12,747 - INFO - Performance: 1.4532
2025-08-13 21:27:12,752 - INFO - Extracted subgraph: 185 nodes, 8041 edges
2025-08-13 21:27:12,753 - INFO - Running attention analysis...
2025-08-13 21:27:12,766 - INFO -   Top attention features:
2025-08-13 21:27:12,766 - INFO -     - POSIX_ACCESS3_COUNT: 0.4038
2025-08-13 21:27:12,766 - INFO -     - POSIX_ACCESS4_COUNT: 0.2974
2025-08-13 21:27:12,766 - INFO -     - POSIX_ACCESS2_COUNT: 0.0929
2025-08-13 21:27:12,766 - INFO -     - POSIX_MEM_NOT_ALIGNED: 0.0642
2025-08-13 21:27:12,766 - INFO -     - POSIX_ACCESS1_COUNT: 0.0376
2025-08-13 21:27:12,766 - INFO - Running GNNExplainer...
2025-08-13 21:27:15,783 - INFO -   Top GNNExplainer features:
2025-08-13 21:27:15,784 - INFO -     - POSIX_FILENOS: 0.5814
2025-08-13 21:27:15,784 - INFO -     - POSIX_SIZE_WRITE_1K_10K: 0.5628
2025-08-13 21:27:15,784 - INFO -     - POSIX_BYTES_WRITTEN: 0.5602
2025-08-13 21:27:15,784 - INFO -     - POSIX_ACCESS4_ACCESS: 0.5560
2025-08-13 21:27:15,784 - INFO -     - POSIX_BYTES_READ: 0.5314
2025-08-13 21:27:15,784 - INFO - Running gradient analysis...
2025-08-13 21:27:16,334 - WARNING - Gradient analysis failed: can only convert an array of size 1 to a Python scalar
2025-08-13 21:27:16,334 - INFO - Finding consensus (min 2 methods)...
2025-08-13 21:27:16,334 - INFO -   Consensus bottlenecks:
2025-08-13 21:27:16,335 - INFO -     - POSIX_ACCESS4_COUNT: 0.4079 (agreed by: attention, gnn_explainer)
2025-08-13 21:27:16,335 - INFO - 
============================================================
2025-08-13 21:27:16,335 - INFO - Analyzing node 30
2025-08-13 21:27:16,335 - INFO - Performance: 2.0893
2025-08-13 21:27:16,340 - INFO - Extracted subgraph: 101 nodes, 4292 edges
2025-08-13 21:27:16,340 - INFO - Running attention analysis...
2025-08-13 21:27:16,351 - INFO -   Top attention features:
2025-08-13 21:27:16,351 - INFO -     - POSIX_BYTES_WRITTEN: 1.0000
2025-08-13 21:27:16,351 - INFO - Running GNNExplainer...
2025-08-13 21:27:18,588 - INFO -   Top GNNExplainer features:
2025-08-13 21:27:18,588 - INFO -     - POSIX_SIZE_READ_1K_10K: 0.5994
2025-08-13 21:27:18,588 - INFO -     - POSIX_ACCESS4_COUNT: 0.5743
2025-08-13 21:27:18,588 - INFO -     - POSIX_READS: 0.5487
2025-08-13 21:27:18,588 - INFO -     - POSIX_ACCESS4_ACCESS: 0.5465
2025-08-13 21:27:18,588 - INFO -     - POSIX_STATS: 0.5389
2025-08-13 21:27:18,588 - INFO - Running gradient analysis...
2025-08-13 21:27:18,985 - WARNING - Gradient analysis failed: can only convert an array of size 1 to a Python scalar
2025-08-13 21:27:18,985 - INFO - Finding consensus (min 2 methods)...
2025-08-13 21:27:18,985 - INFO - 
============================================================
2025-08-13 21:27:18,985 - INFO - Analyzing node 46
2025-08-13 21:27:18,985 - INFO - Performance: 1.4780
2025-08-13 21:27:18,991 - INFO - Extracted subgraph: 1 nodes, 0 edges
2025-08-13 21:27:18,991 - INFO - Running attention analysis...
2025-08-13 21:27:19,000 - INFO - Running GNNExplainer...
2025-08-13 21:27:20,671 - INFO -   Top GNNExplainer features:
2025-08-13 21:27:20,671 - INFO -     - POSIX_WRITES: 0.5577
2025-08-13 21:27:20,672 - INFO -     - POSIX_MEM_ALIGNMENT: 0.5541
2025-08-13 21:27:20,672 - INFO -     - POSIX_SIZE_WRITE_10K_100K: 0.5517
2025-08-13 21:27:20,672 - INFO -     - POSIX_ACCESS1_ACCESS: 0.5409
2025-08-13 21:27:20,672 - INFO -     - POSIX_SIZE_WRITE_100_1K: 0.5273
2025-08-13 21:27:20,672 - INFO - Running gradient analysis...
2025-08-13 21:27:20,989 - WARNING - Gradient analysis failed: can only convert an array of size 1 to a Python scalar
2025-08-13 21:27:20,989 - INFO - Finding consensus (min 2 methods)...
2025-08-13 21:27:20,989 - INFO - 
============================================================
2025-08-13 21:27:20,989 - INFO - Analyzing GOOD performers
2025-08-13 21:27:20,989 - INFO - ============================================================
2025-08-13 21:27:20,989 - INFO - 
============================================================
2025-08-13 21:27:20,989 - INFO - Analyzing node 15
2025-08-13 21:27:20,989 - INFO - Performance: 3.5475
2025-08-13 21:27:20,996 - INFO - Extracted subgraph: 112 nodes, 5582 edges
2025-08-13 21:27:20,996 - INFO - Running attention analysis...
2025-08-13 21:27:21,009 - INFO -   Top attention features:
2025-08-13 21:27:21,009 - INFO -     - POSIX_ACCESS3_COUNT: 0.2619
2025-08-13 21:27:21,009 - INFO -     - POSIX_ACCESS2_COUNT: 0.2463
2025-08-13 21:27:21,009 - INFO -     - POSIX_SIZE_WRITE_100_1K: 0.1709
2025-08-13 21:27:21,009 - INFO -     - POSIX_SIZE_WRITE_100K_1M: 0.0832
2025-08-13 21:27:21,009 - INFO -     - POSIX_ACCESS1_COUNT: 0.0530
2025-08-13 21:27:21,009 - INFO - Running GNNExplainer...
2025-08-13 21:27:23,423 - INFO - Running gradient analysis...
2025-08-13 21:27:23,855 - WARNING - Gradient analysis failed: can only convert an array of size 1 to a Python scalar
2025-08-13 21:27:23,855 - INFO - Finding consensus (min 2 methods)...
2025-08-13 21:27:23,855 - INFO - 
============================================================
2025-08-13 21:27:23,855 - INFO - Analyzing node 19
2025-08-13 21:27:23,855 - INFO - Performance: 2.5808
2025-08-13 21:27:23,861 - INFO - Extracted subgraph: 141 nodes, 4911 edges
2025-08-13 21:27:23,861 - INFO - Running attention analysis...
2025-08-13 21:27:23,872 - INFO -   Top attention features:
2025-08-13 21:27:23,872 - INFO -     - POSIX_ACCESS1_COUNT: 0.0683
2025-08-13 21:27:23,872 - INFO -     - POSIX_BYTES_WRITTEN: 0.0518
2025-08-13 21:27:23,872 - INFO -     - POSIX_SIZE_WRITE_100_1K: 0.0494
2025-08-13 21:27:23,872 - INFO -     - POSIX_SIZE_WRITE_0_100: 0.0477
2025-08-13 21:27:23,872 - INFO -     - POSIX_CONSEC_WRITES: 0.0466
2025-08-13 21:27:23,872 - INFO - Running GNNExplainer...
2025-08-13 21:27:26,244 - INFO -   Top GNNExplainer features:
2025-08-13 21:27:26,244 - INFO -     - POSIX_ACCESS1_ACCESS: 0.5467
2025-08-13 21:27:26,244 - INFO -     - POSIX_ACCESS1_COUNT: 0.5410
2025-08-13 21:27:26,244 - INFO -     - POSIX_CONSEC_READS: 0.5353
2025-08-13 21:27:26,244 - INFO -     - POSIX_ACCESS3_COUNT: 0.5296
2025-08-13 21:27:26,244 - INFO -     - POSIX_ACCESS4_COUNT: 0.5280
2025-08-13 21:27:26,244 - INFO - Running gradient analysis...
2025-08-13 21:27:26,672 - WARNING - Gradient analysis failed: can only convert an array of size 1 to a Python scalar
2025-08-13 21:27:26,672 - INFO - Finding consensus (min 2 methods)...
2025-08-13 21:27:26,673 - INFO -   Consensus bottlenecks:
2025-08-13 21:27:26,673 - INFO -     - POSIX_ACCESS1_COUNT: 0.3047 (agreed by: attention, gnn_explainer)
2025-08-13 21:27:26,673 - INFO -     - POSIX_CONSEC_READS: 0.2871 (agreed by: attention, gnn_explainer)
2025-08-13 21:27:26,673 - INFO -     - nprocs: 0.2844 (agreed by: attention, gnn_explainer)
2025-08-13 21:27:26,673 - INFO -     - POSIX_SIZE_READ_0_100: 0.2787 (agreed by: attention, gnn_explainer)
2025-08-13 21:27:26,673 - INFO -     - POSIX_ACCESS3_COUNT: 0.2781 (agreed by: attention, gnn_explainer)
2025-08-13 21:27:26,673 - INFO - 
============================================================
2025-08-13 21:27:26,673 - INFO - Analyzing node 43
2025-08-13 21:27:26,673 - INFO - Performance: 2.8307
2025-08-13 21:27:26,678 - INFO - Extracted subgraph: 1 nodes, 0 edges
2025-08-13 21:27:26,678 - INFO - Running attention analysis...
2025-08-13 21:27:26,685 - INFO - Running GNNExplainer...
2025-08-13 21:27:28,361 - INFO -   Top GNNExplainer features:
2025-08-13 21:27:28,361 - INFO -     - POSIX_ACCESS1_ACCESS: 0.5766
2025-08-13 21:27:28,361 - INFO -     - POSIX_STRIDE2_COUNT: 0.5562
2025-08-13 21:27:28,361 - INFO -     - POSIX_READS: 0.5499
2025-08-13 21:27:28,361 - INFO -     - POSIX_BYTES_READ: 0.5380
2025-08-13 21:27:28,361 - INFO -     - POSIX_CONSEC_READS: 0.5341
2025-08-13 21:27:28,361 - INFO - Running gradient analysis...
2025-08-13 21:27:28,679 - WARNING - Gradient analysis failed: can only convert an array of size 1 to a Python scalar
2025-08-13 21:27:28,679 - INFO - Finding consensus (min 2 methods)...
2025-08-13 21:27:28,680 - INFO - 
============================================================
2025-08-13 21:27:28,680 - INFO - Analyzing node 56
2025-08-13 21:27:28,680 - INFO - Performance: 3.1380
2025-08-13 21:27:28,686 - INFO - Extracted subgraph: 1 nodes, 0 edges
2025-08-13 21:27:28,686 - INFO - Running attention analysis...
2025-08-13 21:27:28,693 - INFO - Running GNNExplainer...
2025-08-13 21:27:30,371 - INFO -   Top GNNExplainer features:
2025-08-13 21:27:30,372 - INFO -     - POSIX_STRIDE3_COUNT: 0.5359
2025-08-13 21:27:30,372 - INFO -     - POSIX_ACCESS1_COUNT: 0.5333
2025-08-13 21:27:30,372 - INFO -     - POSIX_SIZE_WRITE_100K_1M: 0.5332
2025-08-13 21:27:30,372 - INFO -     - POSIX_SIZE_WRITE_10K_100K: 0.5315
2025-08-13 21:27:30,372 - INFO -     - POSIX_MEM_ALIGNMENT: 0.5298
2025-08-13 21:27:30,372 - INFO - Running gradient analysis...
2025-08-13 21:27:30,689 - WARNING - Gradient analysis failed: can only convert an array of size 1 to a Python scalar
2025-08-13 21:27:30,690 - INFO - Finding consensus (min 2 methods)...
2025-08-13 21:27:30,690 - INFO - 
============================================================
2025-08-13 21:27:30,690 - INFO - Analyzing node 86
2025-08-13 21:27:30,690 - INFO - Performance: 2.8873
2025-08-13 21:27:30,696 - INFO - Extracted subgraph: 96 nodes, 4242 edges
2025-08-13 21:27:30,696 - INFO - Running attention analysis...
2025-08-13 21:27:30,707 - INFO - Running GNNExplainer...
2025-08-13 21:27:32,935 - INFO -   Top GNNExplainer features:
2025-08-13 21:27:32,935 - INFO -     - POSIX_FILE_NOT_ALIGNED: 0.6063
2025-08-13 21:27:32,935 - INFO -     - POSIX_SEQ_READS: 0.5988
2025-08-13 21:27:32,935 - INFO -     - POSIX_STRIDE2_COUNT: 0.5828
2025-08-13 21:27:32,935 - INFO -     - POSIX_SEEKS: 0.5711
2025-08-13 21:27:32,935 - INFO -     - POSIX_SIZE_WRITE_0_100: 0.5671
2025-08-13 21:27:32,935 - INFO - Running gradient analysis...
2025-08-13 21:27:33,325 - WARNING - Gradient analysis failed: can only convert an array of size 1 to a Python scalar
2025-08-13 21:27:33,325 - INFO - Finding consensus (min 2 methods)...
2025-08-13 21:27:33,332 - INFO - 
Results saved to analysis/results/interpretability_test_results.json
2025-08-13 21:27:33,332 - INFO - 
============================================================
2025-08-13 21:27:33,332 - INFO - ANALYSIS SUMMARY
2025-08-13 21:27:33,332 - INFO - ============================================================
2025-08-13 21:27:33,332 - INFO - 
POOR Performers:
2025-08-13 21:27:33,332 - INFO -   Node 25: POSIX_MEM_NOT_ALIGNED (0.414)
2025-08-13 21:27:33,332 - INFO -   Node 25: POSIX_ACCESS2_COUNT (0.286)
2025-08-13 21:27:33,332 - INFO -   Node 25: POSIX_SEQ_READS (0.282)
2025-08-13 21:27:33,332 - INFO -   Node 38: POSIX_BYTES_READ (0.275)
2025-08-13 21:27:33,332 - INFO -   Node 61: POSIX_BYTES_WRITTEN (0.298)
2025-08-13 21:27:33,332 - INFO -   Node 61: POSIX_ACCESS2_COUNT (0.295)
2025-08-13 21:27:33,332 - INFO -   Node 61: POSIX_SIZE_READ_1K_10K (0.294)
2025-08-13 21:27:33,332 - INFO -   Node 62: POSIX_CONSEC_READS (0.297)
2025-08-13 21:27:33,332 - INFO -   Node 62: POSIX_SEEKS (0.292)
2025-08-13 21:27:33,332 - INFO -   Node 62: POSIX_CONSEC_WRITES (0.289)
2025-08-13 21:27:33,332 - INFO -   Node 70: POSIX_ACCESS2_COUNT (0.323)
2025-08-13 21:27:33,332 - INFO -   Node 70: POSIX_SIZE_READ_1K_10K (0.310)
2025-08-13 21:27:33,332 - INFO -   Node 70: POSIX_SEQ_READS (0.303)
2025-08-13 21:27:33,332 - INFO - 
MEDIUM Performers:
2025-08-13 21:27:33,332 - INFO -   Node 0: POSIX_CONSEC_WRITES (0.383)
2025-08-13 21:27:33,332 - INFO -   Node 0: POSIX_FILE_NOT_ALIGNED (0.271)
2025-08-13 21:27:33,332 - INFO -   Node 12: POSIX_BYTES_WRITTEN (0.371)
2025-08-13 21:27:33,332 - INFO -   Node 13: POSIX_ACCESS4_COUNT (0.408)
2025-08-13 21:27:33,332 - INFO - 
GOOD Performers:
2025-08-13 21:27:33,332 - INFO -   Node 19: POSIX_ACCESS1_COUNT (0.305)
2025-08-13 21:27:33,332 - INFO -   Node 19: POSIX_CONSEC_READS (0.287)
2025-08-13 21:27:33,332 - INFO -   Node 19: nprocs (0.284)
2025-08-13 21:27:33,332 - INFO - 
============================================================
2025-08-13 21:27:33,332 - INFO - COMMON PATTERNS
2025-08-13 21:27:33,332 - INFO - ============================================================
2025-08-13 21:27:33,332 - INFO -   POSIX_MEM_NOT_ALIGNED: Appears in 1 nodes (avg score: 0.414)
2025-08-13 21:27:33,332 - INFO -   POSIX_ACCESS2_COUNT: Appears in 3 nodes (avg score: 0.302)
2025-08-13 21:27:33,332 - INFO -   POSIX_SEQ_READS: Appears in 2 nodes (avg score: 0.293)
2025-08-13 21:27:33,333 - INFO -   POSIX_BYTES_READ: Appears in 1 nodes (avg score: 0.275)
2025-08-13 21:27:33,333 - INFO -   POSIX_BYTES_WRITTEN: Appears in 2 nodes (avg score: 0.335)
2025-08-13 21:27:33,333 - INFO -   POSIX_SIZE_READ_1K_10K: Appears in 2 nodes (avg score: 0.302)
2025-08-13 21:27:33,333 - INFO -   POSIX_CONSEC_READS: Appears in 2 nodes (avg score: 0.292)
2025-08-13 21:27:33,333 - INFO -   POSIX_SEEKS: Appears in 1 nodes (avg score: 0.292)
2025-08-13 21:27:33,333 - INFO -   POSIX_CONSEC_WRITES: Appears in 2 nodes (avg score: 0.336)
2025-08-13 21:27:33,333 - INFO - 
Test complete!
