2025-08-13 21:31:13,780 - INFO - Loading config from /work/hdd/bdau/mbanisharifdehkordi/GNN_4_IO_5/configs/gat_config4.yaml
2025-08-13 21:31:13,785 - INFO - Using device: cuda
2025-08-13 21:31:13,785 - INFO - Using dtype: torch.float32
2025-08-13 21:31:13,785 - INFO - Loading model...
2025-08-13 21:31:14,140 - INFO - Checkpoint keys: dict_keys(['epoch', 'model_state_dict', 'optimizer_state_dict', 'val_rmse', 'history'])
2025-08-13 21:31:14,141 - INFO - Using model config from config file
2025-08-13 21:31:14,141 - INFO - Detected 49 input features from checkpoint
2025-08-13 21:31:14,141 - INFO - Detected pre-augmented features in checkpoint (49), disabling feature_augmentation for model creation
2025-08-13 21:31:14,141 - INFO - Creating model with config: {'num_features': 49, 'model_type': 'standard', 'hidden_channels': 320, 'num_layers': 3, 'heads': [12, 8, 2], 'dropout': 0.1, 'residual': True, 'layer_norm': True, 'feature_augmentation': False, 'dtype': torch.float32, 'edge_dim': 1, 'pool_type': 'mean'}
2025-08-13 21:31:14,461 - INFO - Model loaded successfully from /work/hdd/bdau/mbanisharifdehkordi/GNN_4_IO_5/experiments/gat_exp_20250813_020454/checkpoints/best_model.pt
2025-08-13 21:31:14,462 - INFO - Loading data...
2025-08-13 21:31:14,462 - INFO - Loading dataset with args: {'root': './data/processed', 'similarity_pt_path': '/work/hdd/bdau/mbanisharifdehkordi/GNN_4_IO_5/data/1M/similarity_output_0.75/similarity_graph_20250812_043913.pt', 'similarity_npz_path': '/work/hdd/bdau/mbanisharifdehkordi/GNN_4_IO_5/data/1M/similarity_output_0.75/similarity_graph_20250812_043913.npz', 'features_csv_path': '/work/hdd/bdau/mbanisharifdehkordi/GNN_4_IO_5/data/1M/aiio_sample_1000000_normalized.csv', 'use_edge_weights': True, 'dtype': torch.float32, 'lazy_load': True}
2025-08-13 21:31:14,668 - INFO - Data loaded: 1,000,000 nodes, 50,000,000 edges
2025-08-13 21:31:14,668 - INFO - Feature shape: torch.Size([1000000, 45])
2025-08-13 21:31:14,668 - INFO - Target shape: torch.Size([1000000, 1])
2025-08-13 21:31:14,668 - WARNING - Feature mismatch: Model expects 49, but data has 45
2025-08-13 21:31:14,668 - INFO - Creating data splits from config
2025-08-13 21:31:15,108 - INFO - Data splits - Train: 600,000, Val: 200,000, Test: 200,000
2025-08-13 21:31:15,117 - INFO - Adding placeholder features from 45 to 49
2025-08-13 21:31:15,143 - INFO - Features augmented to shape: torch.Size([1000000, 49])
2025-08-13 21:31:15,234 - INFO - Using 49 feature names
2025-08-13 21:31:15,234 - INFO - Initializing analyzers...
2025-08-13 21:31:15,311 - INFO - Selected test nodes:
2025-08-13 21:31:15,311 - INFO -   Poor performers (<1.05): 5 nodes
2025-08-13 21:31:15,311 - INFO -   Medium performers: 5 nodes
2025-08-13 21:31:15,311 - INFO -   Good performers (>2.57): 5 nodes
2025-08-13 21:31:15,311 - INFO - 
============================================================
2025-08-13 21:31:15,311 - INFO - Analyzing POOR performers
2025-08-13 21:31:15,311 - INFO - ============================================================
2025-08-13 21:31:15,311 - INFO - 
============================================================
2025-08-13 21:31:15,311 - INFO - Analyzing node 25
2025-08-13 21:31:15,311 - INFO - Performance: 0.3631
2025-08-13 21:31:15,321 - INFO - Extracted subgraph: 105 nodes, 4175 edges
2025-08-13 21:31:15,321 - INFO - Running attention analysis...
2025-08-13 21:31:15,372 - INFO -   Top attention features:
2025-08-13 21:31:15,372 - INFO -     - POSIX_MEM_NOT_ALIGNED: 0.2950
2025-08-13 21:31:15,372 - INFO -     - POSIX_ACCESS4_COUNT: 0.2833
2025-08-13 21:31:15,372 - INFO -     - POSIX_SIZE_READ_1K_10K: 0.1536
2025-08-13 21:31:15,372 - INFO -     - POSIX_BYTES_READ: 0.1430
2025-08-13 21:31:15,372 - INFO -     - POSIX_SIZE_READ_100_1K: 0.0428
2025-08-13 21:31:15,372 - INFO - Running GNNExplainer...
2025-08-13 21:31:17,784 - INFO -   Top GNNExplainer features:
2025-08-13 21:31:17,784 - INFO -     - POSIX_SIZE_READ_0_100: 0.5845
2025-08-13 21:31:17,784 - INFO -     - POSIX_ACCESS2_COUNT: 0.5607
2025-08-13 21:31:17,784 - INFO -     - POSIX_OPENS: 0.5567
2025-08-13 21:31:17,784 - INFO -     - POSIX_FILE_NOT_ALIGNED: 0.5564
2025-08-13 21:31:17,784 - INFO -     - POSIX_SEQ_READS: 0.5451
2025-08-13 21:31:17,784 - INFO - Running gradient analysis...
2025-08-13 21:31:18,180 - INFO - DEBUG - importance_scores type: <class 'numpy.ndarray'>
2025-08-13 21:31:18,180 - INFO - DEBUG - importance_scores shape: (1, 49)
2025-08-13 21:31:18,180 - INFO - DEBUG - importance_scores[0] type: <class 'numpy.ndarray'>
2025-08-13 21:31:18,180 - INFO - DEBUG - hasattr check: True
2025-08-13 21:31:18,180 - ERROR - DEBUG - Error at index 0: only size-1 arrays can be converted to Python scalars
2025-08-13 21:31:18,180 - ERROR - DEBUG - Value type: <class 'numpy.ndarray'>
2025-08-13 21:31:18,182 - ERROR - DEBUG - Value: [0.01289108 0.05153374 0.07325764 0.0065439  0.         0.01860567
 0.04964402 0.02056453 0.08623385 0.01579426 0.07738369 0.16453533
 0.15351221 0.00953668 0.01690067 0.01386926 0.04345543 0.
 0.01178965 0.04421657 0.02771187 0.00304703 0.0170783  0.
 0.02085887 0.00163613 0.         0.         0.         0.
 0.         0.         0.         0.         0.         0.
 0.         0.00922096 0.0012563  0.00404921 0.00099172 0.01344685
 0.00079952 0.0100659  0.01956913 0.         0.         0.
 0.        ]
2025-08-13 21:31:18,182 - WARNING - Gradient analysis failed: only size-1 arrays can be converted to Python scalars
2025-08-13 21:31:18,182 - INFO - Finding consensus (min 2 methods)...
2025-08-13 21:31:18,182 - INFO -   Consensus bottlenecks:
2025-08-13 21:31:18,182 - INFO -     - POSIX_MEM_NOT_ALIGNED: 0.4135 (agreed by: attention, gnn_explainer)
2025-08-13 21:31:18,182 - INFO -     - POSIX_ACCESS2_COUNT: 0.2865 (agreed by: attention, gnn_explainer)
2025-08-13 21:31:18,182 - INFO -     - POSIX_SEQ_READS: 0.2828 (agreed by: attention, gnn_explainer)
2025-08-13 21:31:18,182 - INFO - 
============================================================
2025-08-13 21:31:18,182 - INFO - Analyzing node 38
2025-08-13 21:31:18,183 - INFO - Performance: 0.8760
2025-08-13 21:31:18,188 - INFO - Extracted subgraph: 79 nodes, 2565 edges
2025-08-13 21:31:18,188 - INFO - Running attention analysis...
2025-08-13 21:31:18,198 - INFO -   Top attention features:
2025-08-13 21:31:18,198 - INFO -     - POSIX_SIZE_WRITE_100_1K: 0.1473
2025-08-13 21:31:18,198 - INFO -     - POSIX_BYTES_WRITTEN: 0.0915
2025-08-13 21:31:18,198 - INFO -     - POSIX_CONSEC_WRITES: 0.0911
2025-08-13 21:31:18,198 - INFO -     - POSIX_SEQ_WRITES: 0.0908
2025-08-13 21:31:18,198 - INFO -     - POSIX_WRITES: 0.0908
2025-08-13 21:31:18,198 - INFO - Running GNNExplainer...
2025-08-13 21:31:20,262 - INFO -   Top GNNExplainer features:
2025-08-13 21:31:20,262 - INFO -     - POSIX_BYTES_READ: 0.5362
2025-08-13 21:31:20,262 - INFO - Running gradient analysis...
2025-08-13 21:31:20,613 - INFO - DEBUG - importance_scores type: <class 'numpy.ndarray'>
2025-08-13 21:31:20,613 - INFO - DEBUG - importance_scores shape: (1, 49)
2025-08-13 21:31:20,613 - INFO - DEBUG - importance_scores[0] type: <class 'numpy.ndarray'>
2025-08-13 21:31:20,613 - INFO - DEBUG - hasattr check: True
2025-08-13 21:31:20,613 - ERROR - DEBUG - Error at index 0: only size-1 arrays can be converted to Python scalars
2025-08-13 21:31:20,613 - ERROR - DEBUG - Value type: <class 'numpy.ndarray'>
2025-08-13 21:31:20,614 - ERROR - DEBUG - Value: [0.0015776  0.06119083 0.05609789 0.01010351 0.         0.01959137
 0.08658547 0.05225965 0.04421093 0.01101252 0.08864728 0.15158638
 0.11506437 0.01878386 0.01079379 0.02417906 0.01595072 0.
 0.00293354 0.03648961 0.02348309 0.02235395 0.01458461 0.
 0.03113274 0.01440831 0.         0.         0.         0.
 0.         0.         0.         0.         0.         0.
 0.         0.01440752 0.00395894 0.01414104 0.00354517 0.02289761
 0.01248688 0.00245877 0.013083   0.         0.         0.
 0.        ]
2025-08-13 21:31:20,614 - WARNING - Gradient analysis failed: only size-1 arrays can be converted to Python scalars
2025-08-13 21:31:20,614 - INFO - Finding consensus (min 2 methods)...
2025-08-13 21:31:20,614 - INFO -   Consensus bottlenecks:
2025-08-13 21:31:20,614 - INFO -     - POSIX_BYTES_READ: 0.2753 (agreed by: attention, gnn_explainer)
2025-08-13 21:31:20,614 - INFO - 
============================================================
2025-08-13 21:31:20,614 - INFO - Analyzing node 61
2025-08-13 21:31:20,614 - INFO - Performance: 0.6283
2025-08-13 21:31:20,619 - INFO - Extracted subgraph: 272 nodes, 8071 edges
2025-08-13 21:31:20,620 - INFO - Running attention analysis...
2025-08-13 21:31:20,634 - INFO -   Top attention features:
2025-08-13 21:31:20,634 - INFO -     - POSIX_SIZE_WRITE_100_1K: 0.1064
2025-08-13 21:31:20,634 - INFO -     - POSIX_BYTES_WRITTEN: 0.0733
2025-08-13 21:31:20,634 - INFO -     - POSIX_SIZE_READ_1K_10K: 0.0716
2025-08-13 21:31:20,634 - INFO -     - POSIX_SEQ_WRITES: 0.0682
2025-08-13 21:31:20,634 - INFO -     - POSIX_WRITES: 0.0682
2025-08-13 21:31:20,634 - INFO - Running GNNExplainer...
2025-08-13 21:31:23,716 - INFO -   Top GNNExplainer features:
2025-08-13 21:31:23,717 - INFO -     - POSIX_SEEKS: 0.5502
2025-08-13 21:31:23,717 - INFO -     - POSIX_ACCESS2_COUNT: 0.5336
2025-08-13 21:31:23,717 - INFO -     - POSIX_SIZE_READ_100_1K: 0.5280
2025-08-13 21:31:23,717 - INFO -     - POSIX_MEM_NOT_ALIGNED: 0.5221
2025-08-13 21:31:23,717 - INFO -     - POSIX_BYTES_WRITTEN: 0.5218
2025-08-13 21:31:23,717 - INFO - Running gradient analysis...
2025-08-13 21:31:24,299 - INFO - DEBUG - importance_scores type: <class 'numpy.ndarray'>
2025-08-13 21:31:24,300 - INFO - DEBUG - importance_scores shape: (1, 49)
2025-08-13 21:31:24,300 - INFO - DEBUG - importance_scores[0] type: <class 'numpy.ndarray'>
2025-08-13 21:31:24,300 - INFO - DEBUG - hasattr check: True
2025-08-13 21:31:24,300 - ERROR - DEBUG - Error at index 0: only size-1 arrays can be converted to Python scalars
2025-08-13 21:31:24,300 - ERROR - DEBUG - Value type: <class 'numpy.ndarray'>
2025-08-13 21:31:24,300 - ERROR - DEBUG - Value: [0.02160371 0.04896752 0.07604416 0.00973115 0.         0.01603787
 0.05926425 0.02945391 0.06445529 0.02560724 0.0758621  0.16668464
 0.12553306 0.0122907  0.00430667 0.01070439 0.03623015 0.
 0.00930255 0.02784379 0.02594958 0.00516459 0.01520063 0.
 0.02196259 0.0264018  0.         0.         0.         0.
 0.         0.         0.         0.         0.         0.
 0.         0.01639028 0.00080737 0.00163219 0.00188333 0.02229537
 0.00398406 0.01674696 0.02165811 0.         0.         0.
 0.        ]
2025-08-13 21:31:24,300 - WARNING - Gradient analysis failed: only size-1 arrays can be converted to Python scalars
2025-08-13 21:31:24,300 - INFO - Finding consensus (min 2 methods)...
2025-08-13 21:31:24,300 - INFO -   Consensus bottlenecks:
2025-08-13 21:31:24,300 - INFO -     - POSIX_BYTES_WRITTEN: 0.2975 (agreed by: attention, gnn_explainer)
2025-08-13 21:31:24,300 - INFO -     - POSIX_ACCESS2_COUNT: 0.2954 (agreed by: attention, gnn_explainer)
2025-08-13 21:31:24,300 - INFO -     - POSIX_SIZE_READ_1K_10K: 0.2945 (agreed by: attention, gnn_explainer)
2025-08-13 21:31:24,301 - INFO -     - POSIX_SEEKS: 0.2801 (agreed by: attention, gnn_explainer)
2025-08-13 21:31:24,301 - INFO -     - POSIX_ACCESS3_COUNT: 0.2799 (agreed by: attention, gnn_explainer)
2025-08-13 21:31:24,301 - INFO - 
============================================================
2025-08-13 21:31:24,301 - INFO - Analyzing node 62
2025-08-13 21:31:24,301 - INFO - Performance: 0.8625
2025-08-13 21:31:24,306 - INFO - Extracted subgraph: 310 nodes, 8043 edges
2025-08-13 21:31:24,306 - INFO - Running attention analysis...
2025-08-13 21:31:24,318 - INFO -   Top attention features:
2025-08-13 21:31:24,318 - INFO -     - POSIX_ACCESS4_COUNT: 0.0684
2025-08-13 21:31:24,318 - INFO -     - nprocs: 0.0579
2025-08-13 21:31:24,318 - INFO -     - POSIX_SEEKS: 0.0505
2025-08-13 21:31:24,318 - INFO -     - POSIX_SIZE_READ_0_100: 0.0505
2025-08-13 21:31:24,318 - INFO -     - POSIX_ACCESS1_COUNT: 0.0505
2025-08-13 21:31:24,318 - INFO - Running GNNExplainer...
2025-08-13 21:31:27,477 - INFO -   Top GNNExplainer features:
2025-08-13 21:31:27,477 - INFO -     - POSIX_CONSEC_WRITES: 0.5476
2025-08-13 21:31:27,477 - INFO -     - POSIX_CONSEC_READS: 0.5455
2025-08-13 21:31:27,477 - INFO -     - POSIX_SIZE_WRITE_0_100: 0.5336
2025-08-13 21:31:27,477 - INFO -     - POSIX_SEEKS: 0.5328
2025-08-13 21:31:27,477 - INFO -     - POSIX_ACCESS1_ACCESS: 0.5322
2025-08-13 21:31:27,477 - INFO - Running gradient analysis...
2025-08-13 21:31:28,077 - INFO - DEBUG - importance_scores type: <class 'numpy.ndarray'>
2025-08-13 21:31:28,077 - INFO - DEBUG - importance_scores shape: (1, 49)
2025-08-13 21:31:28,077 - INFO - DEBUG - importance_scores[0] type: <class 'numpy.ndarray'>
2025-08-13 21:31:28,077 - INFO - DEBUG - hasattr check: True
2025-08-13 21:31:28,077 - ERROR - DEBUG - Error at index 0: only size-1 arrays can be converted to Python scalars
2025-08-13 21:31:28,077 - ERROR - DEBUG - Value type: <class 'numpy.ndarray'>
2025-08-13 21:31:28,077 - ERROR - DEBUG - Value: [0.01091824 0.05637093 0.06969289 0.00396269 0.01130773 0.02271343
 0.         0.01054113 0.09535945 0.01515636 0.08470511 0.13209641
 0.1541546  0.01058007 0.01986633 0.02398723 0.0449312  0.
 0.0233381  0.0566453  0.04113756 0.00617149 0.00806959 0.
 0.02701604 0.01322053 0.         0.         0.         0.
 0.         0.         0.         0.         0.         0.
 0.         0.00799225 0.00261566 0.00391501 0.00035763 0.0135312
 0.00656355 0.00588097 0.01720135 0.         0.         0.
 0.        ]
2025-08-13 21:31:28,077 - WARNING - Gradient analysis failed: only size-1 arrays can be converted to Python scalars
2025-08-13 21:31:28,077 - INFO - Finding consensus (min 2 methods)...
2025-08-13 21:31:28,077 - INFO -   Consensus bottlenecks:
2025-08-13 21:31:28,078 - INFO -     - POSIX_CONSEC_READS: 0.2970 (agreed by: attention, gnn_explainer)
2025-08-13 21:31:28,078 - INFO -     - POSIX_SEEKS: 0.2917 (agreed by: attention, gnn_explainer)
2025-08-13 21:31:28,078 - INFO -     - POSIX_CONSEC_WRITES: 0.2890 (agreed by: attention, gnn_explainer)
2025-08-13 21:31:28,078 - INFO -     - POSIX_SIZE_WRITE_0_100: 0.2873 (agreed by: attention, gnn_explainer)
2025-08-13 21:31:28,078 - INFO -     - POSIX_ACCESS1_COUNT: 0.2829 (agreed by: attention, gnn_explainer)
2025-08-13 21:31:28,078 - INFO - 
============================================================
2025-08-13 21:31:28,078 - INFO - Analyzing node 70
2025-08-13 21:31:28,078 - INFO - Performance: 0.5202
2025-08-13 21:31:28,083 - INFO - Extracted subgraph: 358 nodes, 10633 edges
2025-08-13 21:31:28,084 - INFO - Running attention analysis...
2025-08-13 21:31:28,100 - INFO -   Top attention features:
2025-08-13 21:31:28,100 - INFO -     - POSIX_SIZE_READ_1K_10K: 0.1015
2025-08-13 21:31:28,100 - INFO -     - POSIX_BYTES_READ: 0.0965
2025-08-13 21:31:28,100 - INFO -     - POSIX_BYTES_WRITTEN: 0.0723
2025-08-13 21:31:28,100 - INFO -     - POSIX_ACCESS1_ACCESS: 0.0720
2025-08-13 21:31:28,100 - INFO -     - POSIX_SIZE_WRITE_0_100: 0.0714
2025-08-13 21:31:28,100 - INFO - Running GNNExplainer...
2025-08-13 21:31:31,743 - INFO -   Top GNNExplainer features:
2025-08-13 21:31:31,743 - INFO -     - POSIX_SEQ_READS: 0.5896
2025-08-13 21:31:31,743 - INFO -     - POSIX_ACCESS2_COUNT: 0.5861
2025-08-13 21:31:31,743 - INFO -     - POSIX_STATS: 0.5791
2025-08-13 21:31:31,743 - INFO -     - POSIX_SEEKS: 0.5704
2025-08-13 21:31:31,743 - INFO -     - POSIX_SIZE_READ_0_100: 0.5646
2025-08-13 21:31:31,743 - INFO - Running gradient analysis...
2025-08-13 21:31:32,438 - INFO - DEBUG - importance_scores type: <class 'numpy.ndarray'>
2025-08-13 21:31:32,439 - INFO - DEBUG - importance_scores shape: (1, 49)
2025-08-13 21:31:32,439 - INFO - DEBUG - importance_scores[0] type: <class 'numpy.ndarray'>
2025-08-13 21:31:32,439 - INFO - DEBUG - hasattr check: True
2025-08-13 21:31:32,439 - ERROR - DEBUG - Error at index 0: only size-1 arrays can be converted to Python scalars
2025-08-13 21:31:32,439 - ERROR - DEBUG - Value type: <class 'numpy.ndarray'>
2025-08-13 21:31:32,439 - ERROR - DEBUG - Value: [0.014315   0.04382266 0.06973371 0.00762568 0.         0.01601901
 0.04944579 0.02074806 0.08075605 0.0201041  0.07078084 0.14991866
 0.15555923 0.0062364  0.02785356 0.01684483 0.04179695 0.
 0.00878169 0.04509861 0.02624671 0.00753394 0.01485937 0.
 0.02296751 0.00638379 0.         0.         0.         0.
 0.         0.         0.         0.         0.         0.
 0.         0.01152786 0.00102344 0.00483014 0.00282492 0.01733812
 0.00378085 0.0131287  0.02211391 0.         0.         0.
 0.        ]
2025-08-13 21:31:32,439 - WARNING - Gradient analysis failed: only size-1 arrays can be converted to Python scalars
2025-08-13 21:31:32,439 - INFO - Finding consensus (min 2 methods)...
2025-08-13 21:31:32,439 - INFO -   Consensus bottlenecks:
2025-08-13 21:31:32,439 - INFO -     - POSIX_ACCESS2_COUNT: 0.3232 (agreed by: attention, gnn_explainer)
2025-08-13 21:31:32,439 - INFO -     - POSIX_SIZE_READ_1K_10K: 0.3096 (agreed by: attention, gnn_explainer)
2025-08-13 21:31:32,439 - INFO -     - POSIX_SEQ_READS: 0.3034 (agreed by: attention, gnn_explainer)
2025-08-13 21:31:32,439 - INFO -     - POSIX_FILE_NOT_ALIGNED: 0.2962 (agreed by: attention, gnn_explainer)
2025-08-13 21:31:32,439 - INFO -     - POSIX_CONSEC_WRITES: 0.2892 (agreed by: attention, gnn_explainer)
2025-08-13 21:31:32,439 - INFO - 
============================================================
2025-08-13 21:31:32,439 - INFO - Analyzing MEDIUM performers
2025-08-13 21:31:32,439 - INFO - ============================================================
2025-08-13 21:31:32,440 - INFO - 
============================================================
2025-08-13 21:31:32,440 - INFO - Analyzing node 0
2025-08-13 21:31:32,440 - INFO - Performance: 2.3416
2025-08-13 21:31:32,445 - INFO - Extracted subgraph: 34 nodes, 877 edges
2025-08-13 21:31:32,445 - INFO - Running attention analysis...
2025-08-13 21:31:32,454 - INFO -   Top attention features:
2025-08-13 21:31:32,454 - INFO -     - POSIX_SIZE_WRITE_0_100: 0.2146
2025-08-13 21:31:32,454 - INFO -     - POSIX_SEQ_WRITES: 0.2101
2025-08-13 21:31:32,454 - INFO -     - POSIX_CONSEC_WRITES: 0.2100
2025-08-13 21:31:32,454 - INFO -     - POSIX_WRITES: 0.2095
2025-08-13 21:31:32,455 - INFO -     - POSIX_BYTES_WRITTEN: 0.1277
2025-08-13 21:31:32,455 - INFO - Running GNNExplainer...
2025-08-13 21:31:34,330 - INFO -   Top GNNExplainer features:
2025-08-13 21:31:34,330 - INFO -     - POSIX_CONSEC_WRITES: 0.5564
2025-08-13 21:31:34,330 - INFO -     - POSIX_ACCESS2_COUNT: 0.5349
2025-08-13 21:31:34,330 - INFO -     - POSIX_FILE_NOT_ALIGNED: 0.5144
2025-08-13 21:31:34,330 - INFO - Running gradient analysis...
2025-08-13 21:31:34,666 - INFO - DEBUG - importance_scores type: <class 'numpy.ndarray'>
2025-08-13 21:31:34,666 - INFO - DEBUG - importance_scores shape: (1, 49)
2025-08-13 21:31:34,666 - INFO - DEBUG - importance_scores[0] type: <class 'numpy.ndarray'>
2025-08-13 21:31:34,666 - INFO - DEBUG - hasattr check: True
2025-08-13 21:31:34,666 - ERROR - DEBUG - Error at index 0: only size-1 arrays can be converted to Python scalars
2025-08-13 21:31:34,666 - ERROR - DEBUG - Value type: <class 'numpy.ndarray'>
2025-08-13 21:31:34,666 - ERROR - DEBUG - Value: [2.9263502e-02 7.4844874e-02 1.0053579e-01 2.6034308e-03 9.8462822e-03
 2.4736783e-02 0.0000000e+00 9.6273134e-03 6.0260504e-02 2.4684429e-02
 7.9508409e-02 1.8878536e-01 6.2847294e-02 3.0106688e-02 2.5055986e-03
 9.5574092e-03 3.2529760e-02 0.0000000e+00 2.0095862e-02 3.5994239e-02
 3.7210684e-02 1.2829291e-02 1.5631728e-02 0.0000000e+00 3.2740854e-02
 1.8454973e-04 0.0000000e+00 0.0000000e+00 0.0000000e+00 0.0000000e+00
 0.0000000e+00 0.0000000e+00 0.0000000e+00 0.0000000e+00 0.0000000e+00
 0.0000000e+00 0.0000000e+00 2.1486914e-02 1.3545722e-02 7.0522153e-03
 1.4542229e-03 3.4310952e-02 3.2949504e-03 3.0445005e-03 1.8879894e-02
 0.0000000e+00 0.0000000e+00 0.0000000e+00 0.0000000e+00]
2025-08-13 21:31:34,666 - WARNING - Gradient analysis failed: only size-1 arrays can be converted to Python scalars
2025-08-13 21:31:34,666 - INFO - Finding consensus (min 2 methods)...
2025-08-13 21:31:34,667 - INFO -   Consensus bottlenecks:
2025-08-13 21:31:34,667 - INFO -     - POSIX_CONSEC_WRITES: 0.3832 (agreed by: attention, gnn_explainer)
2025-08-13 21:31:34,667 - INFO -     - POSIX_FILE_NOT_ALIGNED: 0.2713 (agreed by: attention, gnn_explainer)
2025-08-13 21:31:34,667 - INFO - 
============================================================
2025-08-13 21:31:34,667 - INFO - Analyzing node 12
2025-08-13 21:31:34,667 - INFO - Performance: 2.3622
2025-08-13 21:31:34,672 - INFO - Extracted subgraph: 112 nodes, 5335 edges
2025-08-13 21:31:34,672 - INFO - Running attention analysis...
2025-08-13 21:31:34,684 - INFO -   Top attention features:
2025-08-13 21:31:34,684 - INFO -     - POSIX_ACCESS3_COUNT: 0.2491
2025-08-13 21:31:34,684 - INFO -     - POSIX_STRIDE2_STRIDE: 0.2223
2025-08-13 21:31:34,684 - INFO -     - POSIX_BYTES_WRITTEN: 0.2217
2025-08-13 21:31:34,684 - INFO -     - POSIX_ACCESS2_COUNT: 0.1522
2025-08-13 21:31:34,684 - INFO -     - POSIX_SIZE_WRITE_100_1K: 0.0354
2025-08-13 21:31:34,684 - INFO - Running GNNExplainer...
2025-08-13 21:31:37,048 - INFO -   Top GNNExplainer features:
2025-08-13 21:31:37,048 - INFO -     - POSIX_CONSEC_WRITES: 0.5229
2025-08-13 21:31:37,049 - INFO -     - POSIX_BYTES_WRITTEN: 0.5211
2025-08-13 21:31:37,049 - INFO -     - POSIX_BYTES_READ: 0.5032
2025-08-13 21:31:37,049 - INFO - Running gradient analysis...
2025-08-13 21:31:37,474 - INFO - DEBUG - importance_scores type: <class 'numpy.ndarray'>
2025-08-13 21:31:37,474 - INFO - DEBUG - importance_scores shape: (1, 49)
2025-08-13 21:31:37,474 - INFO - DEBUG - importance_scores[0] type: <class 'numpy.ndarray'>
2025-08-13 21:31:37,474 - INFO - DEBUG - hasattr check: True
2025-08-13 21:31:37,474 - ERROR - DEBUG - Error at index 0: only size-1 arrays can be converted to Python scalars
2025-08-13 21:31:37,474 - ERROR - DEBUG - Value type: <class 'numpy.ndarray'>
2025-08-13 21:31:37,475 - ERROR - DEBUG - Value: [5.8265459e-03 4.0301353e-02 1.1234318e-01 9.0700155e-03 6.1429488e-03
 2.9510723e-02 6.8941832e-02 2.1005295e-02 4.8036713e-02 9.8818233e-03
 5.3885974e-02 1.3524388e-01 2.0813145e-01 1.5101352e-02 6.8643764e-03
 7.0383614e-03 2.1886786e-02 6.7705191e-03 8.4154471e-04 4.4863213e-02
 2.6540877e-02 2.5430005e-03 2.9488087e-03 0.0000000e+00 9.6813431e-03
 4.6220333e-03 2.2864558e-03 0.0000000e+00 0.0000000e+00 2.0062922e-02
 3.2296944e-02 4.4871136e-04 1.6941301e-03 5.6785592e-03 8.8157231e-04
 3.0689072e-05 3.7680691e-04 5.5333604e-03 1.5561443e-04 2.3722027e-03
 1.7750497e-03 1.2222390e-02 2.0190827e-03 1.8126048e-03 1.2328926e-02
 0.0000000e+00 0.0000000e+00 0.0000000e+00 0.0000000e+00]
2025-08-13 21:31:37,475 - WARNING - Gradient analysis failed: only size-1 arrays can be converted to Python scalars
2025-08-13 21:31:37,475 - INFO - Finding consensus (min 2 methods)...
2025-08-13 21:31:37,475 - INFO -   Consensus bottlenecks:
2025-08-13 21:31:37,475 - INFO -     - POSIX_BYTES_WRITTEN: 0.3714 (agreed by: attention, gnn_explainer)
2025-08-13 21:31:37,475 - INFO - 
============================================================
2025-08-13 21:31:37,475 - INFO - Analyzing node 13
2025-08-13 21:31:37,475 - INFO - Performance: 1.4532
2025-08-13 21:31:37,480 - INFO - Extracted subgraph: 185 nodes, 8041 edges
2025-08-13 21:31:37,481 - INFO - Running attention analysis...
2025-08-13 21:31:37,494 - INFO -   Top attention features:
2025-08-13 21:31:37,494 - INFO -     - POSIX_ACCESS3_COUNT: 0.4038
2025-08-13 21:31:37,494 - INFO -     - POSIX_ACCESS4_COUNT: 0.2974
2025-08-13 21:31:37,494 - INFO -     - POSIX_ACCESS2_COUNT: 0.0929
2025-08-13 21:31:37,494 - INFO -     - POSIX_MEM_NOT_ALIGNED: 0.0642
2025-08-13 21:31:37,494 - INFO -     - POSIX_ACCESS1_COUNT: 0.0376
2025-08-13 21:31:37,494 - INFO - Running GNNExplainer...
2025-08-13 21:31:40,404 - INFO -   Top GNNExplainer features:
2025-08-13 21:31:40,404 - INFO -     - POSIX_FILENOS: 0.5814
2025-08-13 21:31:40,404 - INFO -     - POSIX_SIZE_WRITE_1K_10K: 0.5628
2025-08-13 21:31:40,404 - INFO -     - POSIX_BYTES_WRITTEN: 0.5602
2025-08-13 21:31:40,404 - INFO -     - POSIX_ACCESS4_ACCESS: 0.5560
2025-08-13 21:31:40,404 - INFO -     - POSIX_BYTES_READ: 0.5314
2025-08-13 21:31:40,404 - INFO - Running gradient analysis...
2025-08-13 21:31:40,942 - INFO - DEBUG - importance_scores type: <class 'numpy.ndarray'>
2025-08-13 21:31:40,942 - INFO - DEBUG - importance_scores shape: (1, 49)
2025-08-13 21:31:40,942 - INFO - DEBUG - importance_scores[0] type: <class 'numpy.ndarray'>
2025-08-13 21:31:40,942 - INFO - DEBUG - hasattr check: True
2025-08-13 21:31:40,942 - ERROR - DEBUG - Error at index 0: only size-1 arrays can be converted to Python scalars
2025-08-13 21:31:40,942 - ERROR - DEBUG - Value type: <class 'numpy.ndarray'>
2025-08-13 21:31:40,943 - ERROR - DEBUG - Value: [0.00272071 0.11375796 0.11204198 0.00549188 0.04621161 0.03288054
 0.05784293 0.007696   0.06291249 0.         0.         0.11921893
 0.20756067 0.01066126 0.00452145 0.01168468 0.00977907 0.
 0.0161757  0.06270507 0.00458806 0.         0.01045146 0.
 0.00842581 0.00407009 0.00317335 0.00403482 0.         0.
 0.         0.         0.         0.         0.         0.
 0.         0.01567138 0.00978496 0.00489355 0.01619513 0.00125002
 0.0240649  0.00180481 0.00772872 0.         0.         0.
 0.        ]
2025-08-13 21:31:40,943 - WARNING - Gradient analysis failed: only size-1 arrays can be converted to Python scalars
2025-08-13 21:31:40,943 - INFO - Finding consensus (min 2 methods)...
2025-08-13 21:31:40,943 - INFO -   Consensus bottlenecks:
2025-08-13 21:31:40,943 - INFO -     - POSIX_ACCESS4_COUNT: 0.4079 (agreed by: attention, gnn_explainer)
2025-08-13 21:31:40,943 - INFO - 
============================================================
2025-08-13 21:31:40,943 - INFO - Analyzing node 30
2025-08-13 21:31:40,943 - INFO - Performance: 2.0893
2025-08-13 21:31:40,948 - INFO - Extracted subgraph: 101 nodes, 4292 edges
2025-08-13 21:31:40,949 - INFO - Running attention analysis...
2025-08-13 21:31:40,959 - INFO -   Top attention features:
2025-08-13 21:31:40,959 - INFO -     - POSIX_BYTES_WRITTEN: 1.0000
2025-08-13 21:31:40,959 - INFO - Running GNNExplainer...
2025-08-13 21:31:43,195 - INFO -   Top GNNExplainer features:
2025-08-13 21:31:43,195 - INFO -     - POSIX_SIZE_READ_1K_10K: 0.5994
2025-08-13 21:31:43,195 - INFO -     - POSIX_ACCESS4_COUNT: 0.5743
2025-08-13 21:31:43,195 - INFO -     - POSIX_READS: 0.5487
2025-08-13 21:31:43,195 - INFO -     - POSIX_ACCESS4_ACCESS: 0.5465
2025-08-13 21:31:43,195 - INFO -     - POSIX_STATS: 0.5389
2025-08-13 21:31:43,195 - INFO - Running gradient analysis...
2025-08-13 21:31:43,591 - INFO - DEBUG - importance_scores type: <class 'numpy.ndarray'>
2025-08-13 21:31:43,591 - INFO - DEBUG - importance_scores shape: (1, 49)
2025-08-13 21:31:43,591 - INFO - DEBUG - importance_scores[0] type: <class 'numpy.ndarray'>
2025-08-13 21:31:43,591 - INFO - DEBUG - hasattr check: True
2025-08-13 21:31:43,591 - ERROR - DEBUG - Error at index 0: only size-1 arrays can be converted to Python scalars
2025-08-13 21:31:43,591 - ERROR - DEBUG - Value type: <class 'numpy.ndarray'>
2025-08-13 21:31:43,592 - ERROR - DEBUG - Value: [0.02974676 0.0757903  0.09731251 0.00245029 0.00970952 0.02436109
 0.         0.00614113 0.05942354 0.0240135  0.07962172 0.19378826
 0.06359908 0.03365002 0.00092717 0.00915399 0.0327665  0.
 0.02287018 0.03569043 0.03517451 0.01208117 0.0181076  0.
 0.03126123 0.00068443 0.         0.         0.         0.
 0.         0.         0.         0.         0.         0.
 0.         0.01970641 0.01597545 0.01018986 0.00107817 0.03405879
 0.00273701 0.00209015 0.01583926 0.         0.         0.
 0.        ]
2025-08-13 21:31:43,592 - WARNING - Gradient analysis failed: only size-1 arrays can be converted to Python scalars
2025-08-13 21:31:43,592 - INFO - Finding consensus (min 2 methods)...
2025-08-13 21:31:43,592 - INFO - 
============================================================
2025-08-13 21:31:43,592 - INFO - Analyzing node 46
2025-08-13 21:31:43,592 - INFO - Performance: 1.4780
2025-08-13 21:31:43,597 - INFO - Extracted subgraph: 1 nodes, 0 edges
2025-08-13 21:31:43,598 - INFO - Running attention analysis...
2025-08-13 21:31:43,606 - INFO - Running GNNExplainer...
2025-08-13 21:31:45,276 - INFO -   Top GNNExplainer features:
2025-08-13 21:31:45,277 - INFO -     - POSIX_WRITES: 0.5577
2025-08-13 21:31:45,277 - INFO -     - POSIX_MEM_ALIGNMENT: 0.5541
2025-08-13 21:31:45,277 - INFO -     - POSIX_SIZE_WRITE_10K_100K: 0.5517
2025-08-13 21:31:45,277 - INFO -     - POSIX_ACCESS1_ACCESS: 0.5409
2025-08-13 21:31:45,277 - INFO -     - POSIX_SIZE_WRITE_100_1K: 0.5273
2025-08-13 21:31:45,277 - INFO - Running gradient analysis...
2025-08-13 21:31:45,593 - INFO - DEBUG - importance_scores type: <class 'numpy.ndarray'>
2025-08-13 21:31:45,593 - INFO - DEBUG - importance_scores shape: (1, 49)
2025-08-13 21:31:45,593 - INFO - DEBUG - importance_scores[0] type: <class 'numpy.ndarray'>
2025-08-13 21:31:45,593 - INFO - DEBUG - hasattr check: True
2025-08-13 21:31:45,593 - ERROR - DEBUG - Error at index 0: only size-1 arrays can be converted to Python scalars
2025-08-13 21:31:45,593 - ERROR - DEBUG - Value type: <class 'numpy.ndarray'>
2025-08-13 21:31:45,594 - ERROR - DEBUG - Value: [0.02704936 0.00380612 0.16791777 0.00081643 0.         0.04067998
 0.05415501 0.04966269 0.02959541 0.00047977 0.02019105 0.08357706
 0.15287575 0.01359487 0.01979982 0.03315328 0.01497037 0.00921353
 0.         0.01092681 0.00907646 0.01457457 0.02768073 0.
 0.01025319 0.0087493  0.00194746 0.00933054 0.         0.00897363
 0.02205028 0.         0.         0.03265594 0.00380474 0.
 0.         0.04994795 0.00408483 0.0052883  0.00772058 0.00096627
 0.02781359 0.0179592  0.00465741 0.         0.         0.
 0.        ]
2025-08-13 21:31:45,594 - WARNING - Gradient analysis failed: only size-1 arrays can be converted to Python scalars
2025-08-13 21:31:45,594 - INFO - Finding consensus (min 2 methods)...
2025-08-13 21:31:45,594 - INFO - 
============================================================
2025-08-13 21:31:45,594 - INFO - Analyzing GOOD performers
2025-08-13 21:31:45,594 - INFO - ============================================================
2025-08-13 21:31:45,594 - INFO - 
============================================================
2025-08-13 21:31:45,594 - INFO - Analyzing node 15
2025-08-13 21:31:45,594 - INFO - Performance: 3.5475
2025-08-13 21:31:45,600 - INFO - Extracted subgraph: 112 nodes, 5582 edges
2025-08-13 21:31:45,601 - INFO - Running attention analysis...
2025-08-13 21:31:45,613 - INFO -   Top attention features:
2025-08-13 21:31:45,614 - INFO -     - POSIX_ACCESS3_COUNT: 0.2619
2025-08-13 21:31:45,614 - INFO -     - POSIX_ACCESS2_COUNT: 0.2463
2025-08-13 21:31:45,614 - INFO -     - POSIX_SIZE_WRITE_100_1K: 0.1709
2025-08-13 21:31:45,614 - INFO -     - POSIX_SIZE_WRITE_100K_1M: 0.0832
2025-08-13 21:31:45,614 - INFO -     - POSIX_ACCESS1_COUNT: 0.0530
2025-08-13 21:31:45,614 - INFO - Running GNNExplainer...
2025-08-13 21:31:48,015 - INFO - Running gradient analysis...
2025-08-13 21:31:48,446 - INFO - DEBUG - importance_scores type: <class 'numpy.ndarray'>
2025-08-13 21:31:48,446 - INFO - DEBUG - importance_scores shape: (1, 49)
2025-08-13 21:31:48,446 - INFO - DEBUG - importance_scores[0] type: <class 'numpy.ndarray'>
2025-08-13 21:31:48,446 - INFO - DEBUG - hasattr check: True
2025-08-13 21:31:48,446 - ERROR - DEBUG - Error at index 0: only size-1 arrays can be converted to Python scalars
2025-08-13 21:31:48,446 - ERROR - DEBUG - Value type: <class 'numpy.ndarray'>
2025-08-13 21:31:48,447 - ERROR - DEBUG - Value: [0.01724849 0.05504179 0.10850317 0.01304911 0.0042226  0.02745534
 0.04694109 0.01838521 0.09154178 0.02854319 0.07553384 0.13543476
 0.17055957 0.00789322 0.03246551 0.00080411 0.00912555 0.00581201
 0.01067157 0.00888552 0.01656985 0.00232724 0.00803124 0.
 0.02599702 0.00231827 0.00030694 0.         0.03493235 0.01119482
 0.         0.         0.         0.00296795 0.         0.
 0.         0.00813894 0.00026337 0.00611427 0.00493975 0.00343482
 0.00157306 0.00035791 0.00241473 0.         0.         0.
 0.        ]
2025-08-13 21:31:48,447 - WARNING - Gradient analysis failed: only size-1 arrays can be converted to Python scalars
2025-08-13 21:31:48,447 - INFO - Finding consensus (min 2 methods)...
2025-08-13 21:31:48,447 - INFO - 
============================================================
2025-08-13 21:31:48,447 - INFO - Analyzing node 19
2025-08-13 21:31:48,447 - INFO - Performance: 2.5808
2025-08-13 21:31:48,452 - INFO - Extracted subgraph: 141 nodes, 4911 edges
2025-08-13 21:31:48,453 - INFO - Running attention analysis...
2025-08-13 21:31:48,464 - INFO -   Top attention features:
2025-08-13 21:31:48,464 - INFO -     - POSIX_ACCESS1_COUNT: 0.0683
2025-08-13 21:31:48,464 - INFO -     - POSIX_BYTES_WRITTEN: 0.0518
2025-08-13 21:31:48,464 - INFO -     - POSIX_SIZE_WRITE_100_1K: 0.0494
2025-08-13 21:31:48,464 - INFO -     - POSIX_SIZE_WRITE_0_100: 0.0477
2025-08-13 21:31:48,464 - INFO -     - POSIX_CONSEC_WRITES: 0.0466
2025-08-13 21:31:48,464 - INFO - Running GNNExplainer...
2025-08-13 21:31:50,833 - INFO -   Top GNNExplainer features:
2025-08-13 21:31:50,833 - INFO -     - POSIX_ACCESS1_ACCESS: 0.5467
2025-08-13 21:31:50,833 - INFO -     - POSIX_ACCESS1_COUNT: 0.5410
2025-08-13 21:31:50,833 - INFO -     - POSIX_CONSEC_READS: 0.5353
2025-08-13 21:31:50,833 - INFO -     - POSIX_ACCESS3_COUNT: 0.5296
2025-08-13 21:31:50,833 - INFO -     - POSIX_ACCESS4_COUNT: 0.5280
2025-08-13 21:31:50,833 - INFO - Running gradient analysis...
2025-08-13 21:31:51,261 - INFO - DEBUG - importance_scores type: <class 'numpy.ndarray'>
2025-08-13 21:31:51,261 - INFO - DEBUG - importance_scores shape: (1, 49)
2025-08-13 21:31:51,261 - INFO - DEBUG - importance_scores[0] type: <class 'numpy.ndarray'>
2025-08-13 21:31:51,261 - INFO - DEBUG - hasattr check: True
2025-08-13 21:31:51,261 - ERROR - DEBUG - Error at index 0: only size-1 arrays can be converted to Python scalars
2025-08-13 21:31:51,262 - ERROR - DEBUG - Value type: <class 'numpy.ndarray'>
2025-08-13 21:31:51,262 - ERROR - DEBUG - Value: [0.04868319 0.09042574 0.09090819 0.00066898 0.02731323 0.01950187
 0.01334399 0.01081943 0.07804331 0.04016876 0.07386998 0.07080891
 0.1276477  0.00634931 0.01971713 0.01357858 0.05030995 0.
 0.00494068 0.03819951 0.00019413 0.03334798 0.01627303 0.
 0.01192298 0.00014663 0.         0.         0.         0.
 0.         0.         0.         0.         0.         0.
 0.         0.00093225 0.00192069 0.00477606 0.00101545 0.01876955
 0.0353969  0.00839281 0.04161306 0.         0.         0.
 0.        ]
2025-08-13 21:31:51,262 - WARNING - Gradient analysis failed: only size-1 arrays can be converted to Python scalars
2025-08-13 21:31:51,262 - INFO - Finding consensus (min 2 methods)...
2025-08-13 21:31:51,262 - INFO -   Consensus bottlenecks:
2025-08-13 21:31:51,262 - INFO -     - POSIX_ACCESS1_COUNT: 0.3047 (agreed by: attention, gnn_explainer)
2025-08-13 21:31:51,262 - INFO -     - POSIX_CONSEC_READS: 0.2871 (agreed by: attention, gnn_explainer)
2025-08-13 21:31:51,262 - INFO -     - nprocs: 0.2844 (agreed by: attention, gnn_explainer)
2025-08-13 21:31:51,262 - INFO -     - POSIX_SIZE_READ_0_100: 0.2787 (agreed by: attention, gnn_explainer)
2025-08-13 21:31:51,262 - INFO -     - POSIX_ACCESS3_COUNT: 0.2781 (agreed by: attention, gnn_explainer)
2025-08-13 21:31:51,262 - INFO - 
============================================================
2025-08-13 21:31:51,262 - INFO - Analyzing node 43
2025-08-13 21:31:51,262 - INFO - Performance: 2.8307
2025-08-13 21:31:51,268 - INFO - Extracted subgraph: 1 nodes, 0 edges
2025-08-13 21:31:51,268 - INFO - Running attention analysis...
2025-08-13 21:31:51,275 - INFO - Running GNNExplainer...
2025-08-13 21:31:52,947 - INFO -   Top GNNExplainer features:
2025-08-13 21:31:52,947 - INFO -     - POSIX_ACCESS1_ACCESS: 0.5766
2025-08-13 21:31:52,948 - INFO -     - POSIX_STRIDE2_COUNT: 0.5562
2025-08-13 21:31:52,948 - INFO -     - POSIX_READS: 0.5499
2025-08-13 21:31:52,948 - INFO -     - POSIX_BYTES_READ: 0.5380
2025-08-13 21:31:52,948 - INFO -     - POSIX_CONSEC_READS: 0.5341
2025-08-13 21:31:52,948 - INFO - Running gradient analysis...
2025-08-13 21:31:53,261 - INFO - DEBUG - importance_scores type: <class 'numpy.ndarray'>
2025-08-13 21:31:53,261 - INFO - DEBUG - importance_scores shape: (1, 49)
2025-08-13 21:31:53,261 - INFO - DEBUG - importance_scores[0] type: <class 'numpy.ndarray'>
2025-08-13 21:31:53,261 - INFO - DEBUG - hasattr check: True
2025-08-13 21:31:53,261 - ERROR - DEBUG - Error at index 0: only size-1 arrays can be converted to Python scalars
2025-08-13 21:31:53,261 - ERROR - DEBUG - Value type: <class 'numpy.ndarray'>
2025-08-13 21:31:53,262 - ERROR - DEBUG - Value: [0.00485298 0.02699435 0.10346636 0.01689077 0.03385349 0.02651015
 0.00417468 0.0175155  0.03970649 0.02138168 0.01787858 0.15509379
 0.04971008 0.008235   0.03099765 0.00944583 0.03438665 0.
 0.02456901 0.02681085 0.04428657 0.00923903 0.02804349 0.0167487
 0.02723729 0.02165069 0.01003409 0.00152137 0.00680258 0.00149514
 0.04946635 0.03195129 0.00288597 0.00060395 0.01183002 0.01405405
 0.00354766 0.00620675 0.0338635  0.00251936 0.00248634 0.00497213
 0.00435957 0.00082175 0.01089845 0.         0.         0.
 0.        ]
2025-08-13 21:31:53,262 - WARNING - Gradient analysis failed: only size-1 arrays can be converted to Python scalars
2025-08-13 21:31:53,262 - INFO - Finding consensus (min 2 methods)...
2025-08-13 21:31:53,262 - INFO - 
============================================================
2025-08-13 21:31:53,262 - INFO - Analyzing node 56
2025-08-13 21:31:53,262 - INFO - Performance: 3.1380
2025-08-13 21:31:53,268 - INFO - Extracted subgraph: 1 nodes, 0 edges
2025-08-13 21:31:53,268 - INFO - Running attention analysis...
2025-08-13 21:31:53,275 - INFO - Running GNNExplainer...
2025-08-13 21:31:54,937 - INFO -   Top GNNExplainer features:
2025-08-13 21:31:54,937 - INFO -     - POSIX_STRIDE3_COUNT: 0.5359
2025-08-13 21:31:54,937 - INFO -     - POSIX_ACCESS1_COUNT: 0.5333
2025-08-13 21:31:54,937 - INFO -     - POSIX_SIZE_WRITE_100K_1M: 0.5332
2025-08-13 21:31:54,937 - INFO -     - POSIX_SIZE_WRITE_10K_100K: 0.5315
2025-08-13 21:31:54,937 - INFO -     - POSIX_MEM_ALIGNMENT: 0.5298
2025-08-13 21:31:54,937 - INFO - Running gradient analysis...
2025-08-13 21:31:55,254 - INFO - DEBUG - importance_scores type: <class 'numpy.ndarray'>
2025-08-13 21:31:55,254 - INFO - DEBUG - importance_scores shape: (1, 49)
2025-08-13 21:31:55,254 - INFO - DEBUG - importance_scores[0] type: <class 'numpy.ndarray'>
2025-08-13 21:31:55,254 - INFO - DEBUG - hasattr check: True
2025-08-13 21:31:55,254 - ERROR - DEBUG - Error at index 0: only size-1 arrays can be converted to Python scalars
2025-08-13 21:31:55,254 - ERROR - DEBUG - Value type: <class 'numpy.ndarray'>
2025-08-13 21:31:55,255 - ERROR - DEBUG - Value: [8.63878429e-03 4.44169752e-02 8.54068995e-02 1.75474100e-02
 1.97596531e-02 2.32790429e-02 2.31282245e-02 9.23536532e-03
 4.35942039e-02 2.02765781e-02 1.45335030e-02 1.41229600e-01
 2.50686184e-02 3.35487770e-03 3.91826406e-02 2.07593665e-02
 3.67197730e-02 0.00000000e+00 3.05215642e-02 2.12725718e-02
 5.10390922e-02 3.37623991e-03 3.43110114e-02 1.44447992e-02
 3.87723260e-02 2.65850928e-02 9.85148549e-03 1.12225971e-04
 9.97895654e-03 1.17038665e-02 5.38738184e-02 2.60951705e-02
 6.85826468e-04 1.30767992e-03 8.86360591e-04 2.84120645e-02
 4.66317451e-03 6.10094471e-03 2.69681960e-02 2.21910630e-03
 4.58988943e-04 7.67842773e-03 9.63017752e-04 2.55933101e-03
 9.02715418e-03 0.00000000e+00 0.00000000e+00 0.00000000e+00
 0.00000000e+00]
2025-08-13 21:31:55,255 - WARNING - Gradient analysis failed: only size-1 arrays can be converted to Python scalars
2025-08-13 21:31:55,255 - INFO - Finding consensus (min 2 methods)...
2025-08-13 21:31:55,255 - INFO - 
============================================================
2025-08-13 21:31:55,255 - INFO - Analyzing node 86
2025-08-13 21:31:55,255 - INFO - Performance: 2.8873
2025-08-13 21:31:55,261 - INFO - Extracted subgraph: 96 nodes, 4242 edges
2025-08-13 21:31:55,262 - INFO - Running attention analysis...
2025-08-13 21:31:55,273 - INFO - Running GNNExplainer...
2025-08-13 21:31:57,494 - INFO -   Top GNNExplainer features:
2025-08-13 21:31:57,495 - INFO -     - POSIX_FILE_NOT_ALIGNED: 0.6063
2025-08-13 21:31:57,495 - INFO -     - POSIX_SEQ_READS: 0.5988
2025-08-13 21:31:57,495 - INFO -     - POSIX_STRIDE2_COUNT: 0.5828
2025-08-13 21:31:57,495 - INFO -     - POSIX_SEEKS: 0.5711
2025-08-13 21:31:57,495 - INFO -     - POSIX_SIZE_WRITE_0_100: 0.5671
2025-08-13 21:31:57,495 - INFO - Running gradient analysis...
2025-08-13 21:31:57,882 - INFO - DEBUG - importance_scores type: <class 'numpy.ndarray'>
2025-08-13 21:31:57,882 - INFO - DEBUG - importance_scores shape: (1, 49)
2025-08-13 21:31:57,882 - INFO - DEBUG - importance_scores[0] type: <class 'numpy.ndarray'>
2025-08-13 21:31:57,882 - INFO - DEBUG - hasattr check: True
2025-08-13 21:31:57,882 - ERROR - DEBUG - Error at index 0: only size-1 arrays can be converted to Python scalars
2025-08-13 21:31:57,882 - ERROR - DEBUG - Value type: <class 'numpy.ndarray'>
2025-08-13 21:31:57,883 - ERROR - DEBUG - Value: [2.9079600e-03 4.1312736e-02 9.7712889e-02 1.1178085e-02 6.7501981e-03
 3.4674503e-02 2.6805172e-02 1.8330948e-02 3.8148329e-02 1.5812127e-02
 3.2092221e-02 2.5552291e-01 5.9707597e-02 2.2318535e-02 3.8694830e-03
 5.5225408e-03 1.9245576e-02 0.0000000e+00 1.1507404e-02 2.7749246e-02
 2.2387786e-02 1.3322363e-03 6.3804337e-03 1.6718585e-02 5.6490762e-04
 1.9071044e-02 1.9742675e-02 1.1353782e-04 9.5496438e-03 1.7274002e-02
 5.7524495e-02 1.2580225e-04 2.6105143e-02 2.0644227e-04 1.0179785e-02
 9.5415851e-03 3.9272914e-03 8.7533416e-03 1.7352026e-02 2.3132726e-03
 2.1059806e-03 6.5972144e-03 1.6612583e-03 6.0852087e-04 8.6944923e-03
 0.0000000e+00 0.0000000e+00 0.0000000e+00 0.0000000e+00]
2025-08-13 21:31:57,883 - WARNING - Gradient analysis failed: only size-1 arrays can be converted to Python scalars
2025-08-13 21:31:57,883 - INFO - Finding consensus (min 2 methods)...
2025-08-13 21:31:57,894 - INFO - 
Results saved to analysis/results/interpretability_test_results.json
2025-08-13 21:31:57,894 - INFO - 
============================================================
2025-08-13 21:31:57,894 - INFO - ANALYSIS SUMMARY
2025-08-13 21:31:57,894 - INFO - ============================================================
2025-08-13 21:31:57,894 - INFO - 
POOR Performers:
2025-08-13 21:31:57,894 - INFO -   Node 25: POSIX_MEM_NOT_ALIGNED (0.413)
2025-08-13 21:31:57,894 - INFO -   Node 25: POSIX_ACCESS2_COUNT (0.286)
2025-08-13 21:31:57,894 - INFO -   Node 25: POSIX_SEQ_READS (0.283)
2025-08-13 21:31:57,894 - INFO -   Node 38: POSIX_BYTES_READ (0.275)
2025-08-13 21:31:57,894 - INFO -   Node 61: POSIX_BYTES_WRITTEN (0.298)
2025-08-13 21:31:57,894 - INFO -   Node 61: POSIX_ACCESS2_COUNT (0.295)
2025-08-13 21:31:57,894 - INFO -   Node 61: POSIX_SIZE_READ_1K_10K (0.294)
2025-08-13 21:31:57,894 - INFO -   Node 62: POSIX_CONSEC_READS (0.297)
2025-08-13 21:31:57,894 - INFO -   Node 62: POSIX_SEEKS (0.292)
2025-08-13 21:31:57,894 - INFO -   Node 62: POSIX_CONSEC_WRITES (0.289)
2025-08-13 21:31:57,894 - INFO -   Node 70: POSIX_ACCESS2_COUNT (0.323)
2025-08-13 21:31:57,894 - INFO -   Node 70: POSIX_SIZE_READ_1K_10K (0.310)
2025-08-13 21:31:57,894 - INFO -   Node 70: POSIX_SEQ_READS (0.303)
2025-08-13 21:31:57,894 - INFO - 
MEDIUM Performers:
2025-08-13 21:31:57,894 - INFO -   Node 0: POSIX_CONSEC_WRITES (0.383)
2025-08-13 21:31:57,894 - INFO -   Node 0: POSIX_FILE_NOT_ALIGNED (0.271)
2025-08-13 21:31:57,894 - INFO -   Node 12: POSIX_BYTES_WRITTEN (0.371)
2025-08-13 21:31:57,894 - INFO -   Node 13: POSIX_ACCESS4_COUNT (0.408)
2025-08-13 21:31:57,894 - INFO - 
GOOD Performers:
2025-08-13 21:31:57,894 - INFO -   Node 19: POSIX_ACCESS1_COUNT (0.305)
2025-08-13 21:31:57,894 - INFO -   Node 19: POSIX_CONSEC_READS (0.287)
2025-08-13 21:31:57,894 - INFO -   Node 19: nprocs (0.284)
2025-08-13 21:31:57,894 - INFO - 
============================================================
2025-08-13 21:31:57,894 - INFO - COMMON PATTERNS
2025-08-13 21:31:57,894 - INFO - ============================================================
2025-08-13 21:31:57,895 - INFO -   POSIX_MEM_NOT_ALIGNED: Appears in 1 nodes (avg score: 0.413)
2025-08-13 21:31:57,895 - INFO -   POSIX_ACCESS2_COUNT: Appears in 3 nodes (avg score: 0.302)
2025-08-13 21:31:57,895 - INFO -   POSIX_SEQ_READS: Appears in 2 nodes (avg score: 0.293)
2025-08-13 21:31:57,895 - INFO -   POSIX_BYTES_READ: Appears in 1 nodes (avg score: 0.275)
2025-08-13 21:31:57,895 - INFO -   POSIX_BYTES_WRITTEN: Appears in 2 nodes (avg score: 0.334)
2025-08-13 21:31:57,895 - INFO -   POSIX_SIZE_READ_1K_10K: Appears in 2 nodes (avg score: 0.302)
2025-08-13 21:31:57,895 - INFO -   POSIX_CONSEC_READS: Appears in 2 nodes (avg score: 0.292)
2025-08-13 21:31:57,895 - INFO -   POSIX_SEEKS: Appears in 1 nodes (avg score: 0.292)
2025-08-13 21:31:57,895 - INFO -   POSIX_CONSEC_WRITES: Appears in 2 nodes (avg score: 0.336)
2025-08-13 21:31:57,895 - INFO - 
Test complete!
