2025-08-13 20:43:30,664 - INFO - Loading config from /work/hdd/bdau/mbanisharifdehkordi/GNN_4_IO_5/configs/gat_config4.yaml
2025-08-13 20:43:30,709 - INFO - Using device: cuda
2025-08-13 20:43:30,709 - INFO - Using dtype: torch.float32
2025-08-13 20:43:30,709 - INFO - Loading model...
2025-08-13 20:43:33,797 - INFO - Checkpoint keys: dict_keys(['epoch', 'model_state_dict', 'optimizer_state_dict', 'val_rmse', 'history'])
2025-08-13 20:43:33,797 - INFO - Using model config from config file
2025-08-13 20:43:33,797 - INFO - Detected 49 input features from checkpoint
2025-08-13 20:43:33,797 - INFO - Detected pre-augmented features in checkpoint (49), disabling feature_augmentation for model creation
2025-08-13 20:43:33,797 - INFO - Creating model with config: {'num_features': 49, 'model_type': 'standard', 'hidden_channels': 320, 'num_layers': 3, 'heads': [12, 8, 2], 'dropout': 0.1, 'residual': True, 'layer_norm': True, 'feature_augmentation': False, 'dtype': torch.float32, 'edge_dim': 1, 'pool_type': 'mean'}
2025-08-13 20:43:34,132 - INFO - Model loaded successfully from /work/hdd/bdau/mbanisharifdehkordi/GNN_4_IO_5/experiments/gat_exp_20250813_020454/checkpoints/best_model.pt
2025-08-13 20:43:34,132 - INFO - Loading data...
2025-08-13 20:43:34,132 - INFO - Loading dataset with args: {'root': './data/processed', 'similarity_pt_path': '/work/hdd/bdau/mbanisharifdehkordi/GNN_4_IO_5/data/1M/similarity_output_0.75/similarity_graph_20250812_043913.pt', 'similarity_npz_path': '/work/hdd/bdau/mbanisharifdehkordi/GNN_4_IO_5/data/1M/similarity_output_0.75/similarity_graph_20250812_043913.npz', 'features_csv_path': '/work/hdd/bdau/mbanisharifdehkordi/GNN_4_IO_5/data/1M/aiio_sample_1000000_normalized.csv', 'use_edge_weights': True, 'dtype': torch.float32, 'lazy_load': True}
2025-08-13 20:43:36,106 - INFO - Data loaded: 1,000,000 nodes, 50,000,000 edges
2025-08-13 20:43:36,106 - INFO - Feature shape: torch.Size([1000000, 45])
2025-08-13 20:43:36,106 - INFO - Target shape: torch.Size([1000000, 1])
2025-08-13 20:43:36,106 - WARNING - Feature mismatch: Model expects 49, but data has 45
2025-08-13 20:43:36,106 - INFO - Creating data splits from config
2025-08-13 20:43:36,647 - INFO - Data splits - Train: 600,000, Val: 200,000, Test: 200,000
2025-08-13 20:43:36,656 - INFO - Adding placeholder features from 45 to 49
2025-08-13 20:43:36,704 - INFO - Features augmented to shape: torch.Size([1000000, 49])
2025-08-13 20:43:36,803 - INFO - Using 49 feature names
2025-08-13 20:43:36,803 - INFO - Initializing analyzers...
2025-08-13 20:43:37,176 - INFO - Selected test nodes:
2025-08-13 20:43:37,176 - INFO -   Poor performers (<1.05): 5 nodes
2025-08-13 20:43:37,176 - INFO -   Medium performers: 5 nodes
2025-08-13 20:43:37,176 - INFO -   Good performers (>2.57): 5 nodes
2025-08-13 20:43:37,176 - INFO - 
============================================================
2025-08-13 20:43:37,176 - INFO - Analyzing POOR performers
2025-08-13 20:43:37,176 - INFO - ============================================================
2025-08-13 20:43:37,176 - INFO - 
============================================================
2025-08-13 20:43:37,176 - INFO - Analyzing node 25
2025-08-13 20:43:37,178 - INFO - Performance: 0.3631
2025-08-13 20:43:37,242 - INFO - Extracted subgraph: 105 nodes, 4175 edges
2025-08-13 20:43:37,243 - INFO - Running attention analysis...
2025-08-13 20:43:37,520 - WARNING - Attention analysis failed: non-broadcastable output operand with shape (49,) doesn't match the broadcast shape (1,49)
2025-08-13 20:43:37,520 - INFO - Running GNNExplainer...
2025-08-13 20:43:40,152 - INFO -   Top GNNExplainer features:
2025-08-13 20:43:40,152 - INFO -     - POSIX_SIZE_READ_0_100: 0.5879
2025-08-13 20:43:40,152 - INFO -     - POSIX_ACCESS2_COUNT: 0.5593
2025-08-13 20:43:40,152 - INFO -     - POSIX_FILE_NOT_ALIGNED: 0.5557
2025-08-13 20:43:40,152 - INFO -     - POSIX_OPENS: 0.5533
2025-08-13 20:43:40,152 - INFO -     - POSIX_SEQ_READS: 0.5438
2025-08-13 20:43:40,152 - INFO - Running gradient analysis...
2025-08-13 20:43:40,561 - WARNING - Gradient analysis failed: only size-1 arrays can be converted to Python scalars
2025-08-13 20:43:40,561 - INFO - Finding consensus (min 2 methods)...
2025-08-13 20:43:40,561 - INFO - 
============================================================
2025-08-13 20:43:40,561 - INFO - Analyzing node 38
2025-08-13 20:43:40,561 - INFO - Performance: 0.8760
2025-08-13 20:43:40,567 - INFO - Extracted subgraph: 79 nodes, 2565 edges
2025-08-13 20:43:40,567 - INFO - Running attention analysis...
2025-08-13 20:43:40,575 - WARNING - Attention analysis failed: non-broadcastable output operand with shape (49,) doesn't match the broadcast shape (1,49)
2025-08-13 20:43:40,575 - INFO - Running GNNExplainer...
2025-08-13 20:43:42,713 - INFO -   Top GNNExplainer features:
2025-08-13 20:43:42,713 - INFO -     - POSIX_BYTES_READ: 0.5359
2025-08-13 20:43:42,713 - INFO - Running gradient analysis...
2025-08-13 20:43:43,078 - WARNING - Gradient analysis failed: only size-1 arrays can be converted to Python scalars
2025-08-13 20:43:43,078 - INFO - Finding consensus (min 2 methods)...
2025-08-13 20:43:43,078 - INFO - 
============================================================
2025-08-13 20:43:43,079 - INFO - Analyzing node 61
2025-08-13 20:43:43,079 - INFO - Performance: 0.6283
2025-08-13 20:43:43,084 - INFO - Extracted subgraph: 272 nodes, 8071 edges
2025-08-13 20:43:43,084 - INFO - Running attention analysis...
2025-08-13 20:43:43,096 - WARNING - Attention analysis failed: non-broadcastable output operand with shape (49,) doesn't match the broadcast shape (1,49)
2025-08-13 20:43:43,096 - INFO - Running GNNExplainer...
2025-08-13 20:43:46,220 - INFO -   Top GNNExplainer features:
2025-08-13 20:43:46,220 - INFO -     - POSIX_SEEKS: 0.5504
2025-08-13 20:43:46,220 - INFO -     - POSIX_ACCESS2_COUNT: 0.5336
2025-08-13 20:43:46,220 - INFO -     - POSIX_SIZE_READ_100_1K: 0.5278
2025-08-13 20:43:46,220 - INFO -     - POSIX_MEM_NOT_ALIGNED: 0.5218
2025-08-13 20:43:46,220 - INFO -     - POSIX_BYTES_WRITTEN: 0.5216
2025-08-13 20:43:46,220 - INFO - Running gradient analysis...
2025-08-13 20:43:46,807 - WARNING - Gradient analysis failed: only size-1 arrays can be converted to Python scalars
2025-08-13 20:43:46,808 - INFO - Finding consensus (min 2 methods)...
2025-08-13 20:43:46,808 - INFO - 
============================================================
2025-08-13 20:43:46,808 - INFO - Analyzing node 62
2025-08-13 20:43:46,808 - INFO - Performance: 0.8625
2025-08-13 20:43:46,813 - INFO - Extracted subgraph: 310 nodes, 8043 edges
2025-08-13 20:43:46,813 - INFO - Running attention analysis...
2025-08-13 20:43:46,825 - WARNING - Attention analysis failed: non-broadcastable output operand with shape (49,) doesn't match the broadcast shape (1,49)
2025-08-13 20:43:46,825 - INFO - Running GNNExplainer...
2025-08-13 20:43:50,011 - INFO -   Top GNNExplainer features:
2025-08-13 20:43:50,012 - INFO -     - POSIX_CONSEC_WRITES: 0.5476
2025-08-13 20:43:50,012 - INFO -     - POSIX_CONSEC_READS: 0.5455
2025-08-13 20:43:50,012 - INFO -     - POSIX_SIZE_WRITE_0_100: 0.5336
2025-08-13 20:43:50,012 - INFO -     - POSIX_SEEKS: 0.5328
2025-08-13 20:43:50,012 - INFO -     - POSIX_ACCESS1_ACCESS: 0.5322
2025-08-13 20:43:50,012 - INFO - Running gradient analysis...
2025-08-13 20:43:50,612 - WARNING - Gradient analysis failed: only size-1 arrays can be converted to Python scalars
2025-08-13 20:43:50,613 - INFO - Finding consensus (min 2 methods)...
2025-08-13 20:43:50,613 - INFO - 
============================================================
2025-08-13 20:43:50,613 - INFO - Analyzing node 70
2025-08-13 20:43:50,613 - INFO - Performance: 0.5202
2025-08-13 20:43:50,618 - INFO - Extracted subgraph: 358 nodes, 10633 edges
2025-08-13 20:43:50,618 - INFO - Running attention analysis...
2025-08-13 20:43:50,632 - WARNING - Attention analysis failed: non-broadcastable output operand with shape (49,) doesn't match the broadcast shape (1,49)
2025-08-13 20:43:50,632 - INFO - Running GNNExplainer...
2025-08-13 20:43:54,300 - INFO -   Top GNNExplainer features:
2025-08-13 20:43:54,300 - INFO -     - POSIX_SEQ_READS: 0.5896
2025-08-13 20:43:54,300 - INFO -     - POSIX_ACCESS2_COUNT: 0.5861
2025-08-13 20:43:54,300 - INFO -     - POSIX_STATS: 0.5791
2025-08-13 20:43:54,300 - INFO -     - POSIX_SEEKS: 0.5704
2025-08-13 20:43:54,300 - INFO -     - POSIX_SIZE_READ_0_100: 0.5646
2025-08-13 20:43:54,300 - INFO - Running gradient analysis...
2025-08-13 20:43:55,000 - WARNING - Gradient analysis failed: only size-1 arrays can be converted to Python scalars
2025-08-13 20:43:55,001 - INFO - Finding consensus (min 2 methods)...
2025-08-13 20:43:55,001 - INFO - 
============================================================
2025-08-13 20:43:55,001 - INFO - Analyzing MEDIUM performers
2025-08-13 20:43:55,001 - INFO - ============================================================
2025-08-13 20:43:55,001 - INFO - 
============================================================
2025-08-13 20:43:55,001 - INFO - Analyzing node 0
2025-08-13 20:43:55,001 - INFO - Performance: 2.3416
2025-08-13 20:43:55,006 - INFO - Extracted subgraph: 34 nodes, 877 edges
2025-08-13 20:43:55,006 - INFO - Running attention analysis...
2025-08-13 20:43:55,014 - WARNING - Attention analysis failed: non-broadcastable output operand with shape (49,) doesn't match the broadcast shape (1,49)
2025-08-13 20:43:55,014 - INFO - Running GNNExplainer...
2025-08-13 20:43:56,988 - INFO -   Top GNNExplainer features:
2025-08-13 20:43:56,988 - INFO -     - POSIX_CONSEC_WRITES: 0.5564
2025-08-13 20:43:56,988 - INFO -     - POSIX_ACCESS2_COUNT: 0.5349
2025-08-13 20:43:56,988 - INFO -     - POSIX_FILE_NOT_ALIGNED: 0.5144
2025-08-13 20:43:56,988 - INFO - Running gradient analysis...
2025-08-13 20:43:57,341 - WARNING - Gradient analysis failed: only size-1 arrays can be converted to Python scalars
2025-08-13 20:43:57,341 - INFO - Finding consensus (min 2 methods)...
2025-08-13 20:43:57,341 - INFO - 
============================================================
2025-08-13 20:43:57,341 - INFO - Analyzing node 12
2025-08-13 20:43:57,341 - INFO - Performance: 2.3622
2025-08-13 20:43:57,347 - INFO - Extracted subgraph: 112 nodes, 5335 edges
2025-08-13 20:43:57,347 - INFO - Running attention analysis...
2025-08-13 20:43:57,356 - WARNING - Attention analysis failed: non-broadcastable output operand with shape (49,) doesn't match the broadcast shape (1,49)
2025-08-13 20:43:57,356 - INFO - Running GNNExplainer...
2025-08-13 20:43:59,766 - INFO -   Top GNNExplainer features:
2025-08-13 20:43:59,766 - INFO -     - POSIX_CONSEC_WRITES: 0.5229
2025-08-13 20:43:59,766 - INFO -     - POSIX_BYTES_WRITTEN: 0.5211
2025-08-13 20:43:59,766 - INFO -     - POSIX_BYTES_READ: 0.5032
2025-08-13 20:43:59,766 - INFO - Running gradient analysis...
2025-08-13 20:44:00,197 - WARNING - Gradient analysis failed: only size-1 arrays can be converted to Python scalars
2025-08-13 20:44:00,197 - INFO - Finding consensus (min 2 methods)...
2025-08-13 20:44:00,197 - INFO - 
============================================================
2025-08-13 20:44:00,197 - INFO - Analyzing node 13
2025-08-13 20:44:00,197 - INFO - Performance: 1.4532
2025-08-13 20:44:00,203 - INFO - Extracted subgraph: 185 nodes, 8041 edges
2025-08-13 20:44:00,203 - INFO - Running attention analysis...
2025-08-13 20:44:00,214 - WARNING - Attention analysis failed: non-broadcastable output operand with shape (49,) doesn't match the broadcast shape (1,49)
2025-08-13 20:44:00,214 - INFO - Running GNNExplainer...
2025-08-13 20:44:03,136 - INFO -   Top GNNExplainer features:
2025-08-13 20:44:03,136 - INFO -     - POSIX_FILENOS: 0.5814
2025-08-13 20:44:03,136 - INFO -     - POSIX_SIZE_WRITE_1K_10K: 0.5629
2025-08-13 20:44:03,136 - INFO -     - POSIX_BYTES_WRITTEN: 0.5602
2025-08-13 20:44:03,136 - INFO -     - POSIX_ACCESS4_ACCESS: 0.5560
2025-08-13 20:44:03,136 - INFO -     - POSIX_BYTES_READ: 0.5314
2025-08-13 20:44:03,136 - INFO - Running gradient analysis...
2025-08-13 20:44:03,678 - WARNING - Gradient analysis failed: only size-1 arrays can be converted to Python scalars
2025-08-13 20:44:03,678 - INFO - Finding consensus (min 2 methods)...
2025-08-13 20:44:03,678 - INFO - 
============================================================
2025-08-13 20:44:03,678 - INFO - Analyzing node 30
2025-08-13 20:44:03,679 - INFO - Performance: 2.0893
2025-08-13 20:44:03,684 - INFO - Extracted subgraph: 101 nodes, 4292 edges
2025-08-13 20:44:03,684 - INFO - Running attention analysis...
2025-08-13 20:44:03,693 - WARNING - Attention analysis failed: non-broadcastable output operand with shape (49,) doesn't match the broadcast shape (1,49)
2025-08-13 20:44:03,693 - INFO - Running GNNExplainer...
2025-08-13 20:44:06,001 - INFO -   Top GNNExplainer features:
2025-08-13 20:44:06,002 - INFO -     - POSIX_SIZE_READ_1K_10K: 0.5994
2025-08-13 20:44:06,002 - INFO -     - POSIX_ACCESS4_COUNT: 0.5743
2025-08-13 20:44:06,002 - INFO -     - POSIX_READS: 0.5487
2025-08-13 20:44:06,002 - INFO -     - POSIX_ACCESS4_ACCESS: 0.5465
2025-08-13 20:44:06,002 - INFO -     - POSIX_STATS: 0.5389
2025-08-13 20:44:06,002 - INFO - Running gradient analysis...
2025-08-13 20:44:06,402 - WARNING - Gradient analysis failed: only size-1 arrays can be converted to Python scalars
2025-08-13 20:44:06,402 - INFO - Finding consensus (min 2 methods)...
2025-08-13 20:44:06,402 - INFO - 
============================================================
2025-08-13 20:44:06,402 - INFO - Analyzing node 46
2025-08-13 20:44:06,402 - INFO - Performance: 1.4780
2025-08-13 20:44:06,409 - INFO - Extracted subgraph: 1 nodes, 0 edges
2025-08-13 20:44:06,409 - INFO - Running attention analysis...
2025-08-13 20:44:06,429 - INFO - Running GNNExplainer...
2025-08-13 20:44:08,195 - INFO -   Top GNNExplainer features:
2025-08-13 20:44:08,195 - INFO -     - POSIX_WRITES: 0.5577
2025-08-13 20:44:08,195 - INFO -     - POSIX_MEM_ALIGNMENT: 0.5541
2025-08-13 20:44:08,195 - INFO -     - POSIX_SIZE_WRITE_10K_100K: 0.5517
2025-08-13 20:44:08,195 - INFO -     - POSIX_ACCESS1_ACCESS: 0.5409
2025-08-13 20:44:08,195 - INFO -     - POSIX_SIZE_WRITE_100_1K: 0.5273
2025-08-13 20:44:08,195 - INFO - Running gradient analysis...
2025-08-13 20:44:08,531 - WARNING - Gradient analysis failed: only size-1 arrays can be converted to Python scalars
2025-08-13 20:44:08,531 - INFO - Finding consensus (min 2 methods)...
2025-08-13 20:44:08,531 - INFO - 
============================================================
2025-08-13 20:44:08,531 - INFO - Analyzing GOOD performers
2025-08-13 20:44:08,531 - INFO - ============================================================
2025-08-13 20:44:08,531 - INFO - 
============================================================
2025-08-13 20:44:08,531 - INFO - Analyzing node 15
2025-08-13 20:44:08,531 - INFO - Performance: 3.5475
2025-08-13 20:44:08,537 - INFO - Extracted subgraph: 112 nodes, 5582 edges
2025-08-13 20:44:08,538 - INFO - Running attention analysis...
2025-08-13 20:44:08,548 - WARNING - Attention analysis failed: non-broadcastable output operand with shape (49,) doesn't match the broadcast shape (1,49)
2025-08-13 20:44:08,548 - INFO - Running GNNExplainer...
2025-08-13 20:44:10,985 - INFO - Running gradient analysis...
2025-08-13 20:44:11,420 - WARNING - Gradient analysis failed: only size-1 arrays can be converted to Python scalars
2025-08-13 20:44:11,420 - INFO - Finding consensus (min 2 methods)...
2025-08-13 20:44:11,420 - INFO - 
============================================================
2025-08-13 20:44:11,420 - INFO - Analyzing node 19
2025-08-13 20:44:11,421 - INFO - Performance: 2.5808
2025-08-13 20:44:11,426 - INFO - Extracted subgraph: 141 nodes, 4911 edges
2025-08-13 20:44:11,426 - INFO - Running attention analysis...
2025-08-13 20:44:11,435 - WARNING - Attention analysis failed: non-broadcastable output operand with shape (49,) doesn't match the broadcast shape (1,49)
2025-08-13 20:44:11,435 - INFO - Running GNNExplainer...
2025-08-13 20:44:13,852 - INFO -   Top GNNExplainer features:
2025-08-13 20:44:13,852 - INFO -     - POSIX_ACCESS1_ACCESS: 0.5467
2025-08-13 20:44:13,852 - INFO -     - POSIX_ACCESS1_COUNT: 0.5410
2025-08-13 20:44:13,852 - INFO -     - POSIX_CONSEC_READS: 0.5353
2025-08-13 20:44:13,852 - INFO -     - POSIX_ACCESS3_COUNT: 0.5296
2025-08-13 20:44:13,852 - INFO -     - POSIX_ACCESS4_COUNT: 0.5280
2025-08-13 20:44:13,852 - INFO - Running gradient analysis...
2025-08-13 20:44:14,284 - WARNING - Gradient analysis failed: only size-1 arrays can be converted to Python scalars
2025-08-13 20:44:14,284 - INFO - Finding consensus (min 2 methods)...
2025-08-13 20:44:14,284 - INFO - 
============================================================
2025-08-13 20:44:14,284 - INFO - Analyzing node 43
2025-08-13 20:44:14,284 - INFO - Performance: 2.8307
2025-08-13 20:44:14,290 - INFO - Extracted subgraph: 1 nodes, 0 edges
2025-08-13 20:44:14,290 - INFO - Running attention analysis...
2025-08-13 20:44:14,297 - INFO - Running GNNExplainer...
2025-08-13 20:44:16,046 - INFO -   Top GNNExplainer features:
2025-08-13 20:44:16,047 - INFO -     - POSIX_ACCESS1_ACCESS: 0.5766
2025-08-13 20:44:16,047 - INFO -     - POSIX_STRIDE2_COUNT: 0.5562
2025-08-13 20:44:16,047 - INFO -     - POSIX_READS: 0.5499
2025-08-13 20:44:16,047 - INFO -     - POSIX_BYTES_READ: 0.5380
2025-08-13 20:44:16,047 - INFO -     - POSIX_CONSEC_READS: 0.5341
2025-08-13 20:44:16,047 - INFO - Running gradient analysis...
2025-08-13 20:44:16,384 - WARNING - Gradient analysis failed: only size-1 arrays can be converted to Python scalars
2025-08-13 20:44:16,384 - INFO - Finding consensus (min 2 methods)...
2025-08-13 20:44:16,384 - INFO - 
============================================================
2025-08-13 20:44:16,385 - INFO - Analyzing node 56
2025-08-13 20:44:16,385 - INFO - Performance: 3.1380
2025-08-13 20:44:16,391 - INFO - Extracted subgraph: 1 nodes, 0 edges
2025-08-13 20:44:16,391 - INFO - Running attention analysis...
2025-08-13 20:44:16,398 - INFO - Running GNNExplainer...
2025-08-13 20:44:18,164 - INFO -   Top GNNExplainer features:
2025-08-13 20:44:18,164 - INFO -     - POSIX_STRIDE3_COUNT: 0.5359
2025-08-13 20:44:18,164 - INFO -     - POSIX_ACCESS1_COUNT: 0.5333
2025-08-13 20:44:18,164 - INFO -     - POSIX_SIZE_WRITE_100K_1M: 0.5332
2025-08-13 20:44:18,164 - INFO -     - POSIX_SIZE_WRITE_10K_100K: 0.5315
2025-08-13 20:44:18,164 - INFO -     - POSIX_MEM_ALIGNMENT: 0.5298
2025-08-13 20:44:18,164 - INFO - Running gradient analysis...
2025-08-13 20:44:18,499 - WARNING - Gradient analysis failed: only size-1 arrays can be converted to Python scalars
2025-08-13 20:44:18,499 - INFO - Finding consensus (min 2 methods)...
2025-08-13 20:44:18,499 - INFO - 
============================================================
2025-08-13 20:44:18,500 - INFO - Analyzing node 86
2025-08-13 20:44:18,500 - INFO - Performance: 2.8873
2025-08-13 20:44:18,506 - INFO - Extracted subgraph: 96 nodes, 4242 edges
2025-08-13 20:44:18,506 - INFO - Running attention analysis...
2025-08-13 20:44:18,515 - WARNING - Attention analysis failed: non-broadcastable output operand with shape (49,) doesn't match the broadcast shape (1,49)
2025-08-13 20:44:18,515 - INFO - Running GNNExplainer...
2025-08-13 20:44:20,810 - INFO -   Top GNNExplainer features:
2025-08-13 20:44:20,810 - INFO -     - POSIX_FILE_NOT_ALIGNED: 0.6063
2025-08-13 20:44:20,810 - INFO -     - POSIX_SEQ_READS: 0.5988
2025-08-13 20:44:20,810 - INFO -     - POSIX_STRIDE2_COUNT: 0.5828
2025-08-13 20:44:20,810 - INFO -     - POSIX_SEEKS: 0.5711
2025-08-13 20:44:20,810 - INFO -     - POSIX_SIZE_WRITE_0_100: 0.5671
2025-08-13 20:44:20,810 - INFO - Running gradient analysis...
2025-08-13 20:44:21,207 - WARNING - Gradient analysis failed: only size-1 arrays can be converted to Python scalars
2025-08-13 20:44:21,207 - INFO - Finding consensus (min 2 methods)...
2025-08-13 20:44:21,215 - INFO - 
Results saved to analysis/results/interpretability_test_results.json
2025-08-13 20:44:21,215 - INFO - 
============================================================
2025-08-13 20:44:21,215 - INFO - ANALYSIS SUMMARY
2025-08-13 20:44:21,215 - INFO - ============================================================
2025-08-13 20:44:21,215 - INFO - 
POOR Performers:
2025-08-13 20:44:21,215 - INFO - 
MEDIUM Performers:
2025-08-13 20:44:21,215 - INFO - 
GOOD Performers:
2025-08-13 20:44:21,215 - INFO - 
============================================================
2025-08-13 20:44:21,215 - INFO - COMMON PATTERNS
2025-08-13 20:44:21,215 - INFO - ============================================================
2025-08-13 20:44:21,215 - INFO - 
Test complete!
