Generating main 4-panel figure...
Figure saved to /work/hdd/bdau/mbanisharifdehkordi/GNN_4_IO_5/analysis/results/node_61_main.pdf
Generating AIIO-style bar chart...
Figure saved to /work/hdd/bdau/mbanisharifdehkordi/GNN_4_IO_5/analysis/results/node_61_bars.pdf
All figures saved to /work/hdd/bdau/mbanisharifdehkordi/GNN_4_IO_5/analysis/results
Generating main 4-panel figure...
Figure saved to /work/hdd/bdau/mbanisharifdehkordi/GNN_4_IO_5/analysis/results/node_62_main.pdf
Generating AIIO-style bar chart...
Figure saved to /work/hdd/bdau/mbanisharifdehkordi/GNN_4_IO_5/analysis/results/node_62_bars.pdf
All figures saved to /work/hdd/bdau/mbanisharifdehkordi/GNN_4_IO_5/analysis/results
Generating main 4-panel figure...
Figure saved to /work/hdd/bdau/mbanisharifdehkordi/GNN_4_IO_5/analysis/results/node_70_main.pdf
Generating AIIO-style bar chart...
Figure saved to /work/hdd/bdau/mbanisharifdehkordi/GNN_4_IO_5/analysis/results/node_70_bars.pdf
All figures saved to /work/hdd/bdau/mbanisharifdehkordi/GNN_4_IO_5/analysis/results
Generating main 4-panel figure...
Figure saved to /work/hdd/bdau/mbanisharifdehkordi/GNN_4_IO_5/analysis/results/node_0_main.pdf
Generating AIIO-style bar chart...
Figure saved to /work/hdd/bdau/mbanisharifdehkordi/GNN_4_IO_5/analysis/results/node_0_bars.pdf
All figures saved to /work/hdd/bdau/mbanisharifdehkordi/GNN_4_IO_5/analysis/results
Generating main 4-panel figure...
Figure saved to /work/hdd/bdau/mbanisharifdehkordi/GNN_4_IO_5/analysis/results/node_12_main.pdf
Generating AIIO-style bar chart...
Figure saved to /work/hdd/bdau/mbanisharifdehkordi/GNN_4_IO_5/analysis/results/node_12_bars.pdf
All figures saved to /work/hdd/bdau/mbanisharifdehkordi/GNN_4_IO_5/analysis/results
Generating main 4-panel figure...
Figure saved to /work/hdd/bdau/mbanisharifdehkordi/GNN_4_IO_5/analysis/results/node_13_main.pdf
Generating AIIO-style bar chart...
Figure saved to /work/hdd/bdau/mbanisharifdehkordi/GNN_4_IO_5/analysis/results/node_13_bars.pdf
All figures saved to /work/hdd/bdau/mbanisharifdehkordi/GNN_4_IO_5/analysis/results
Generating main 4-panel figure...
Figure saved to /work/hdd/bdau/mbanisharifdehkordi/GNN_4_IO_5/analysis/results/node_30_main.pdf
Generating AIIO-style bar chart...
Figure saved to /work/hdd/bdau/mbanisharifdehkordi/GNN_4_IO_5/analysis/results/node_30_bars.pdf
All figures saved to /work/hdd/bdau/mbanisharifdehkordi/GNN_4_IO_5/analysis/results
Generating main 4-panel figure...
Figure saved to /work/hdd/bdau/mbanisharifdehkordi/GNN_4_IO_5/analysis/results/node_46_main.pdf
Generating AIIO-style bar chart...
Figure saved to /work/hdd/bdau/mbanisharifdehkordi/GNN_4_IO_5/analysis/results/node_46_bars.pdf
All figures saved to /work/hdd/bdau/mbanisharifdehkordi/GNN_4_IO_5/analysis/results
Generating main 4-panel figure...
Figure saved to /work/hdd/bdau/mbanisharifdehkordi/GNN_4_IO_5/analysis/results/node_15_main.pdf
Generating AIIO-style bar chart...
Figure saved to /work/hdd/bdau/mbanisharifdehkordi/GNN_4_IO_5/analysis/results/node_15_bars.pdf
All figures saved to /work/hdd/bdau/mbanisharifdehkordi/GNN_4_IO_5/analysis/results
Generating main 4-panel figure...
Figure saved to /work/hdd/bdau/mbanisharifdehkordi/GNN_4_IO_5/analysis/results/node_43_main.pdf
Generating AIIO-style bar chart...
Figure saved to /work/hdd/bdau/mbanisharifdehkordi/GNN_4_IO_5/analysis/results/node_43_bars.pdf
All figures saved to /work/hdd/bdau/mbanisharifdehkordi/GNN_4_IO_5/analysis/results
Generating main 4-panel figure...
Figure saved to /work/hdd/bdau/mbanisharifdehkordi/GNN_4_IO_5/analysis/results/node_86_main.pdf
Generating AIIO-style bar chart...
Figure saved to /work/hdd/bdau/mbanisharifdehkordi/GNN_4_IO_5/analysis/results/node_86_bars.pdf
All figures saved to /work/hdd/bdau/mbanisharifdehkordi/GNN_4_IO_5/analysis/results
