2025-08-13 20:16:56,037 - INFO - Loading config from /work/hdd/bdau/mbanisharifdehkordi/GNN_4_IO_5/configs/gat_config4.yaml
2025-08-13 20:16:56,041 - INFO - Using device: cuda
2025-08-13 20:16:56,041 - INFO - Using dtype: torch.float32
2025-08-13 20:16:56,041 - INFO - Loading model...
2025-08-13 20:16:56,381 - INFO - Checkpoint keys: dict_keys(['epoch', 'model_state_dict', 'optimizer_state_dict', 'val_rmse', 'history'])
2025-08-13 20:16:56,381 - INFO - Using model config from config file
2025-08-13 20:16:56,381 - INFO - Detected 49 input features from checkpoint
2025-08-13 20:16:56,381 - INFO - Detected pre-augmented features in checkpoint (49), disabling feature_augmentation for model creation
2025-08-13 20:16:56,381 - INFO - Creating model with config: {'num_features': 49, 'model_type': 'standard', 'hidden_channels': 320, 'num_layers': 3, 'heads': [12, 8, 2], 'dropout': 0.1, 'residual': True, 'layer_norm': True, 'feature_augmentation': False, 'dtype': torch.float32, 'edge_dim': 1, 'pool_type': 'mean'}
2025-08-13 20:16:56,604 - INFO - Model loaded successfully from /work/hdd/bdau/mbanisharifdehkordi/GNN_4_IO_5/experiments/gat_exp_20250813_020454/checkpoints/best_model.pt
2025-08-13 20:16:56,604 - INFO - Loading data...
2025-08-13 20:16:56,604 - INFO - Loading dataset with args: {'root': './data/processed', 'similarity_pt_path': '/work/hdd/bdau/mbanisharifdehkordi/GNN_4_IO_5/data/1M/similarity_output_0.75/similarity_graph_20250812_043913.pt', 'similarity_npz_path': '/work/hdd/bdau/mbanisharifdehkordi/GNN_4_IO_5/data/1M/similarity_output_0.75/similarity_graph_20250812_043913.npz', 'features_csv_path': '/work/hdd/bdau/mbanisharifdehkordi/GNN_4_IO_5/data/1M/aiio_sample_1000000_normalized.csv', 'use_edge_weights': True, 'dtype': torch.float32, 'lazy_load': True}
2025-08-13 20:16:56,929 - INFO - Data loaded: 1,000,000 nodes, 50,000,000 edges
2025-08-13 20:16:56,929 - INFO - Feature shape: torch.Size([1000000, 45])
2025-08-13 20:16:56,929 - INFO - Target shape: torch.Size([1000000, 1])
2025-08-13 20:16:56,929 - WARNING - Feature mismatch: Model expects 49, but data has 45
2025-08-13 20:16:56,929 - INFO - Creating data splits from config
2025-08-13 20:16:57,222 - INFO - Data splits - Train: 600,000, Val: 200,000, Test: 200,000
2025-08-13 20:16:57,235 - INFO - Adding placeholder features from 45 to 49
2025-08-13 20:16:57,261 - INFO - Features augmented to shape: torch.Size([1000000, 49])
2025-08-13 20:16:57,382 - INFO - Using 49 feature names
2025-08-13 20:16:57,382 - INFO - Initializing analyzers...
2025-08-13 20:16:57,463 - INFO - Selected test nodes:
2025-08-13 20:16:57,463 - INFO -   Poor performers (<1.05): 5 nodes
2025-08-13 20:16:57,463 - INFO -   Medium performers: 5 nodes
2025-08-13 20:16:57,463 - INFO -   Good performers (>2.57): 5 nodes
2025-08-13 20:16:57,463 - INFO - 
============================================================
2025-08-13 20:16:57,463 - INFO - Analyzing POOR performers
2025-08-13 20:16:57,463 - INFO - ============================================================
2025-08-13 20:16:57,463 - INFO - 
============================================================
2025-08-13 20:16:57,463 - INFO - Analyzing node 25
2025-08-13 20:16:57,463 - ERROR - Failed to analyze node 25: unsupported format string passed to Tensor.__format__
2025-08-13 20:16:57,463 - INFO - 
============================================================
2025-08-13 20:16:57,463 - INFO - Analyzing node 38
2025-08-13 20:16:57,463 - ERROR - Failed to analyze node 38: unsupported format string passed to Tensor.__format__
2025-08-13 20:16:57,463 - INFO - 
============================================================
2025-08-13 20:16:57,463 - INFO - Analyzing node 61
2025-08-13 20:16:57,463 - ERROR - Failed to analyze node 61: unsupported format string passed to Tensor.__format__
2025-08-13 20:16:57,463 - INFO - 
============================================================
2025-08-13 20:16:57,463 - INFO - Analyzing node 62
2025-08-13 20:16:57,463 - ERROR - Failed to analyze node 62: unsupported format string passed to Tensor.__format__
2025-08-13 20:16:57,463 - INFO - 
============================================================
2025-08-13 20:16:57,463 - INFO - Analyzing node 70
2025-08-13 20:16:57,463 - ERROR - Failed to analyze node 70: unsupported format string passed to Tensor.__format__
2025-08-13 20:16:57,463 - INFO - 
============================================================
2025-08-13 20:16:57,463 - INFO - Analyzing MEDIUM performers
2025-08-13 20:16:57,463 - INFO - ============================================================
2025-08-13 20:16:57,463 - INFO - 
============================================================
2025-08-13 20:16:57,463 - INFO - Analyzing node 0
2025-08-13 20:16:57,463 - ERROR - Failed to analyze node 0: unsupported format string passed to Tensor.__format__
2025-08-13 20:16:57,463 - INFO - 
============================================================
2025-08-13 20:16:57,463 - INFO - Analyzing node 12
2025-08-13 20:16:57,463 - ERROR - Failed to analyze node 12: unsupported format string passed to Tensor.__format__
2025-08-13 20:16:57,463 - INFO - 
============================================================
2025-08-13 20:16:57,463 - INFO - Analyzing node 13
2025-08-13 20:16:57,463 - ERROR - Failed to analyze node 13: unsupported format string passed to Tensor.__format__
2025-08-13 20:16:57,463 - INFO - 
============================================================
2025-08-13 20:16:57,463 - INFO - Analyzing node 30
2025-08-13 20:16:57,463 - ERROR - Failed to analyze node 30: unsupported format string passed to Tensor.__format__
2025-08-13 20:16:57,463 - INFO - 
============================================================
2025-08-13 20:16:57,463 - INFO - Analyzing node 46
2025-08-13 20:16:57,463 - ERROR - Failed to analyze node 46: unsupported format string passed to Tensor.__format__
2025-08-13 20:16:57,463 - INFO - 
============================================================
2025-08-13 20:16:57,463 - INFO - Analyzing GOOD performers
2025-08-13 20:16:57,463 - INFO - ============================================================
2025-08-13 20:16:57,463 - INFO - 
============================================================
2025-08-13 20:16:57,463 - INFO - Analyzing node 15
2025-08-13 20:16:57,463 - ERROR - Failed to analyze node 15: unsupported format string passed to Tensor.__format__
2025-08-13 20:16:57,463 - INFO - 
============================================================
2025-08-13 20:16:57,463 - INFO - Analyzing node 19
2025-08-13 20:16:57,463 - ERROR - Failed to analyze node 19: unsupported format string passed to Tensor.__format__
2025-08-13 20:16:57,463 - INFO - 
============================================================
2025-08-13 20:16:57,463 - INFO - Analyzing node 43
2025-08-13 20:16:57,463 - ERROR - Failed to analyze node 43: unsupported format string passed to Tensor.__format__
2025-08-13 20:16:57,463 - INFO - 
============================================================
2025-08-13 20:16:57,463 - INFO - Analyzing node 56
2025-08-13 20:16:57,463 - ERROR - Failed to analyze node 56: unsupported format string passed to Tensor.__format__
2025-08-13 20:16:57,463 - INFO - 
============================================================
2025-08-13 20:16:57,463 - INFO - Analyzing node 86
2025-08-13 20:16:57,463 - ERROR - Failed to analyze node 86: unsupported format string passed to Tensor.__format__
2025-08-13 20:16:57,491 - INFO - 
Results saved to analysis/results/interpretability_test_results.json
2025-08-13 20:16:57,491 - INFO - 
============================================================
2025-08-13 20:16:57,491 - INFO - ANALYSIS SUMMARY
2025-08-13 20:16:57,491 - INFO - ============================================================
2025-08-13 20:16:57,491 - INFO - 
POOR Performers:
2025-08-13 20:16:57,491 - INFO - 
MEDIUM Performers:
2025-08-13 20:16:57,491 - INFO - 
GOOD Performers:
2025-08-13 20:16:57,491 - INFO - 
============================================================
2025-08-13 20:16:57,491 - INFO - COMMON PATTERNS
2025-08-13 20:16:57,491 - INFO - ============================================================
2025-08-13 20:16:57,491 - INFO - 
Test complete!
