Generating main 4-panel figure...
Figure saved to /work/hdd/bdau/mbanisharifdehkordi/GNN_4_IO_5/analysis/results/node_25_main.pdf
Generating AIIO-style bar chart...
Figure saved to /work/hdd/bdau/mbanisharifdehkordi/GNN_4_IO_5/analysis/results/node_25_bars.pdf
All figures saved to /work/hdd/bdau/mbanisharifdehkordi/GNN_4_IO_5/analysis/results
Generating main 4-panel figure...
Figure saved to /work/hdd/bdau/mbanisharifdehkordi/GNN_4_IO_5/analysis/results/node_38_main.pdf
Generating AIIO-style bar chart...
Figure saved to /work/hdd/bdau/mbanisharifdehkordi/GNN_4_IO_5/analysis/results/node_38_bars.pdf
All figures saved to /work/hdd/bdau/mbanisharifdehkordi/GNN_4_IO_5/analysis/results
Generating main 4-panel figure...
Figure saved to /work/hdd/bdau/mbanisharifdehkordi/GNN_4_IO_5/analysis/results/node_30_main.pdf
Generating AIIO-style bar chart...
Figure saved to /work/hdd/bdau/mbanisharifdehkordi/GNN_4_IO_5/analysis/results/node_30_bars.pdf
All figures saved to /work/hdd/bdau/mbanisharifdehkordi/GNN_4_IO_5/analysis/results
Generating main 4-panel figure...
Figure saved to /work/hdd/bdau/mbanisharifdehkordi/GNN_4_IO_5/analysis/results/node_229_main.pdf
Generating AIIO-style bar chart...
Figure saved to /work/hdd/bdau/mbanisharifdehkordi/GNN_4_IO_5/analysis/results/node_229_bars.pdf
All figures saved to /work/hdd/bdau/mbanisharifdehkordi/GNN_4_IO_5/analysis/results
Generating main 4-panel figure...
Figure saved to /work/hdd/bdau/mbanisharifdehkordi/GNN_4_IO_5/analysis/results/node_56_main.pdf
Generating AIIO-style bar chart...
Figure saved to /work/hdd/bdau/mbanisharifdehkordi/GNN_4_IO_5/analysis/results/node_56_bars.pdf
All figures saved to /work/hdd/bdau/mbanisharifdehkordi/GNN_4_IO_5/analysis/results
Generating main 4-panel figure...
Figure saved to /work/hdd/bdau/mbanisharifdehkordi/GNN_4_IO_5/analysis/results/node_86_main.pdf
Generating AIIO-style bar chart...
Figure saved to /work/hdd/bdau/mbanisharifdehkordi/GNN_4_IO_5/analysis/results/node_86_bars.pdf
All figures saved to /work/hdd/bdau/mbanisharifdehkordi/GNN_4_IO_5/analysis/results
Generating main 4-panel figure...
Figure saved to /work/hdd/bdau/mbanisharifdehkordi/GNN_4_IO_5/analysis/results/node_19_main.pdf
Generating AIIO-style bar chart...
Figure saved to /work/hdd/bdau/mbanisharifdehkordi/GNN_4_IO_5/analysis/results/node_19_bars.pdf
All figures saved to /work/hdd/bdau/mbanisharifdehkordi/GNN_4_IO_5/analysis/results
