2025-08-13 20:10:41,985 - INFO - Loading config from /work/hdd/bdau/mbanisharifdehkordi/GNN_4_IO_5/configs/gat_config4.yaml
2025-08-13 20:10:41,992 - INFO - Using device: cuda
2025-08-13 20:10:41,992 - INFO - Using dtype: torch.float32
2025-08-13 20:10:41,992 - INFO - Loading model...
2025-08-13 20:10:42,646 - INFO - Checkpoint keys: dict_keys(['epoch', 'model_state_dict', 'optimizer_state_dict', 'val_rmse', 'history'])
2025-08-13 20:10:42,646 - INFO - Using model config from config file
2025-08-13 20:10:42,646 - INFO - Detected 49 input features from checkpoint
2025-08-13 20:10:42,646 - INFO - Detected pre-augmented features in checkpoint (49), disabling feature_augmentation for model creation
2025-08-13 20:10:42,646 - INFO - Creating model with config: {'num_features': 49, 'model_type': 'standard', 'hidden_channels': 320, 'num_layers': 3, 'heads': [12, 8, 2], 'dropout': 0.1, 'residual': True, 'layer_norm': True, 'feature_augmentation': False, 'dtype': torch.float32, 'edge_dim': 1, 'pool_type': 'mean'}
2025-08-13 20:10:42,871 - INFO - Model loaded successfully from /work/hdd/bdau/mbanisharifdehkordi/GNN_4_IO_5/experiments/gat_exp_20250813_020454/checkpoints/best_model.pt
2025-08-13 20:10:42,872 - INFO - Loading data...
2025-08-13 20:10:42,872 - INFO - Loading dataset with args: {'root': './data/processed', 'similarity_pt_path': '/work/hdd/bdau/mbanisharifdehkordi/GNN_4_IO_5/data/1M/similarity_output_0.75/similarity_graph_20250812_043913.pt', 'similarity_npz_path': '/work/hdd/bdau/mbanisharifdehkordi/GNN_4_IO_5/data/1M/similarity_output_0.75/similarity_graph_20250812_043913.npz', 'features_csv_path': '/work/hdd/bdau/mbanisharifdehkordi/GNN_4_IO_5/data/1M/aiio_sample_1000000_normalized.csv', 'use_edge_weights': True, 'dtype': torch.float32, 'lazy_load': True}
2025-08-13 20:10:43,688 - INFO - Data loaded: 1,000,000 nodes, 50,000,000 edges
2025-08-13 20:10:43,688 - INFO - Feature shape: torch.Size([1000000, 45])
2025-08-13 20:10:43,688 - INFO - Target shape: torch.Size([1000000, 1])
2025-08-13 20:10:43,688 - WARNING - Feature mismatch: Model expects 49, but data has 45
2025-08-13 20:10:43,688 - INFO - Creating data splits from config
2025-08-13 20:10:43,977 - INFO - Data splits - Train: 600,000, Val: 200,000, Test: 200,000
2025-08-13 20:10:44,100 - INFO - Using 45 feature names
2025-08-13 20:10:44,100 - INFO - Initializing analyzers...
Traceback (most recent call last):
  File "/work/hdd/bdau/mbanisharifdehkordi/GNN_4_IO_5/analysis/interpretability/test_methods.py", line 663, in <module>
    main()
  File "/work/hdd/bdau/mbanisharifdehkordi/GNN_4_IO_5/analysis/interpretability/test_methods.py", line 654, in main
    results = tester.run_analysis(
  File "/work/hdd/bdau/mbanisharifdehkordi/GNN_4_IO_5/analysis/interpretability/test_methods.py", line 535, in run_analysis
    test_nodes = self.find_test_nodes()
  File "/work/hdd/bdau/mbanisharifdehkordi/GNN_4_IO_5/analysis/interpretability/test_methods.py", line 376, in find_test_nodes
    'poor': test_indices[poor_mask][:n_per_category].tolist(),
IndexError: too many indices for tensor of dimension 1
srun: error: gpue03: task 0: Exited with exit code 1
