Generating main 4-panel figure...
Figure saved to /work/hdd/bdau/mbanisharifdehkordi/GNN_4_IO_5/analysis/results/1M_C6/node_61_main.pdf
Generating AIIO-style bar chart...
Figure saved to /work/hdd/bdau/mbanisharifdehkordi/GNN_4_IO_5/analysis/results/1M_C6/node_61_bars.pdf
All figures saved to /work/hdd/bdau/mbanisharifdehkordi/GNN_4_IO_5/analysis/results/1M_C6
Generating main 4-panel figure...
Figure saved to /work/hdd/bdau/mbanisharifdehkordi/GNN_4_IO_5/analysis/results/1M_C6/node_62_main.pdf
Generating AIIO-style bar chart...
Figure saved to /work/hdd/bdau/mbanisharifdehkordi/GNN_4_IO_5/analysis/results/1M_C6/node_62_bars.pdf
All figures saved to /work/hdd/bdau/mbanisharifdehkordi/GNN_4_IO_5/analysis/results/1M_C6
Generating main 4-panel figure...
Figure saved to /work/hdd/bdau/mbanisharifdehkordi/GNN_4_IO_5/analysis/results/1M_C6/node_70_main.pdf
Generating AIIO-style bar chart...
Figure saved to /work/hdd/bdau/mbanisharifdehkordi/GNN_4_IO_5/analysis/results/1M_C6/node_70_bars.pdf
All figures saved to /work/hdd/bdau/mbanisharifdehkordi/GNN_4_IO_5/analysis/results/1M_C6
Generating main 4-panel figure...
Figure saved to /work/hdd/bdau/mbanisharifdehkordi/GNN_4_IO_5/analysis/results/1M_C6/node_0_main.pdf
Generating AIIO-style bar chart...
Figure saved to /work/hdd/bdau/mbanisharifdehkordi/GNN_4_IO_5/analysis/results/1M_C6/node_0_bars.pdf
All figures saved to /work/hdd/bdau/mbanisharifdehkordi/GNN_4_IO_5/analysis/results/1M_C6
Generating main 4-panel figure...
Figure saved to /work/hdd/bdau/mbanisharifdehkordi/GNN_4_IO_5/analysis/results/1M_C6/node_12_main.pdf
Generating AIIO-style bar chart...
Figure saved to /work/hdd/bdau/mbanisharifdehkordi/GNN_4_IO_5/analysis/results/1M_C6/node_12_bars.pdf
All figures saved to /work/hdd/bdau/mbanisharifdehkordi/GNN_4_IO_5/analysis/results/1M_C6
Generating main 4-panel figure...
Figure saved to /work/hdd/bdau/mbanisharifdehkordi/GNN_4_IO_5/analysis/results/1M_C6/node_13_main.pdf
Generating AIIO-style bar chart...
Figure saved to /work/hdd/bdau/mbanisharifdehkordi/GNN_4_IO_5/analysis/results/1M_C6/node_13_bars.pdf
All figures saved to /work/hdd/bdau/mbanisharifdehkordi/GNN_4_IO_5/analysis/results/1M_C6
Generating main 4-panel figure...
Figure saved to /work/hdd/bdau/mbanisharifdehkordi/GNN_4_IO_5/analysis/results/1M_C6/node_30_main.pdf
Generating AIIO-style bar chart...
Figure saved to /work/hdd/bdau/mbanisharifdehkordi/GNN_4_IO_5/analysis/results/1M_C6/node_30_bars.pdf
All figures saved to /work/hdd/bdau/mbanisharifdehkordi/GNN_4_IO_5/analysis/results/1M_C6
Generating main 4-panel figure...
Figure saved to /work/hdd/bdau/mbanisharifdehkordi/GNN_4_IO_5/analysis/results/1M_C6/node_46_main.pdf
Generating AIIO-style bar chart...
Figure saved to /work/hdd/bdau/mbanisharifdehkordi/GNN_4_IO_5/analysis/results/1M_C6/node_46_bars.pdf
All figures saved to /work/hdd/bdau/mbanisharifdehkordi/GNN_4_IO_5/analysis/results/1M_C6
Generating main 4-panel figure...
Figure saved to /work/hdd/bdau/mbanisharifdehkordi/GNN_4_IO_5/analysis/results/1M_C6/node_15_main.pdf
Generating AIIO-style bar chart...
Figure saved to /work/hdd/bdau/mbanisharifdehkordi/GNN_4_IO_5/analysis/results/1M_C6/node_15_bars.pdf
All figures saved to /work/hdd/bdau/mbanisharifdehkordi/GNN_4_IO_5/analysis/results/1M_C6
Generating main 4-panel figure...
Figure saved to /work/hdd/bdau/mbanisharifdehkordi/GNN_4_IO_5/analysis/results/1M_C6/node_43_main.pdf
Generating AIIO-style bar chart...
Figure saved to /work/hdd/bdau/mbanisharifdehkordi/GNN_4_IO_5/analysis/results/1M_C6/node_43_bars.pdf
All figures saved to /work/hdd/bdau/mbanisharifdehkordi/GNN_4_IO_5/analysis/results/1M_C6
Generating main 4-panel figure...
Figure saved to /work/hdd/bdau/mbanisharifdehkordi/GNN_4_IO_5/analysis/results/1M_C6/node_86_main.pdf
Generating AIIO-style bar chart...
Figure saved to /work/hdd/bdau/mbanisharifdehkordi/GNN_4_IO_5/analysis/results/1M_C6/node_86_bars.pdf
All figures saved to /work/hdd/bdau/mbanisharifdehkordi/GNN_4_IO_5/analysis/results/1M_C6
Generating main 4-panel figure...
Figure saved to /work/hdd/bdau/mbanisharifdehkordi/GNN_4_IO_5/analysis/results/1M_C6/node_25_main.pdf
Generating AIIO-style bar chart...
Figure saved to /work/hdd/bdau/mbanisharifdehkordi/GNN_4_IO_5/analysis/results/1M_C6/node_25_bars.pdf
All figures saved to /work/hdd/bdau/mbanisharifdehkordi/GNN_4_IO_5/analysis/results/1M_C6
Generating main 4-panel figure...
Figure saved to /work/hdd/bdau/mbanisharifdehkordi/GNN_4_IO_5/analysis/results/1M_C6/node_38_main.pdf
Generating AIIO-style bar chart...
Figure saved to /work/hdd/bdau/mbanisharifdehkordi/GNN_4_IO_5/analysis/results/1M_C6/node_38_bars.pdf
All figures saved to /work/hdd/bdau/mbanisharifdehkordi/GNN_4_IO_5/analysis/results/1M_C6
Generating main 4-panel figure...
Figure saved to /work/hdd/bdau/mbanisharifdehkordi/GNN_4_IO_5/analysis/results/1M_C6/node_30_main.pdf
Generating AIIO-style bar chart...
Figure saved to /work/hdd/bdau/mbanisharifdehkordi/GNN_4_IO_5/analysis/results/1M_C6/node_30_bars.pdf
All figures saved to /work/hdd/bdau/mbanisharifdehkordi/GNN_4_IO_5/analysis/results/1M_C6
Generating main 4-panel figure...
Figure saved to /work/hdd/bdau/mbanisharifdehkordi/GNN_4_IO_5/analysis/results/1M_C6/node_229_main.pdf
Generating AIIO-style bar chart...
Figure saved to /work/hdd/bdau/mbanisharifdehkordi/GNN_4_IO_5/analysis/results/1M_C6/node_229_bars.pdf
All figures saved to /work/hdd/bdau/mbanisharifdehkordi/GNN_4_IO_5/analysis/results/1M_C6
Generating main 4-panel figure...
Figure saved to /work/hdd/bdau/mbanisharifdehkordi/GNN_4_IO_5/analysis/results/1M_C6/node_56_main.pdf
Generating AIIO-style bar chart...
Figure saved to /work/hdd/bdau/mbanisharifdehkordi/GNN_4_IO_5/analysis/results/1M_C6/node_56_bars.pdf
All figures saved to /work/hdd/bdau/mbanisharifdehkordi/GNN_4_IO_5/analysis/results/1M_C6
Generating main 4-panel figure...
Figure saved to /work/hdd/bdau/mbanisharifdehkordi/GNN_4_IO_5/analysis/results/1M_C6/node_86_main.pdf
Generating AIIO-style bar chart...
Figure saved to /work/hdd/bdau/mbanisharifdehkordi/GNN_4_IO_5/analysis/results/1M_C6/node_86_bars.pdf
All figures saved to /work/hdd/bdau/mbanisharifdehkordi/GNN_4_IO_5/analysis/results/1M_C6
Generating main 4-panel figure...
Figure saved to /work/hdd/bdau/mbanisharifdehkordi/GNN_4_IO_5/analysis/results/1M_C6/node_19_main.pdf
Generating AIIO-style bar chart...
Figure saved to /work/hdd/bdau/mbanisharifdehkordi/GNN_4_IO_5/analysis/results/1M_C6/node_19_bars.pdf
All figures saved to /work/hdd/bdau/mbanisharifdehkordi/GNN_4_IO_5/analysis/results/1M_C6
Generating main 4-panel figure...
Figure saved to /work/hdd/bdau/mbanisharifdehkordi/GNN_4_IO_5/analysis/results/1M_C6/node_22_main.pdf
Generating AIIO-style bar chart...
Figure saved to /work/hdd/bdau/mbanisharifdehkordi/GNN_4_IO_5/analysis/results/1M_C6/node_22_bars.pdf
All figures saved to /work/hdd/bdau/mbanisharifdehkordi/GNN_4_IO_5/analysis/results/1M_C6
