================================================================================
LOADING SIMILARITY GRAPH DATA
================================================================================

Loading PyTorch file: /work/hdd/bdau/mbanisharifdehkordi/GNN_4_IO_5/data/100K/similarity_output_0.75/similarity_graph_20250812_002240.pt
✅ PyTorch data loaded

Loading NumPy file: /work/hdd/bdau/mbanisharifdehkordi/GNN_4_IO_5/data/100K/similarity_output_0.75/similarity_graph_20250812_002240.npz
✅ NumPy data loaded

Loading metadata: /work/hdd/bdau/mbanisharifdehkordi/GNN_4_IO_5/data/100K/similarity_output_0.75/similarity_metadata_20250812_002240.json
✅ Metadata loaded

================================================================================
PYTORCH FILE STRUCTURE
================================================================================

Keys in PyTorch file:
  - edge_index: torch.Tensor, shape=torch.Size([2, 5000000]), dtype=torch.int64
  - edge_weight: torch.Tensor, shape=torch.Size([5000000]), dtype=torch.float64
  - num_nodes: <class 'int'>, value=100000
  - threshold: <class 'float'>, value=0.75
  - degree_counts: torch.Tensor, shape=torch.Size([100000]), dtype=torch.int64
  - timestamp: <class 'str'>, value=20250812_002240

Edge Index Analysis:
  Shape: torch.Size([2, 5000000])
  Min node ID: 0
  Max node ID: 99999
  Number of unique source nodes: 100000
  Number of unique target nodes: 99617
  Bidirectional edges: 3313892/5000000 (66.3%)

Edge Weight Analysis:
  Shape: torch.Size([5000000])
  Min weight: 0.770150
  Max weight: 1.000000
  Mean weight: 0.995586
  Std weight: 0.011318
  Median weight: 0.999835

================================================================================
NUMPY FILE STRUCTURE
================================================================================

Arrays in NumPy file:
  - edges: shape=(5000000, 2), dtype=int64
    First 5 edges: 
[[    0 62504]
 [    0 12799]
 [    0 80711]
 [    0 72736]
 [    0 41177]]
  - weights: shape=(5000000,), dtype=float64
    Weight stats: min=0.7701, max=1.0000, mean=0.9956
  - degree_counts: shape=(100000,), dtype=int32
    Degree stats: min=50, max=50, mean=50.0
  - features: shape=(100000, 45), dtype=float64
  - target: shape=(100000,), dtype=float64
  - threshold: shape=(), dtype=float64

================================================================================
DEGREE DISTRIBUTION ANALYSIS
================================================================================

Degree Statistics:
  Min degree: 50
  Max degree: 50
  Mean degree: 50.00
  Median degree: 50.00
  Std degree: 0.00
  Isolated nodes: 0 (0.00%)

Degree Distribution:
  Degree 50: 100000 nodes (100.00%)

================================================================================
SIMILARITY WEIGHT DISTRIBUTION
================================================================================

Weight Statistics:
  Total edges: 5,000,000
  Min similarity: 0.770150
  Max similarity: 1.000000
  Mean similarity: 0.995586
  Median similarity: 0.999835
  Std similarity: 0.011318

Percentiles:
    1%: 0.944434
    5%: 0.971600
   10%: 0.986044
   25%: 0.997830
   50%: 0.999835
   75%: 0.999999
   90%: 1.000000
   95%: 1.000000
   99%: 1.000000

================================================================================
CONNECTIVITY ANALYSIS
================================================================================

Connectivity Patterns:
  Total nodes: 100,000
  Nodes with edges: 100,000
  Total directed edges: 5,000,000

Sample Node Neighborhoods:
  Node 47827: 50 neighbors
    Weight range: [0.9999, 1.0000]
  Node 39656: 50 neighbors
    Weight range: [0.9999, 1.0000]
  Node 49234: 50 neighbors
    Weight range: [1.0000, 1.0000]
  Node 89458: 50 neighbors
    Weight range: [0.9956, 0.9984]
  Node 37644: 50 neighbors
    Weight range: [1.0000, 1.0000]

================================================================================
DATA CONSISTENCY CHECK
================================================================================

Edge Count Consistency:
  PyTorch edges: 5,000,000
  NumPy edges: 5,000,000
  Match: ✅ Yes

Weight Consistency:
  PyTorch weight range: [0.770150, 1.000000]
  NumPy weight range: [0.770150, 1.000000]
  Max weight difference: 0.0000000000
  Weights match: ✅ Yes

================================================================================
SUMMARY REPORT
================================================================================

From Metadata:
  Threshold: 0.75
  Nodes: 100,000
  Edges: 5,000,000
  Avg Degree: 50.0
  Edge Density: 0.000500

✅ Graph Structure Ready for GNN:
  - Edge index in COO format (shape: [2, num_edges])
  - Edge weights available (similarities)
  - Degree distribution available
  - Node features needed from original dataset
