================================================================================
LOADING SIMILARITY GRAPH DATA
================================================================================

Loading PyTorch file: /work/hdd/bdau/mbanisharifdehkordi/GNN_4_IO_5/data/1M/similarity_output_0.75/similarity_graph_20250812_043913.pt
✅ PyTorch data loaded

Loading NumPy file: /work/hdd/bdau/mbanisharifdehkordi/GNN_4_IO_5/data/1M/similarity_output_0.75/similarity_graph_20250812_043913.npz
✅ NumPy data loaded

Loading metadata: /work/hdd/bdau/mbanisharifdehkordi/GNN_4_IO_5/data/1M/similarity_output_0.75/similarity_metadata_20250812_043913.json
✅ Metadata loaded

================================================================================
PYTORCH FILE STRUCTURE
================================================================================

Keys in PyTorch file:
  - edge_index: torch.Tensor, shape=torch.Size([2, 50000000]), dtype=torch.int64
  - edge_weight: torch.Tensor, shape=torch.Size([50000000]), dtype=torch.float64
  - num_nodes: <class 'int'>, value=1000000
  - threshold: <class 'float'>, value=0.75
  - degree_counts: torch.Tensor, shape=torch.Size([1000000]), dtype=torch.int64
  - timestamp: <class 'str'>, value=20250812_043913

Edge Index Analysis:
  Shape: torch.Size([2, 50000000])
  Min node ID: 0
  Max node ID: 999999
  Number of unique source nodes: 1000000
  Number of unique target nodes: 980891
  Bidirectional edges: 32274626/50000000 (64.5%)

Edge Weight Analysis:
  Shape: torch.Size([50000000])
  Min weight: 0.815783
  Max weight: 1.000000
  Mean weight: 0.998702
  Std weight: 0.005481
  Median weight: 0.999996

================================================================================
NUMPY FILE STRUCTURE
================================================================================

Arrays in NumPy file:
  - edges: shape=(50000000, 2), dtype=int64
    First 5 edges: 
[[     0 386640]
 [     0 543831]
 [     0 174562]
 [     0 160341]
 [     0 837431]]
  - weights: shape=(50000000,), dtype=float64
    Weight stats: min=0.8158, max=1.0000, mean=0.9987
  - degree_counts: shape=(1000000,), dtype=int32
    Degree stats: min=50, max=50, mean=50.0
  - features: shape=(1000000, 45), dtype=float64
  - target: shape=(1000000,), dtype=float64
  - threshold: shape=(), dtype=float64

================================================================================
DEGREE DISTRIBUTION ANALYSIS
================================================================================

Degree Statistics:
  Min degree: 50
  Max degree: 50
  Mean degree: 50.00
  Median degree: 50.00
  Std degree: 0.00
  Isolated nodes: 0 (0.00%)

Degree Distribution:
  Degree 50: 1000000 nodes (100.00%)

================================================================================
SIMILARITY WEIGHT DISTRIBUTION
================================================================================

Weight Statistics:
  Total edges: 50,000,000
  Min similarity: 0.815783
  Max similarity: 1.000000
  Mean similarity: 0.998702
  Median similarity: 0.999996
  Std similarity: 0.005481

Percentiles:
    1%: 0.971023
    5%: 0.993034
   10%: 0.998265
   25%: 0.999846
   50%: 0.999996
   75%: 1.000000
   90%: 1.000000
   95%: 1.000000
   99%: 1.000000

================================================================================
CONNECTIVITY ANALYSIS
================================================================================

Connectivity Patterns:
  Total nodes: 1,000,000
  Nodes with edges: 1,000,000
  Total directed edges: 50,000,000

Sample Node Neighborhoods:
  Node 47901: 50 neighbors
    Weight range: [0.9997, 1.0000]
  Node 598869: 50 neighbors
    Weight range: [1.0000, 1.0000]
  Node 536108: 50 neighbors
    Weight range: [1.0000, 1.0000]
  Node 843874: 50 neighbors
    Weight range: [0.9998, 1.0000]
  Node 996912: 50 neighbors
    Weight range: [0.9973, 1.0000]

================================================================================
DATA CONSISTENCY CHECK
================================================================================

Edge Count Consistency:
  PyTorch edges: 50,000,000
  NumPy edges: 50,000,000
  Match: ✅ Yes

Weight Consistency:
  PyTorch weight range: [0.815783, 1.000000]
  NumPy weight range: [0.815783, 1.000000]
  Max weight difference: 0.0000000000
  Weights match: ✅ Yes

================================================================================
SUMMARY REPORT
================================================================================

From Metadata:
  Threshold: 0.75
  Nodes: 1,000,000
  Edges: 50,000,000
  Avg Degree: 50.0
  Edge Density: 0.000050

✅ Graph Structure Ready for GNN:
  - Edge index in COO format (shape: [2, num_edges])
  - Edge weights available (similarities)
  - Degree distribution available
  - Node features needed from original dataset
