2025-08-12 20:38:53,604 - INFO - ================================================================================
2025-08-12 20:38:53,604 - INFO - GAT TRAINING FOR I/O PERFORMANCE PREDICTION
2025-08-12 20:38:53,604 - INFO - ================================================================================
2025-08-12 20:38:53,614 - INFO - Random seed: 7
2025-08-12 20:38:53,614 - INFO - Using device: cuda
2025-08-12 20:38:53,622 - INFO - Configuration saved to experiments/gat_baseline/config.yaml
2025-08-12 20:38:53,622 - INFO - 
========================================
2025-08-12 20:38:53,622 - INFO - LOADING DATASET
2025-08-12 20:38:53,622 - INFO - ========================================
Processing...
2025-08-12 20:38:53,646 - INFO - Processing I/O performance graph dataset...
2025-08-12 20:38:53,646 - INFO - Loading similarity graph...
2025-08-12 20:38:54,323 - INFO - Edge weights loaded: shape torch.Size([5000000]), range [0.7701, 1.0000]
2025-08-12 20:38:54,403 - INFO - Graph loaded: 100,000 nodes, 5,000,000 edges
2025-08-12 20:38:54,403 - INFO - Loading node features...
2025-08-12 20:38:54,925 - INFO - Features loaded from NPZ: shape torch.Size([100000, 45])
2025-08-12 20:38:54,968 - INFO - Graph statistics - Avg degree: 50.00, Min: 50, Max: 50
2025-08-12 20:38:54,968 - INFO - Saving processed data to data/processed/processed/io_graph_data.pt
Done!
2025-08-12 20:38:55,289 - INFO - Dataset loaded: 100,000 nodes, 5,000,000 edges
2025-08-12 20:38:55,290 - INFO - Features: torch.Size([100000, 45]), Targets: torch.Size([100000, 1])
2025-08-12 20:38:55,329 - INFO - Data splits - Train: 60,000, Val: 20,000, Test: 20,000
2025-08-12 20:38:55,330 - INFO - 
========================================
2025-08-12 20:38:55,330 - INFO - SETTING UP DATA LOADER
2025-08-12 20:38:55,330 - INFO - ========================================
2025-08-12 20:38:55,330 - INFO - Using mini-batch data loading
2025-08-12 20:38:55,751 - INFO - Train loader: 60,000 nodes, 30 batches
2025-08-12 20:38:56,128 - INFO - Val loader: 20,000 nodes, 5 batches
2025-08-12 20:38:56,509 - INFO - Test loader: 20,000 nodes, 5 batches
2025-08-12 20:38:56,807 - INFO - Memory stats: {'gpu_allocated': 0.0, 'gpu_reserved': 0.0, 'gpu_total': 143.771, 'gpu_free': 142.547, 'gpu_used': 0.526, 'ram_available': 2065.94377728, 'ram_used': 69.149503488, 'ram_total': 2164.173795328}
2025-08-12 20:38:56,807 - INFO - Memory stats: {'gpu_allocated': 0.0, 'gpu_reserved': 0.0, 'gpu_total': 143.771, 'gpu_free': 142.547, 'gpu_used': 0.526, 'ram_available': 2065.94377728, 'ram_used': 69.149503488, 'ram_total': 2164.173795328}
2025-08-12 20:38:56,807 - INFO - 
========================================
2025-08-12 20:38:56,807 - INFO - CREATING MODEL
2025-08-12 20:38:56,807 - INFO - ========================================
2025-08-12 20:38:56,808 - ERROR - Training failed: src.models.gat.IOPerformanceGAT() got multiple values for keyword argument 'hidden_channels'
Traceback (most recent call last):
  File "/work/hdd/bdau/mbanisharifdehkordi/GNN_4_IO_5/scripts/train_gat.py", line 447, in <module>
    final_rmse = main(args)
  File "/work/hdd/bdau/mbanisharifdehkordi/GNN_4_IO_5/scripts/train_gat.py", line 207, in main
    model = create_gat_model(
  File "/work/hdd/bdau/mbanisharifdehkordi/GNN_4_IO_5/src/models/gat.py", line 400, in create_gat_model
    return IOPerformanceGAT(
TypeError: src.models.gat.IOPerformanceGAT() got multiple values for keyword argument 'hidden_channels'
Training complete! Results saved to ./experiments/gat_exp_20250812_203831
