2025-08-11 22:36:02,846 - Loading data from /work/hdd/bdau/mbanisharifdehkordi/GNN_4_IO_5/data/10K/aiio_sample_10000.csv
2025-08-11 22:36:03,013 - Loaded 10,000 samples with 45 features
2025-08-11 22:36:03,013 - Data type: float64 (preserving precision)
2025-08-11 22:36:03,013 - Memory usage: 0.00 GB
2025-08-11 22:36:03,013 - Feature value ranges (log-normalized):
2025-08-11 22:36:03,014 -   Min: 0.000000
2025-08-11 22:36:03,014 -   Max: 97361398.000000
2025-08-11 22:36:03,014 -   Mean: 1608.275490
2025-08-11 22:36:03,014 - Computing cosine similarity with threshold=0.8
2025-08-11 22:36:03,014 - Batch size: 1000
Computing similarities:   0%|          | 0/10 [00:00<?, ?it/s]Computing similarities:  10%|█         | 1/10 [00:02<00:20,  2.24s/it]Computing similarities:  20%|██        | 2/10 [00:04<00:18,  2.27s/it]Computing similarities:  30%|███       | 3/10 [00:07<00:16,  2.42s/it]Computing similarities:  40%|████      | 4/10 [00:09<00:13,  2.22s/it]Computing similarities:  50%|█████     | 5/10 [00:11<00:11,  2.23s/it]Computing similarities:  60%|██████    | 6/10 [00:13<00:09,  2.38s/it]Computing similarities:  70%|███████   | 7/10 [00:14<00:05,  1.81s/it]Computing similarities:  80%|████████  | 8/10 [00:17<00:04,  2.28s/it]Computing similarities:  90%|█████████ | 9/10 [00:21<00:02,  2.80s/it]Computing similarities: 100%|██████████| 10/10 [00:26<00:00,  3.25s/it]Computing similarities: 100%|██████████| 10/10 [00:26<00:00,  2.61s/it]
2025-08-11 22:36:34,806 - 
=== Graph Statistics ===
2025-08-11 22:36:34,807 - Total edges: 36,356,938
2025-08-11 22:36:34,807 - Average degree: 3635.7
2025-08-11 22:36:34,807 - Median degree: 3683.0
2025-08-11 22:36:34,807 - Max degree: 4804
2025-08-11 22:36:34,807 - Min degree: 18
2025-08-11 22:36:34,807 - Isolated nodes: 0
2025-08-11 22:36:34,836 - Weight range: [0.800000, 1.000000]
2025-08-11 22:36:36,809 - Saved PyTorch format to: /work/hdd/bdau/mbanisharifdehkordi/GNN_4_IO_5/data/10K/similarity_output_0.8/similarity_graph_20250811_223636.pt
2025-08-11 22:37:00,517 - Saved NumPy format to: /work/hdd/bdau/mbanisharifdehkordi/GNN_4_IO_5/data/10K/similarity_output_0.8/similarity_graph_20250811_223636.npz
2025-08-11 22:37:00,720 - Saved metadata to: /work/hdd/bdau/mbanisharifdehkordi/GNN_4_IO_5/data/10K/similarity_output_0.8/similarity_metadata_20250811_223636.json
2025-08-11 22:37:00,720 - 
=== Graph Quality Analysis ===
2025-08-11 22:37:00,720 - Quality concerns:
2025-08-11 22:37:00,720 - ⚠️  9686 potential hub nodes (>500 neighbors) - might dominate
2025-08-11 22:37:00,720 - ⚠️  High average degree (3635.7) - graph too dense
2025-08-11 22:37:00,720 - 
Consider adjusting threshold (current: 0.8)
2025-08-11 22:37:00,720 - Suggestion: Try threshold=0.85 for fewer connections
