======================================================================
I/O Performance Data - Cosine Similarity Computation
======================================================================
Data: /work/hdd/bdau/mbanisharifdehkordi/GNN_4_IO_5/data/10K/aiio_sample_10000.csv
Threshold: 0.8
Output: /work/hdd/bdau/mbanisharifdehkordi/GNN_4_IO_5/data/10K/similarity_output_0.8
======================================================================

Step 1: Loading and preparing data...

Step 2: Computing cosine similarity (threshold=0.8)...

Step 3: Saving results...

Step 4: Analyzing graph quality...

======================================================================
COMPUTATION COMPLETE!
✅ PyTorch file: /work/hdd/bdau/mbanisharifdehkordi/GNN_4_IO_5/data/10K/similarity_output_0.8/similarity_graph_20250811_223636.pt
✅ NumPy file: /work/hdd/bdau/mbanisharifdehkordi/GNN_4_IO_5/data/10K/similarity_output_0.8/similarity_graph_20250811_223636.npz
✅ Metadata: /work/hdd/bdau/mbanisharifdehkordi/GNN_4_IO_5/data/10K/similarity_output_0.8/similarity_metadata_20250811_223636.json
======================================================================

Next steps:
1. Check the graph statistics in the log
2. If too sparse/dense, adjust threshold and rerun
3. Use the .pt file for GNN training
