======================================================================
I/O Performance Data - Cosine Similarity Computation
======================================================================
Data: /work/hdd/bdau/mbanisharifdehkordi/GNN_4_IO_5/data/1K/aiio_sample_1000.csv
Threshold: 0.75
Output: /work/hdd/bdau/mbanisharifdehkordi/GNN_4_IO_5/data/1K/similarity_output
======================================================================

Step 1: Loading and preparing data...

Step 2: Computing cosine similarity (threshold=0.75)...

Step 3: Saving results...

Step 4: Analyzing graph quality...

======================================================================
COMPUTATION COMPLETE!
✅ PyTorch file: /work/hdd/bdau/mbanisharifdehkordi/GNN_4_IO_5/data/1K/similarity_output/similarity_graph_20250811_221310.pt
✅ NumPy file: /work/hdd/bdau/mbanisharifdehkordi/GNN_4_IO_5/data/1K/similarity_output/similarity_graph_20250811_221310.npz
✅ Metadata: /work/hdd/bdau/mbanisharifdehkordi/GNN_4_IO_5/data/1K/similarity_output/similarity_metadata_20250811_221310.json
======================================================================

Next steps:
1. Check the graph statistics in the log
2. If too sparse/dense, adjust threshold and rerun
3. Use the .pt file for GNN training
