======================================================================
I/O DATASET COMPREHENSIVE ANALYSIS
======================================================================

Loading sample_10k from /work/hdd/bdau/mbanisharifdehkordi/GNN_4_IO_5/data/10K/aiio_sample_10000.csv
  Shape: (10000, 46)

Loading sample_100k from /work/hdd/bdau/mbanisharifdehkordi/GNN_4_IO_5/data/100K/aiio_sample_100000.csv
  Shape: (100000, 46)

Loading sample_total from /work/hdd/bdau/mbanisharifdehkordi/GNN_4_IO_5/data/total/sample_train_total.csv
  Shape: (6647219, 46)

======================================================================
NORMALIZATION ANALYSIS (AIIO Paper Check)
======================================================================

SAMPLE_10K Dataset:
----------------------------------------

Feature Statistics:
  Overall Min: 0.000000
  Overall Max: 97361398.000000
  Overall Mean: 1608.275490
  ⚠️ Features appear NOT log-normalized (max > 100)
  After log(x+1): Min=0.00, Max=18.39
    POSIX_BYTES_READ: raw=14, log(x+1)=2.73
    POSIX_BYTES_WRITTEN: raw=13, log(x+1)=2.64
    POSIX_SEQ_READS: raw=9, log(x+1)=2.32
    POSIX_SEQ_WRITES: raw=10, log(x+1)=2.37

Tag (Performance) Statistics:
  Min: 0.000219
  Max: 5.709047
  Mean: 1.857264
  Std: 0.975889
  Actual Performance Range: 0.00 - 300.58 MB/s

SAMPLE_100K Dataset:
----------------------------------------

Feature Statistics:
  Overall Min: 0.000000
  Overall Max: 164361530.000000
  Overall Mean: 1439.308995
  ⚠️ Features appear NOT log-normalized (max > 100)
  After log(x+1): Min=0.00, Max=18.92
    POSIX_BYTES_READ: raw=15, log(x+1)=2.75
    POSIX_BYTES_WRITTEN: raw=13, log(x+1)=2.67
    POSIX_SEQ_READS: raw=12, log(x+1)=2.55
    POSIX_SEQ_WRITES: raw=10, log(x+1)=2.38

Tag (Performance) Statistics:
  Min: 0.000052
  Max: 6.379217
  Mean: 1.856522
  Std: 0.974068
  Actual Performance Range: 0.00 - 588.47 MB/s

SAMPLE_TOTAL Dataset:
----------------------------------------

Feature Statistics:
  Overall Min: 0.000000
  Overall Max: 7748157072.000000
  Overall Mean: 1839.561773
  ⚠️ Features appear NOT log-normalized (max > 100)
  After log(x+1): Min=0.00, Max=22.77
    POSIX_BYTES_READ: raw=17, log(x+1)=2.86
    POSIX_BYTES_WRITTEN: raw=15, log(x+1)=2.76
    POSIX_SEQ_READS: raw=12, log(x+1)=2.60
    POSIX_SEQ_WRITES: raw=11, log(x+1)=2.49

Tag (Performance) Statistics:
  Min: 0.000000
  Max: 6.749247
  Mean: 1.856681
  Std: 0.974263
  Actual Performance Range: 0.00 - 852.42 MB/s

======================================================================
FEATURE DISTRIBUTION ANALYSIS
======================================================================

SAMPLE_10K - Key Features:
----------------------------------------
POSIX_SEQ_WRITES               | Zero:   8.3% | NonZero Range: [3.01e-01, 9.68e+00]
POSIX_SEQ_READS                | Zero:   5.7% | NonZero Range: [3.01e-01, 9.16e+00]
POSIX_CONSEC_WRITES            | Zero:  11.8% | NonZero Range: [3.01e-01, 9.68e+00]
POSIX_CONSEC_READS             | Zero:   5.8% | NonZero Range: [3.01e-01, 9.16e+00]
POSIX_SIZE_READ_0_100          | Zero:   6.2% | NonZero Range: [3.01e-01, 7.28e+00]
POSIX_SIZE_WRITE_0_100         | Zero:   9.5% | NonZero Range: [3.01e-01, 9.68e+00]
POSIX_SIZE_READ_1K_10K         | Zero:  13.8% | NonZero Range: [3.01e-01, 9.16e+00]
POSIX_SIZE_WRITE_1K_10K        | Zero:  66.1% | NonZero Range: [3.01e-01, 7.45e+00]
POSIX_MEM_NOT_ALIGNED          | Zero:  18.8% | NonZero Range: [3.01e-01, 8.89e+00]
POSIX_FILE_NOT_ALIGNED         | Zero:   3.0% | NonZero Range: [3.01e-01, 9.68e+00]
POSIX_BYTES_READ               | Zero:   5.3% | NonZero Range: [2.05e+00, 1.43e+01]
POSIX_BYTES_WRITTEN            | Zero:   8.2% | NonZero Range: [1.92e+00, 1.30e+01]

SAMPLE_100K - Key Features:
----------------------------------------
POSIX_SEQ_WRITES               | Zero:   8.8% | NonZero Range: [3.01e-01, 9.84e+00]
POSIX_SEQ_READS                | Zero:   5.4% | NonZero Range: [3.01e-01, 1.18e+01]
POSIX_CONSEC_WRITES            | Zero:  12.1% | NonZero Range: [3.01e-01, 9.84e+00]
POSIX_CONSEC_READS             | Zero:   5.5% | NonZero Range: [3.01e-01, 1.18e+01]
POSIX_SIZE_READ_0_100          | Zero:   6.0% | NonZero Range: [3.01e-01, 1.18e+01]
POSIX_SIZE_WRITE_0_100         | Zero:   9.8% | NonZero Range: [3.01e-01, 9.84e+00]
POSIX_SIZE_READ_1K_10K         | Zero:  13.9% | NonZero Range: [3.01e-01, 9.16e+00]
POSIX_SIZE_WRITE_1K_10K        | Zero:  67.3% | NonZero Range: [3.01e-01, 8.52e+00]
POSIX_MEM_NOT_ALIGNED          | Zero:  18.9% | NonZero Range: [3.01e-01, 1.15e+01]
POSIX_FILE_NOT_ALIGNED         | Zero:   2.8% | NonZero Range: [3.01e-01, 1.18e+01]
POSIX_BYTES_READ               | Zero:   5.2% | NonZero Range: [1.40e+00, 1.47e+01]
POSIX_BYTES_WRITTEN            | Zero:   8.7% | NonZero Range: [3.01e-01, 1.34e+01]

SAMPLE_TOTAL - Key Features:
----------------------------------------
POSIX_SEQ_WRITES               | Zero:   8.7% | NonZero Range: [3.01e-01, 1.11e+01]
POSIX_SEQ_READS                | Zero:   5.5% | NonZero Range: [3.01e-01, 1.24e+01]
POSIX_CONSEC_WRITES            | Zero:  12.1% | NonZero Range: [3.01e-01, 1.11e+01]
POSIX_CONSEC_READS             | Zero:   5.6% | NonZero Range: [3.01e-01, 1.24e+01]
POSIX_SIZE_READ_0_100          | Zero:   6.1% | NonZero Range: [3.01e-01, 1.24e+01]
POSIX_SIZE_WRITE_0_100         | Zero:   9.8% | NonZero Range: [3.01e-01, 1.11e+01]
POSIX_SIZE_READ_1K_10K         | Zero:  13.9% | NonZero Range: [3.01e-01, 9.73e+00]
POSIX_SIZE_WRITE_1K_10K        | Zero:  67.2% | NonZero Range: [3.01e-01, 9.26e+00]
POSIX_MEM_NOT_ALIGNED          | Zero:  18.9% | NonZero Range: [3.01e-01, 1.21e+01]
POSIX_FILE_NOT_ALIGNED         | Zero:   2.9% | NonZero Range: [3.01e-01, 1.24e+01]
POSIX_BYTES_READ               | Zero:   5.2% | NonZero Range: [3.01e-01, 1.65e+01]
POSIX_BYTES_WRITTEN            | Zero:   8.6% | NonZero Range: [3.01e-01, 1.48e+01]

======================================================================
DATA INTEGRITY CHECK
======================================================================

SAMPLE_10K:
  Null values: 0
  Negative values: 0
  Inf values: 0
  Data types: {dtype('float64'): 45, dtype('int64'): 1}

SAMPLE_100K:
  Null values: 0
  Negative values: 0
  Inf values: 0
  Data types: {dtype('float64'): 45, dtype('int64'): 1}

SAMPLE_TOTAL:
  Null values: 0
  Negative values: 0
  Inf values: 0
  Data types: {dtype('float64'): 45, dtype('int64'): 1}

======================================================================
SIMILARITY ANALYSIS
======================================================================

SAMPLE_10K - Feature Characteristics:
  Overall sparsity: 24.4% zeros
  Low variance features: 1/45
  Applying log(x+1) for similarity test...
  Similarity distribution (100 samples):
    Min: 0.0000
    25%: 0.5616
    50%: 0.6572
    75%: 0.9015
    95%: 0.9836
    Max: 1.0000
    Pairs with similarity > 0.9: 1259.0/4950.0 (25.4%)

SAMPLE_100K - Feature Characteristics:
  Overall sparsity: 24.0% zeros
  Low variance features: 1/45
  Applying log(x+1) for similarity test...
  Similarity distribution (100 samples):
    Min: 0.0000
    25%: 0.6034
    50%: 0.6825
    75%: 0.8861
    95%: 0.9842
    Max: 1.0000
    Pairs with similarity > 0.9: 1139.0/4950.0 (23.0%)

SAMPLE_TOTAL - Feature Characteristics:
  Overall sparsity: 24.1% zeros
  Low variance features: 1/45
  Applying log(x+1) for similarity test...
  Similarity distribution (100 samples):
    Min: 0.0000
    25%: 0.5850
    50%: 0.6538
    75%: 0.8909
    95%: 0.9896
    Max: 1.0000
    Pairs with similarity > 0.9: 1209.0/4950.0 (24.4%)

======================================================================
RECOMMENDATIONS
======================================================================

sample_10k: Data needs log(x+1) normalization!
  Fix: df.iloc[:, :-1] = np.log(df.iloc[:, :-1] + 1)  # All except 'tag'

For Graph Construction:
  1. Use MAX_NEIGHBORS = 50-100
  2. Use THRESHOLD = 0.85-0.90
  3. Consider feature selection to reduce similarity

======================================================================
ANALYSIS COMPLETE
======================================================================
