2025-08-12 21:21:17,444 - INFO - ================================================================================
2025-08-12 21:21:17,444 - INFO - GAT TRAINING FOR I/O PERFORMANCE PREDICTION
2025-08-12 21:21:17,444 - INFO - ================================================================================
2025-08-12 21:21:17,447 - INFO - Random seed: 42
2025-08-12 21:21:17,447 - INFO - Using device: cuda
2025-08-12 21:21:17,455 - INFO - Configuration saved to experiments/gat_baseline/config.yaml
2025-08-12 21:21:17,455 - INFO - 
========================================
2025-08-12 21:21:17,455 - INFO - LOADING DATASET
2025-08-12 21:21:17,455 - INFO - ========================================
2025-08-12 21:21:18,207 - INFO - Dataset loaded: 100,000 nodes, 5,000,000 edges
2025-08-12 21:21:18,207 - INFO - Features: torch.Size([100000, 45]), Targets: torch.Size([100000, 1])
2025-08-12 21:21:18,368 - INFO - Data splits - Train: 60,000, Val: 20,000, Test: 20,000
2025-08-12 21:21:18,368 - INFO - 
========================================
2025-08-12 21:21:18,369 - INFO - SETTING UP DATA LOADER
2025-08-12 21:21:18,369 - INFO - ========================================
2025-08-12 21:21:18,369 - INFO - Using mini-batch data loading
2025-08-12 21:21:18,739 - INFO - Train loader: 60,000 nodes, 59 batches
2025-08-12 21:21:19,094 - INFO - Val loader: 20,000 nodes, 10 batches
2025-08-12 21:21:19,454 - INFO - Test loader: 20,000 nodes, 10 batches
2025-08-12 21:21:19,730 - INFO - Memory stats: {'gpu_allocated': 0.0, 'gpu_reserved': 0.0, 'gpu_total': 143.771, 'gpu_free': 142.547, 'gpu_used': 0.526, 'ram_available': 2035.464347648, 'ram_used': 66.481471488, 'ram_total': 2164.17380352}
2025-08-12 21:21:19,730 - INFO - Memory stats: {'gpu_allocated': 0.0, 'gpu_reserved': 0.0, 'gpu_total': 143.771, 'gpu_free': 142.547, 'gpu_used': 0.526, 'ram_available': 2035.464347648, 'ram_used': 66.481471488, 'ram_total': 2164.17380352}
2025-08-12 21:21:19,730 - INFO - 
========================================
2025-08-12 21:21:19,730 - INFO - CREATING MODEL
2025-08-12 21:21:19,730 - INFO - ========================================
2025-08-12 21:21:19,816 - INFO - Model: IOPerformanceGAT
2025-08-12 21:21:19,816 - INFO - Total parameters: 5,904,385
2025-08-12 21:21:19,816 - INFO - Trainable parameters: 5,904,385
2025-08-12 21:21:19,816 - INFO - 
========================================
2025-08-12 21:21:19,816 - INFO - SETTING UP TRAINER
2025-08-12 21:21:19,816 - INFO - ========================================
2025-08-12 21:21:19,835 - INFO - 
========================================
2025-08-12 21:21:19,835 - INFO - STARTING TRAINING
2025-08-12 21:21:19,835 - INFO - ========================================
2025-08-12 21:21:19,835 - INFO - Training for 200 epochs
2025-08-12 21:21:19,835 - INFO - Early stopping patience: 40
2025-08-12 21:21:19,835 - INFO - AIIO Best Baseline: 0.186
2025-08-12 21:21:19,835 - INFO - AIIO LightGBM: 0.2632
2025-08-12 21:21:19,835 - INFO - Starting training for 200 epochs on cuda
2025-08-12 21:21:19,835 - INFO - AIIO baselines - Best: 0.186, LightGBM: 0.2632
Training:   0%|          | 0/59 [00:00<?, ?it/s]Training:   0%|          | 0/59 [00:00<?, ?it/s]
2025-08-12 21:21:20,306 - ERROR - Training failed: mat1 and mat2 must have the same dtype
Traceback (most recent call last):
  File "/work/hdd/bdau/mbanisharifdehkordi/GNN_4_IO_5/scripts/train_gat.py", line 447, in <module>
    final_rmse = main(args)
  File "/work/hdd/bdau/mbanisharifdehkordi/GNN_4_IO_5/scripts/train_gat.py", line 257, in main
    history = trainer.train(
  File "/work/hdd/bdau/mbanisharifdehkordi/GNN_4_IO_5/src/training/trainer.py", line 349, in train
    train_metrics = self.train_epoch_mini_batch(train_data['train'])
  File "/work/hdd/bdau/mbanisharifdehkordi/GNN_4_IO_5/src/training/trainer.py", line 216, in train_epoch_mini_batch
    out = self.model(batch.x, batch.edge_index, batch.edge_attr, batch.batch)
  File "/u/mbanisharifdehkordi/.conda/envs/gnn4_env/lib/python3.9/site-packages/torch/nn/modules/module.py", line 1501, in _call_impl
    return forward_call(*args, **kwargs)
  File "/work/hdd/bdau/mbanisharifdehkordi/GNN_4_IO_5/src/models/gat.py", line 255, in forward
    x = self.input_proj(x)
  File "/u/mbanisharifdehkordi/.conda/envs/gnn4_env/lib/python3.9/site-packages/torch/nn/modules/module.py", line 1501, in _call_impl
    return forward_call(*args, **kwargs)
  File "/u/mbanisharifdehkordi/.conda/envs/gnn4_env/lib/python3.9/site-packages/torch/nn/modules/linear.py", line 114, in forward
    return F.linear(input, self.weight, self.bias)
RuntimeError: mat1 and mat2 must have the same dtype
Training complete! Results saved to ./experiments/gat_exp_20250812_212110
