06:29:29 - 
======================================================================
06:29:29 - 🚀 INITIALIZING IOR INTERPRETABILITY ANALYZER
06:29:29 - ======================================================================
06:29:29 - Model configuration: hidden=512, layers=2, heads=[8, 1]
06:29:33 - ✓ Loaded 1,000,000 training samples
06:29:33 - 
======================================================================
06:29:33 - 🔬 RUNNING INTERPRETABILITY ANALYSIS
06:29:33 - ======================================================================
06:29:33 - 
======================================================================
06:29:33 - 🔍 CREATING SUBGRAPH FOR ANALYSIS
06:29:33 - ======================================================================
06:29:33 - Selected 100 neighbors for analysis
06:29:33 - Created subgraph with 101 nodes and 200 edges
06:29:33 - 
======================================================================
06:29:33 - 📈 PERFORMANCE PREDICTION
06:29:33 - ======================================================================
06:29:33 - Predicted: 7.14 MB/s
06:29:33 - Actual: 5.17 MB/s
06:29:33 - Error: 1.97 MB/s
06:29:33 - Relative Error: 38.2%
06:29:33 - 
======================================================================
06:29:33 - 📊 ATTENTION ANALYSIS
06:29:33 - ======================================================================
06:29:33 -   Using fallback: extracting raw attention weights
06:29:34 -   Extracted 10 features from raw attention
06:29:34 - Raw Attention Scores (Top 10):
06:29:34 -    1. POSIX_ACCESS1_COUNT           :   0.0318
06:29:34 -    2. POSIX_SIZE_WRITE_1K_10K       :   0.0315
06:29:34 -    3. POSIX_SIZE_WRITE_100_1K       :   0.0313
06:29:34 -    4. POSIX_ACCESS4_COUNT           :   0.0271
06:29:34 -    5. POSIX_CONSEC_WRITES           :   0.0270
06:29:34 -    6. POSIX_ACCESS2_ACCESS          :   0.0264
06:29:34 -    7. POSIX_ACCESS1_ACCESS          :   0.0264
06:29:34 -    8. POSIX_SEQ_READS               :   0.0258
06:29:34 -    9. POSIX_SIZE_WRITE_10K_100K     :   0.0257
06:29:34 -   10. POSIX_STRIDE2_COUNT           :   0.0256
06:29:34 - 
======================================================================
06:29:34 - 📊 GNNEXPLAINER ANALYSIS
06:29:34 - ======================================================================
06:30:03 - Raw GNNExplainer Scores (Top 10):
06:30:03 -    1. POSIX_WRITES                  :   0.5190
06:30:03 -    2. nprocs                        :   0.4817
06:30:03 -    3. POSIX_OPENS                   :   0.4805
06:30:03 -    4. POSIX_BYTES_READ              :   0.4659
06:30:03 -    5. POSIX_SIZE_WRITE_0_100        :   0.4623
06:30:03 -    6. POSIX_CONSEC_WRITES           :   0.4620
06:30:03 -    7. POSIX_SIZE_WRITE_100_1K       :   0.4487
06:30:03 -    8. POSIX_FILENOS                 :   0.4487
06:30:03 -    9. POSIX_ACCESS4_COUNT           :   0.4484
06:30:03 -   10. LUSTRE_STRIPE_SIZE            :   0.4482
06:30:03 - 
======================================================================
06:30:03 - 📊 GRADIENT ANALYSIS (INTEGRATED GRADIENTS)
06:30:03 - ======================================================================
06:30:08 - Raw Gradient Scores (Top 10):
06:30:08 -    1. POSIX_BYTES_WRITTEN           :   0.2339
06:30:08 -    2. POSIX_MEM_ALIGNMENT           :   0.0955
06:30:08 -    3. POSIX_CONSEC_WRITES           :   0.0738
06:30:08 -    4. POSIX_SIZE_WRITE_100_1K       :   0.0675
06:30:08 -    5. POSIX_SEEKS                   :   0.0635
06:30:08 -    6. POSIX_WRITES                  :   0.0579
06:30:08 -    7. POSIX_FILE_ALIGNMENT          :   0.0523
06:30:08 -    8. POSIX_ACCESS1_ACCESS          :   0.0453
06:30:08 -    9. POSIX_SEQ_WRITES              :   0.0381
06:30:08 -   10. POSIX_OPENS                   :   0.0213
06:30:08 - 
======================================================================
06:30:08 - 🔬 Z-SCORE NORMALIZATION AND CONSENSUS CALCULATION
06:30:08 - ======================================================================
06:30:08 - 
📊 Step 1: Raw Scores from Each Method
06:30:08 - --------------------------------------------------
06:30:08 - 
ATTENTION:
06:30:08 -   - POSIX_ACCESS1_COUNT           :   0.0318
06:30:08 -   - POSIX_SIZE_WRITE_1K_10K       :   0.0315
06:30:08 -   - POSIX_SIZE_WRITE_100_1K       :   0.0313
06:30:08 -   - POSIX_ACCESS4_COUNT           :   0.0271
06:30:08 -   - POSIX_CONSEC_WRITES           :   0.0270
06:30:08 - 
GNN EXPLAINER:
06:30:08 -   - POSIX_WRITES                  :   0.5190
06:30:08 -   - nprocs                        :   0.4817
06:30:08 -   - POSIX_OPENS                   :   0.4805
06:30:08 -   - POSIX_BYTES_READ              :   0.4659
06:30:08 -   - POSIX_SIZE_WRITE_0_100        :   0.4623
06:30:08 - 
GRADIENTS:
06:30:08 -   - POSIX_BYTES_WRITTEN           :   0.2339
06:30:08 -   - POSIX_MEM_ALIGNMENT           :   0.0955
06:30:08 -   - POSIX_CONSEC_WRITES           :   0.0738
06:30:08 -   - POSIX_SIZE_WRITE_100_1K       :   0.0675
06:30:08 -   - POSIX_SEEKS                   :   0.0635
06:30:08 - 
📊 Step 2: Z-Score Normalization
06:30:08 - --------------------------------------------------
06:30:08 - Formula: z = (x - mean) / std
06:30:08 - 
ATTENTION:
06:30:08 -   Mean = 0.0279, Std = 0.0025
06:30:08 -   Z-normalized scores (Top 5):
06:30:08 -     - POSIX_ACCESS1_COUNT           :  +1.610 (very high importance)
06:30:08 -     - POSIX_SIZE_WRITE_1K_10K       :  +1.491 (high importance)
06:30:08 -     - POSIX_SIZE_WRITE_100_1K       :  +1.392 (high importance)
06:30:08 -     - POSIX_ACCESS4_COUNT           :  -0.327 (low importance)
06:30:08 -     - POSIX_CONSEC_WRITES           :  -0.343 (low importance)
06:30:08 - 
GNN EXPLAINER:
06:30:08 -   Mean = 0.3739, Std = 0.0997
06:30:08 -   Z-normalized scores (Top 5):
06:30:08 -     - POSIX_WRITES                  :  +1.455 (high importance)
06:30:08 -     - nprocs                        :  +1.081 (high importance)
06:30:08 -     - POSIX_OPENS                   :  +1.070 (high importance)
06:30:08 -     - POSIX_BYTES_READ              :  +0.923 (high importance)
06:30:08 -     - POSIX_SIZE_WRITE_0_100        :  +0.887 (high importance)
06:30:08 - 
GRADIENTS:
06:30:08 -   Mean = 0.0173, Std = 0.0408
06:30:08 -   Z-normalized scores (Top 5):
06:30:08 -     - POSIX_BYTES_WRITTEN           :  +5.312 (very high importance)
06:30:08 -     - POSIX_MEM_ALIGNMENT           :  +1.918 (very high importance)
06:30:08 -     - POSIX_CONSEC_WRITES           :  +1.385 (high importance)
06:30:08 -     - POSIX_SIZE_WRITE_100_1K       :  +1.230 (high importance)
06:30:08 -     - POSIX_SEEKS                   :  +1.133 (high importance)
06:30:08 - 
📊 Step 3: Equal Weight Consensus (1/3 each method)
06:30:08 - --------------------------------------------------
06:30:08 - Formula: Consensus = (1/3 × Attention_Z) + (1/3 × GNN_Z) + (1/3 × Gradient_Z)
06:30:08 - 
🏆 Final Consensus Rankings:
06:30:08 - Rank  1: POSIX_BYTES_WRITTEN            →  +2.323
06:30:08 -          Contributing methods: GNN(-0.67) + Grad(+5.31)
06:30:08 -          Consensus strength: STRONG (multiple methods agree)
06:30:08 - 
06:30:08 - Rank  2: POSIX_WRITES                   →  +1.226
06:30:08 -          Contributing methods: GNN(+1.45) + Grad(+1.00)
06:30:08 -          Consensus strength: STRONG (multiple methods agree)
06:30:08 - 
06:30:08 - Rank  3: POSIX_SIZE_WRITE_100_1K        →  +1.124
06:30:08 -          Contributing methods: Att(+1.39) + GNN(+0.75) + Grad(+1.23)
06:30:08 -          Consensus strength: STRONG (multiple methods agree)
06:30:08 - 
06:30:08 - Rank  4: POSIX_MEM_ALIGNMENT            →  +1.011
06:30:08 -          Contributing methods: GNN(+0.10) + Grad(+1.92)
06:30:08 -          Consensus strength: STRONG (multiple methods agree)
06:30:08 - 
06:30:08 - Rank  5: POSIX_SEEKS                    →  +0.761
06:30:08 -          Contributing methods: GNN(+0.39) + Grad(+1.13)
06:30:08 -          Consensus strength: STRONG (multiple methods agree)
06:30:08 - 
06:30:08 - Rank  6: POSIX_FILE_ALIGNMENT           →  +0.749
06:30:08 -          Contributing methods: GNN(+0.64) + Grad(+0.86)
06:30:08 -          Consensus strength: STRONG (multiple methods agree)
06:30:08 - 
06:30:08 - Rank  7: POSIX_ACCESS1_COUNT            →  +0.675
06:30:08 -          Contributing methods: Att(+1.61) + GNN(+0.71) + Grad(-0.30)
06:30:08 -          Consensus strength: STRONG (multiple methods agree)
06:30:08 - 
06:30:08 - Rank  8: POSIX_CONSEC_WRITES            →  +0.642
06:30:08 -          Contributing methods: Att(-0.34) + GNN(+0.88) + Grad(+1.39)
06:30:08 -          Consensus strength: STRONG (multiple methods agree)
06:30:08 - 
06:30:08 - Rank  9: POSIX_OPENS                    →  +0.584
06:30:08 -          Contributing methods: GNN(+1.07) + Grad(+0.10)
06:30:08 -          Consensus strength: STRONG (multiple methods agree)
06:30:08 - 
06:30:08 - Rank 10: nprocs                         →  +0.549
06:30:08 -          Contributing methods: GNN(+1.08) + Grad(+0.02)
06:30:08 -          Consensus strength: STRONG (multiple methods agree)
06:30:08 - 
======================================================================
06:30:08 - 📊 GENERATING PROFESSIONAL VISUALIZATIONS
06:30:08 - ======================================================================
06:30:14 - 
✓ All visualizations saved to ./interpretability_figures
06:30:14 - 
======================================================================
06:30:14 - 📝 GENERATING BOTTLENECK REPORT
06:30:14 - ======================================================================
06:30:14 - ✓ Bottleneck report saved to bottleneck_report.json
06:30:14 - 
======================================================================
06:30:14 - 📋 ANALYSIS SUMMARY
06:30:14 - ======================================================================
06:30:14 - Performance: 7.14 MB/s (predicted) vs 5.17 MB/s (actual)
06:30:14 - Primary Bottleneck: POSIX_BYTES_WRITTEN
06:30:14 - Recommendation: Optimize total data written, consider compression
06:30:14 - 
======================================================================
06:30:14 - ✅ ANALYSIS COMPLETE!
06:30:14 - ======================================================================
06:30:14 - Outputs:
06:30:14 -   📊 Visualizations: ./interpretability_figures/
06:30:14 -   📝 Report: bottleneck_report.json
06:30:14 - 
Visualization types created for each method:
06:30:14 -   • Horizontal bar chart (classic academic style)
06:30:14 -   • Lollipop chart (modern style)
06:30:14 -   • Heatmap (intensity visualization)
06:30:14 -   • Diverging bar chart (z-score normalized)
06:30:14 - 
Consensus visualizations:
06:30:14 -   • Consensus diverging bar with rankings
06:30:14 -   • Method comparison dot plot
06:30:14 -   • Method comparison heatmap
