08:42:04 - 
======================================================================
08:42:04 - 🚀 INITIALIZING IOR INTERPRETABILITY ANALYZER
08:42:04 - ======================================================================
08:42:06 - Model configuration: hidden=512, layers=2, heads=[8, 1]
08:42:10 - ✓ Loaded 1,000,000 training samples
08:42:10 - 
======================================================================
08:42:10 - 🔬 RUNNING INTERPRETABILITY ANALYSIS
08:42:10 - ======================================================================
08:42:10 - 
======================================================================
08:42:10 - 🔍 CREATING SUBGRAPH FOR ANALYSIS
08:42:10 - ======================================================================
08:42:10 - Selected 100 neighbors for analysis
08:42:10 - Created subgraph with 101 nodes and 200 edges
08:42:11 - 
======================================================================
08:42:11 - 📈 PERFORMANCE PREDICTION
08:42:11 - ======================================================================
08:42:11 - Predicted: 7.14 MB/s
08:42:11 - Actual: 949.67 MB/s
08:42:11 - Error: 942.53 MB/s
08:42:11 - Relative Error: 99.2%
08:42:11 - 
======================================================================
08:42:11 - 📊 ATTENTION ANALYSIS
08:42:11 - ======================================================================
08:42:11 -   Using fallback: extracting raw attention weights
08:42:12 -   Extracted 10 features from raw attention
08:42:12 - Raw Attention Scores (Top 10):
08:42:12 -    1. LUSTRE_STRIPE_SIZE            :   0.0226
08:42:12 -    2. LUSTRE_STRIPE_WIDTH           :   0.0226
08:42:12 -    3. POSIX_SIZE_READ_1K_10K        :   0.0226
08:42:12 -    4. POSIX_SIZE_READ_100_1K        :   0.0226
08:42:12 -    5. POSIX_SIZE_WRITE_100_1K       :   0.0226
08:42:12 -    6. POSIX_SIZE_WRITE_1K_10K       :   0.0226
08:42:12 -    7. POSIX_SIZE_WRITE_10K_100K     :   0.0226
08:42:12 -    8. POSIX_SIZE_WRITE_100K_1M      :   0.0226
08:42:12 -    9. POSIX_STRIDE1_STRIDE          :   0.0226
08:42:12 -   10. POSIX_STRIDE2_STRIDE          :   0.0226
08:42:12 - 
======================================================================
08:42:12 - 📊 GNNEXPLAINER ANALYSIS
08:42:12 - ======================================================================
08:44:35 - Raw GNNExplainer Scores (Top 10):
08:44:35 -    1. POSIX_BYTES_WRITTEN           :   0.6129
08:44:35 -    2. POSIX_FILE_ALIGNMENT          :   0.5203
08:44:35 -    3. POSIX_ACCESS1_ACCESS          :   0.5045
08:44:35 -    4. LUSTRE_STRIPE_SIZE            :   0.5031
08:44:35 -    5. POSIX_STATS                   :   0.4967
08:44:35 -    6. POSIX_WRITES                  :   0.4816
08:44:35 -    7. POSIX_SEEKS                   :   0.4627
08:44:35 -    8. POSIX_CONSEC_WRITES           :   0.4567
08:44:35 -    9. POSIX_ACCESS1_COUNT           :   0.4437
08:44:35 -   10. POSIX_MEM_ALIGNMENT           :   0.4409
08:44:35 - 
======================================================================
08:44:35 - 📊 GRADIENT ANALYSIS (INTEGRATED GRADIENTS)
08:44:35 - ======================================================================
08:45:09 - Raw Gradient Scores (Top 10):
08:45:09 -    1. POSIX_BYTES_WRITTEN           :   0.2712
08:45:09 -    2. POSIX_MEM_ALIGNMENT           :   0.0932
08:45:09 -    3. nprocs                        :   0.0240
08:45:09 -    4. POSIX_FILE_ALIGNMENT          :   0.0216
08:45:09 -    5. POSIX_STATS                   :   0.0086
08:45:09 -    6. POSIX_OPENS                   :   0.0085
08:45:09 -    7. POSIX_ACCESS1_COUNT           :   0.0052
08:45:09 -    8. POSIX_ACCESS1_ACCESS          :   0.0048
08:45:09 -    9. POSIX_WRITES                  :   0.0037
08:45:09 -   10. POSIX_SIZE_WRITE_100K_1M      :   0.0017
08:45:09 - 
======================================================================
08:45:09 - 🔬 Z-SCORE NORMALIZATION AND CONSENSUS CALCULATION
08:45:09 - ======================================================================
08:45:09 - 
📊 Step 1: Raw Scores from Each Method
08:45:09 - --------------------------------------------------
08:45:09 - 
ATTENTION:
08:45:09 -   - LUSTRE_STRIPE_SIZE            :   0.0226
08:45:09 -   - LUSTRE_STRIPE_WIDTH           :   0.0226
08:45:09 -   - POSIX_SIZE_READ_1K_10K        :   0.0226
08:45:09 -   - POSIX_SIZE_READ_100_1K        :   0.0226
08:45:09 -   - POSIX_SIZE_WRITE_100_1K       :   0.0226
08:45:09 - 
GNN EXPLAINER:
08:45:09 -   - POSIX_BYTES_WRITTEN           :   0.6129
08:45:09 -   - POSIX_FILE_ALIGNMENT          :   0.5203
08:45:09 -   - POSIX_ACCESS1_ACCESS          :   0.5045
08:45:09 -   - LUSTRE_STRIPE_SIZE            :   0.5031
08:45:09 -   - POSIX_STATS                   :   0.4967
08:45:09 - 
GRADIENTS:
08:45:09 -   - POSIX_BYTES_WRITTEN           :   0.2712
08:45:09 -   - POSIX_MEM_ALIGNMENT           :   0.0932
08:45:09 -   - nprocs                        :   0.0240
08:45:09 -   - POSIX_FILE_ALIGNMENT          :   0.0216
08:45:09 -   - POSIX_STATS                   :   0.0086
08:45:09 - 
📊 Step 2: Z-Score Normalization
08:45:09 - --------------------------------------------------
08:45:09 - Formula: z = (x - mean) / std
08:45:09 - 
ATTENTION:
08:45:09 -   Mean = 0.0226, Std = 0.0000
08:45:09 -   Z-normalized scores (Top 5):
08:45:09 -     - LUSTRE_STRIPE_SIZE            :  +2.000 (very high importance)
08:45:09 -     - LUSTRE_STRIPE_WIDTH           :  +2.000 (very high importance)
08:45:09 -     - POSIX_SIZE_READ_1K_10K        :  -0.500 (low importance)
08:45:09 -     - POSIX_SIZE_READ_100_1K        :  -0.500 (low importance)
08:45:09 -     - POSIX_SIZE_WRITE_100_1K       :  -0.500 (low importance)
08:45:09 - 
GNN EXPLAINER:
08:45:09 -   Mean = 0.4645, Std = 0.0601
08:45:09 -   Z-normalized scores (Top 5):
08:45:09 -     - POSIX_BYTES_WRITTEN           :  +2.469 (very high importance)
08:45:09 -     - POSIX_FILE_ALIGNMENT          :  +0.929 (high importance)
08:45:09 -     - POSIX_ACCESS1_ACCESS          :  +0.665 (high importance)
08:45:09 -     - LUSTRE_STRIPE_SIZE            :  +0.642 (high importance)
08:45:09 -     - POSIX_STATS                   :  +0.535 (high importance)
08:45:09 - 
GRADIENTS:
08:45:09 -   Mean = 0.0099, Std = 0.0419
08:45:09 -   Z-normalized scores (Top 5):
08:45:09 -     - POSIX_BYTES_WRITTEN           :  +6.232 (very high importance)
08:45:09 -     - POSIX_MEM_ALIGNMENT           :  +1.989 (very high importance)
08:45:09 -     - nprocs                        :  +0.338 (medium importance)
08:45:09 -     - POSIX_FILE_ALIGNMENT          :  +0.281 (medium importance)
08:45:09 -     - POSIX_STATS                   :  -0.029 (low importance)
08:45:09 - 
📊 Step 3: Equal Weight Consensus (1/3 each method)
08:45:09 - --------------------------------------------------
08:45:09 - Formula: Consensus = (1/3 × Attention_Z) + (1/3 × GNN_Z) + (1/3 × Gradient_Z)
08:45:09 - 
🏆 Final Consensus Rankings:
08:45:09 - Rank  1: POSIX_BYTES_WRITTEN            →  +4.350
08:45:09 -          Contributing methods: GNN(+2.47) + Grad(+6.23)
08:45:09 -          Consensus strength: STRONG (multiple methods agree)
08:45:09 - 
08:45:09 - Rank  2: LUSTRE_STRIPE_SIZE             →  +0.802
08:45:09 -          Contributing methods: Att(+2.00) + GNN(+0.64) + Grad(-0.24)
08:45:09 -          Consensus strength: STRONG (multiple methods agree)
08:45:09 - 
08:45:09 - Rank  3: POSIX_MEM_ALIGNMENT            →  +0.798
08:45:09 -          Contributing methods: GNN(-0.39) + Grad(+1.99)
08:45:09 -          Consensus strength: STRONG (multiple methods agree)
08:45:09 - 
08:45:09 - Rank  4: POSIX_FILE_ALIGNMENT           →  +0.605
08:45:09 -          Contributing methods: GNN(+0.93) + Grad(+0.28)
08:45:09 -          Consensus strength: STRONG (multiple methods agree)
08:45:09 - 
08:45:09 - Rank  5: POSIX_ACCESS1_ACCESS           →  +0.272
08:45:09 -          Contributing methods: GNN(+0.67) + Grad(-0.12)
08:45:09 -          Consensus strength: STRONG (multiple methods agree)
08:45:09 - 
08:45:09 - Rank  6: POSIX_STATS                    →  +0.253
08:45:09 -          Contributing methods: GNN(+0.54) + Grad(-0.03)
08:45:09 -          Consensus strength: STRONG (multiple methods agree)
08:45:09 - 
08:45:09 - Rank  7: LUSTRE_STRIPE_WIDTH            →  +0.098
08:45:09 -          Contributing methods: Att(+2.00) + GNN(-1.47) + Grad(-0.24)
08:45:09 -          Consensus strength: STRONG (multiple methods agree)
08:45:09 - 
08:45:09 - Rank  8: POSIX_WRITES                   →  +0.069
08:45:09 -          Contributing methods: GNN(+0.28) + Grad(-0.15)
08:45:09 -          Consensus strength: STRONG (multiple methods agree)
08:45:09 - 
08:45:09 - Rank  9: POSIX_SEEKS                    →  -0.118
08:45:09 -          Contributing methods: GNN(-0.03) + Grad(-0.21)
08:45:09 -          Consensus strength: STRONG (multiple methods agree)
08:45:09 - 
08:45:09 - Rank 10: POSIX_CONSEC_WRITES            →  -0.183
08:45:09 -          Contributing methods: GNN(-0.13) + Grad(-0.24)
08:45:09 -          Consensus strength: STRONG (multiple methods agree)
08:45:09 - 
======================================================================
08:45:09 - 📊 GENERATING PROFESSIONAL VISUALIZATIONS
08:45:09 - ======================================================================
08:45:15 - Saved consensus contribution chart to ./interpretability_figures/consensus_contribution_chart.png
08:45:15 - 
✓ All visualizations saved to ./interpretability_figures
08:45:15 - 
======================================================================
08:45:15 - 📝 GENERATING BOTTLENECK REPORT
08:45:15 - ======================================================================
08:45:16 - ✓ Bottleneck report saved to bottleneck_report.json
08:45:16 - 
======================================================================
08:45:16 - 📋 ANALYSIS SUMMARY
08:45:16 - ======================================================================
08:45:16 - Performance: 7.14 MB/s (predicted) vs 949.67 MB/s (actual)
08:45:16 - Primary Bottleneck: POSIX_BYTES_WRITTEN
08:45:16 - Recommendation: Optimize total data written, consider compression
08:45:16 - 
======================================================================
08:45:16 - ✅ ANALYSIS COMPLETE!
08:45:16 - ======================================================================
08:45:16 - Outputs:
08:45:16 -   📊 Visualizations: ./interpretability_figures/
08:45:16 -   📝 Report: bottleneck_report.json
08:45:16 - 
Visualization types created for each method:
08:45:16 -   • Horizontal bar chart (classic academic style)
08:45:16 -   • Lollipop chart (modern style)
08:45:16 -   • Heatmap (intensity visualization)
08:45:16 -   • Diverging bar chart (z-score normalized)
08:45:16 - 
Consensus visualizations:
08:45:16 -   • Consensus diverging bar with rankings
08:45:16 -   • Method comparison dot plot
08:45:16 -   • Method comparison heatmap
