2025-08-15 05:17:41,005 - INFO - 
======================================================================
2025-08-15 05:17:41,005 - INFO - INITIALIZING IOR INTERPRETABILITY ANALYZER
2025-08-15 05:17:41,005 - INFO - ======================================================================
2025-08-15 05:17:41,049 - INFO - Model configuration: hidden=512, layers=2, heads=[8, 1]
2025-08-15 05:17:44,834 - INFO - Loaded 1000000 training samples
2025-08-15 05:17:44,834 - INFO - 
======================================================================
2025-08-15 05:17:44,834 - INFO - RUNNING INTERPRETABILITY ANALYSIS
2025-08-15 05:17:44,834 - INFO - ======================================================================
2025-08-15 05:17:44,837 - INFO - 
=== Creating subgraph for interpretability analysis ===
2025-08-15 05:17:45,133 - INFO - Selected 100 neighbors for analysis
2025-08-15 05:17:45,134 - INFO - Created subgraph with 101 nodes and 200 edges
2025-08-15 05:17:45,362 - INFO - 
=== Performance Prediction ===
2025-08-15 05:17:45,362 - INFO - Predicted: 7.14 MB/s
2025-08-15 05:17:45,362 - INFO - Actual: 5.17 MB/s
2025-08-15 05:17:45,362 - INFO - Error: 1.97 MB/s
2025-08-15 05:17:45,362 - INFO - 
=== Running Attention Analysis ===
2025-08-15 05:17:45,594 - INFO - Found 0 important features via attention
2025-08-15 05:17:45,594 - INFO - 
=== Running GNNExplainer ===
2025-08-15 05:18:16,713 - INFO - Found 0 important features via GNNExplainer
2025-08-15 05:18:16,713 - INFO - 
=== Running Gradient Analysis ===
2025-08-15 05:18:22,544 - INFO - Found 45 important features via gradients
2025-08-15 05:18:22,544 - INFO - 
=== Calculating Z-Score Normalized Consensus ===
2025-08-15 05:18:22,545 - INFO - Consensus found 45 features
2025-08-15 05:18:22,545 - INFO - Top 5 consensus features:
2025-08-15 05:18:22,545 - INFO -   1. POSIX_BYTES_WRITTEN: 5.312
2025-08-15 05:18:22,545 - INFO -   2. POSIX_MEM_ALIGNMENT: 1.918
2025-08-15 05:18:22,545 - INFO -   3. POSIX_CONSEC_WRITES: 1.385
2025-08-15 05:18:22,545 - INFO -   4. POSIX_SIZE_WRITE_100_1K: 1.230
2025-08-15 05:18:22,545 - INFO -   5. POSIX_SEEKS: 1.133
2025-08-15 05:18:22,545 - INFO - 
======================================================================
2025-08-15 05:18:22,545 - INFO - GENERATING VISUALIZATIONS
2025-08-15 05:18:22,545 - INFO - ======================================================================
2025-08-15 05:18:22,888 - INFO - Saved Integrated Gradients - Feature Importance to ./interpretability_figures/gradient_analysis.png
2025-08-15 05:18:23,220 - INFO - Saved Z-Score Normalized Consensus to ./interpretability_figures/consensus_analysis.png
2025-08-15 05:18:23,220 - INFO - All visualizations saved to ./interpretability_figures
2025-08-15 05:18:23,220 - INFO - 
======================================================================
2025-08-15 05:18:23,220 - INFO - GENERATING BOTTLENECK REPORT
2025-08-15 05:18:23,220 - INFO - ======================================================================
2025-08-15 05:18:23,251 - INFO - Bottleneck report saved to bottleneck_report.json
2025-08-15 05:18:23,251 - INFO - 
======================================================================
2025-08-15 05:18:23,251 - INFO - ANALYSIS SUMMARY
2025-08-15 05:18:23,251 - INFO - ======================================================================
2025-08-15 05:18:23,251 - INFO - Performance: 7.14 MB/s (predicted) vs 5.17 MB/s (actual)
2025-08-15 05:18:23,251 - INFO - Primary Bottleneck: POSIX_BYTES_WRITTEN
2025-08-15 05:18:23,251 - INFO - Recommendation: Optimize I/O pattern for better performance
2025-08-15 05:18:23,251 - INFO - 
======================================================================
2025-08-15 05:18:23,251 - INFO - ANALYSIS COMPLETE!
2025-08-15 05:18:23,251 - INFO - ======================================================================
2025-08-15 05:18:23,251 - INFO - Outputs:
2025-08-15 05:18:23,251 - INFO -   - Visualizations: ./interpretability_figures/
2025-08-15 05:18:23,251 - INFO -   - Report: bottleneck_report.json
