07:30:07 - 
======================================================================
07:30:07 - 🚀 INITIALIZING IOR INTERPRETABILITY ANALYZER
07:30:07 - ======================================================================
07:30:07 - Model configuration: hidden=512, layers=2, heads=[8, 1]
07:30:11 - ✓ Loaded 1,000,000 training samples
07:30:11 - 
======================================================================
07:30:11 - 🔬 RUNNING INTERPRETABILITY ANALYSIS
07:30:11 - ======================================================================
07:30:11 - 
======================================================================
07:30:11 - 🔍 CREATING SUBGRAPH FOR ANALYSIS
07:30:11 - ======================================================================
07:30:12 - Selected 100 neighbors for analysis
07:30:12 - Created subgraph with 101 nodes and 200 edges
07:30:12 - 
======================================================================
07:30:12 - 📈 PERFORMANCE PREDICTION
07:30:12 - ======================================================================
07:30:12 - Predicted: 7.14 MB/s
07:30:12 - Actual: 5.17 MB/s
07:30:12 - Error: 1.97 MB/s
07:30:12 - Relative Error: 38.2%
07:30:12 - 
======================================================================
07:30:12 - 📊 ATTENTION ANALYSIS
07:30:12 - ======================================================================
07:30:12 -   Using fallback: extracting raw attention weights
07:30:13 -   Extracted 10 features from raw attention
07:30:13 - Raw Attention Scores (Top 10):
07:30:13 -    1. POSIX_ACCESS1_COUNT           :   0.0318
07:30:13 -    2. POSIX_SIZE_WRITE_1K_10K       :   0.0315
07:30:13 -    3. POSIX_SIZE_WRITE_100_1K       :   0.0313
07:30:13 -    4. POSIX_ACCESS4_COUNT           :   0.0271
07:30:13 -    5. POSIX_CONSEC_WRITES           :   0.0270
07:30:13 -    6. POSIX_ACCESS2_ACCESS          :   0.0264
07:30:13 -    7. POSIX_ACCESS1_ACCESS          :   0.0264
07:30:13 -    8. POSIX_SEQ_READS               :   0.0258
07:30:13 -    9. POSIX_SIZE_WRITE_10K_100K     :   0.0257
07:30:13 -   10. POSIX_STRIDE2_COUNT           :   0.0256
07:30:13 - 
======================================================================
07:30:13 - 📊 GNNEXPLAINER ANALYSIS
07:30:13 - ======================================================================
07:32:11 - Raw GNNExplainer Scores (Top 10):
07:32:11 -    1. POSIX_OPENS                   :   0.5502
07:32:11 -    2. POSIX_FILENOS                 :   0.5229
07:32:11 -    3. POSIX_ACCESS3_ACCESS          :   0.5130
07:32:11 -    4. POSIX_SEQ_READS               :   0.5128
07:32:11 -    5. POSIX_BYTES_WRITTEN           :   0.5114
07:32:11 -    6. POSIX_ACCESS2_COUNT           :   0.5024
07:32:11 -    7. POSIX_MEM_NOT_ALIGNED         :   0.5019
07:32:11 -    8. nprocs                        :   0.5003
07:32:11 -    9. POSIX_ACCESS3_COUNT           :   0.4970
07:32:11 -   10. LUSTRE_STRIPE_SIZE            :   0.4964
07:32:11 - 
======================================================================
07:32:11 - 📊 GRADIENT ANALYSIS (INTEGRATED GRADIENTS)
07:32:11 - ======================================================================
07:32:38 - Raw Gradient Scores (Top 10):
07:32:38 -    1. POSIX_BYTES_WRITTEN           :   0.2339
07:32:38 -    2. POSIX_MEM_ALIGNMENT           :   0.0955
07:32:38 -    3. POSIX_CONSEC_WRITES           :   0.0738
07:32:38 -    4. POSIX_SIZE_WRITE_100_1K       :   0.0675
07:32:38 -    5. POSIX_SEEKS                   :   0.0635
07:32:38 -    6. POSIX_WRITES                  :   0.0579
07:32:38 -    7. POSIX_FILE_ALIGNMENT          :   0.0523
07:32:38 -    8. POSIX_ACCESS1_ACCESS          :   0.0453
07:32:38 -    9. POSIX_SEQ_WRITES              :   0.0381
07:32:38 -   10. POSIX_OPENS                   :   0.0213
07:32:38 - 
======================================================================
07:32:38 - 🔬 Z-SCORE NORMALIZATION AND CONSENSUS CALCULATION
07:32:38 - ======================================================================
07:32:38 - 
📊 Step 1: Raw Scores from Each Method
07:32:38 - --------------------------------------------------
07:32:38 - 
ATTENTION:
07:32:38 -   - POSIX_ACCESS1_COUNT           :   0.0318
07:32:38 -   - POSIX_SIZE_WRITE_1K_10K       :   0.0315
07:32:38 -   - POSIX_SIZE_WRITE_100_1K       :   0.0313
07:32:38 -   - POSIX_ACCESS4_COUNT           :   0.0271
07:32:38 -   - POSIX_CONSEC_WRITES           :   0.0270
07:32:38 - 
GNN EXPLAINER:
07:32:38 -   - POSIX_OPENS                   :   0.5502
07:32:38 -   - POSIX_FILENOS                 :   0.5229
07:32:38 -   - POSIX_ACCESS3_ACCESS          :   0.5130
07:32:38 -   - POSIX_SEQ_READS               :   0.5128
07:32:38 -   - POSIX_BYTES_WRITTEN           :   0.5114
07:32:38 - 
GRADIENTS:
07:32:38 -   - POSIX_BYTES_WRITTEN           :   0.2339
07:32:38 -   - POSIX_MEM_ALIGNMENT           :   0.0955
07:32:38 -   - POSIX_CONSEC_WRITES           :   0.0738
07:32:38 -   - POSIX_SIZE_WRITE_100_1K       :   0.0675
07:32:38 -   - POSIX_SEEKS                   :   0.0635
07:32:38 - 
📊 Step 2: Z-Score Normalization
07:32:38 - --------------------------------------------------
07:32:38 - Formula: z = (x - mean) / std
07:32:38 - 
ATTENTION:
07:32:38 -   Mean = 0.0279, Std = 0.0025
07:32:38 -   Z-normalized scores (Top 5):
07:32:38 -     - POSIX_ACCESS1_COUNT           :  +1.610 (very high importance)
07:32:38 -     - POSIX_SIZE_WRITE_1K_10K       :  +1.491 (high importance)
07:32:38 -     - POSIX_SIZE_WRITE_100_1K       :  +1.392 (high importance)
07:32:38 -     - POSIX_ACCESS4_COUNT           :  -0.327 (low importance)
07:32:38 -     - POSIX_CONSEC_WRITES           :  -0.343 (low importance)
07:32:38 - 
GNN EXPLAINER:
07:32:38 -   Mean = 0.4653, Std = 0.0469
07:32:38 -   Z-normalized scores (Top 5):
07:32:38 -     - POSIX_OPENS                   :  +1.812 (very high importance)
07:32:38 -     - POSIX_FILENOS                 :  +1.228 (high importance)
07:32:38 -     - POSIX_ACCESS3_ACCESS          :  +1.017 (high importance)
07:32:38 -     - POSIX_SEQ_READS               :  +1.013 (high importance)
07:32:38 -     - POSIX_BYTES_WRITTEN           :  +0.984 (high importance)
07:32:38 - 
GRADIENTS:
07:32:38 -   Mean = 0.0173, Std = 0.0408
07:32:38 -   Z-normalized scores (Top 5):
07:32:38 -     - POSIX_BYTES_WRITTEN           :  +5.312 (very high importance)
07:32:38 -     - POSIX_MEM_ALIGNMENT           :  +1.918 (very high importance)
07:32:38 -     - POSIX_CONSEC_WRITES           :  +1.385 (high importance)
07:32:38 -     - POSIX_SIZE_WRITE_100_1K       :  +1.230 (high importance)
07:32:38 -     - POSIX_SEEKS                   :  +1.133 (high importance)
07:32:38 - 
📊 Step 3: Equal Weight Consensus (1/3 each method)
07:32:38 - --------------------------------------------------
07:32:38 - Formula: Consensus = (1/3 × Attention_Z) + (1/3 × GNN_Z) + (1/3 × Gradient_Z)
07:32:38 - 
🏆 Final Consensus Rankings:
07:32:38 - Rank  1: POSIX_BYTES_WRITTEN            →  +3.148
07:32:38 -          Contributing methods: GNN(+0.98) + Grad(+5.31)
07:32:38 -          Consensus strength: STRONG (multiple methods agree)
07:32:38 - 
07:32:38 - Rank  2: POSIX_MEM_ALIGNMENT            →  +1.133
07:32:38 -          Contributing methods: GNN(+0.35) + Grad(+1.92)
07:32:38 -          Consensus strength: STRONG (multiple methods agree)
07:32:38 - 
07:32:38 - Rank  3: POSIX_OPENS                    →  +0.955
07:32:38 -          Contributing methods: GNN(+1.81) + Grad(+0.10)
07:32:38 -          Consensus strength: STRONG (multiple methods agree)
07:32:38 - 
07:32:38 - Rank  4: POSIX_FILE_ALIGNMENT           →  +0.702
07:32:38 -          Contributing methods: GNN(+0.55) + Grad(+0.86)
07:32:38 -          Consensus strength: STRONG (multiple methods agree)
07:32:38 - 
07:32:38 - Rank  5: POSIX_ACCESS1_COUNT            →  +0.591
07:32:38 -          Contributing methods: Att(+1.61) + GNN(+0.46) + Grad(-0.30)
07:32:38 -          Consensus strength: STRONG (multiple methods agree)
07:32:38 - 
07:32:38 - Rank  6: POSIX_SIZE_WRITE_100_1K        →  +0.563
07:32:38 -          Contributing methods: Att(+1.39) + GNN(-0.93) + Grad(+1.23)
07:32:38 -          Consensus strength: STRONG (multiple methods agree)
07:32:38 - 
07:32:38 - Rank  7: POSIX_SIZE_WRITE_1K_10K        →  +0.534
07:32:38 -          Contributing methods: Att(+1.49) + Grad(-0.42)
07:32:38 -          Consensus strength: STRONG (multiple methods agree)
07:32:38 - 
07:32:38 - Rank  8: POSIX_SEEKS                    →  +0.505
07:32:38 -          Contributing methods: GNN(-0.12) + Grad(+1.13)
07:32:38 -          Consensus strength: STRONG (multiple methods agree)
07:32:38 - 
07:32:38 - Rank  9: POSIX_FILENOS                  →  +0.402
07:32:38 -          Contributing methods: GNN(+1.23) + Grad(-0.42)
07:32:38 -          Consensus strength: STRONG (multiple methods agree)
07:32:38 - 
07:32:38 - Rank 10: nprocs                         →  +0.381
07:32:38 -          Contributing methods: GNN(+0.75) + Grad(+0.02)
07:32:38 -          Consensus strength: STRONG (multiple methods agree)
07:32:38 - 
======================================================================
07:32:38 - 📊 GENERATING PROFESSIONAL VISUALIZATIONS
07:32:38 - ======================================================================
07:32:44 - Saved consensus contribution chart to ./interpretability_figures/consensus_contribution_chart.png
07:32:45 - 
✓ All visualizations saved to ./interpretability_figures
07:32:45 - 
======================================================================
07:32:45 - 📝 GENERATING BOTTLENECK REPORT
07:32:45 - ======================================================================
07:32:45 - ✓ Bottleneck report saved to bottleneck_report.json
07:32:45 - 
======================================================================
07:32:45 - 📋 ANALYSIS SUMMARY
07:32:45 - ======================================================================
07:32:45 - Performance: 7.14 MB/s (predicted) vs 5.17 MB/s (actual)
07:32:45 - Primary Bottleneck: POSIX_BYTES_WRITTEN
07:32:45 - Recommendation: Optimize total data written, consider compression
07:32:45 - 
======================================================================
07:32:45 - ✅ ANALYSIS COMPLETE!
07:32:45 - ======================================================================
07:32:45 - Outputs:
07:32:45 -   📊 Visualizations: ./interpretability_figures/
07:32:45 -   📝 Report: bottleneck_report.json
07:32:45 - 
Visualization types created for each method:
07:32:45 -   • Horizontal bar chart (classic academic style)
07:32:45 -   • Lollipop chart (modern style)
07:32:45 -   • Heatmap (intensity visualization)
07:32:45 -   • Diverging bar chart (z-score normalized)
07:32:45 - 
Consensus visualizations:
07:32:45 -   • Consensus diverging bar with rankings
07:32:45 -   • Method comparison dot plot
07:32:45 -   • Method comparison heatmap
