07:00:55 - 
======================================================================
07:00:55 - 🚀 INITIALIZING IOR INTERPRETABILITY ANALYZER
07:00:55 - ======================================================================
07:00:56 - Model configuration: hidden=512, layers=2, heads=[8, 1]
07:01:00 - ✓ Loaded 1,000,000 training samples
07:01:00 - 
======================================================================
07:01:00 - 🔬 RUNNING INTERPRETABILITY ANALYSIS
07:01:00 - ======================================================================
07:01:00 - 
======================================================================
07:01:00 - 🔍 CREATING SUBGRAPH FOR ANALYSIS
07:01:00 - ======================================================================
07:01:01 - Selected 100 neighbors for analysis
07:01:01 - Created subgraph with 101 nodes and 200 edges
07:01:01 - 
======================================================================
07:01:01 - 📈 PERFORMANCE PREDICTION
07:01:01 - ======================================================================
07:01:01 - Predicted: 7.14 MB/s
07:01:01 - Actual: 5.17 MB/s
07:01:01 - Error: 1.97 MB/s
07:01:01 - Relative Error: 38.2%
07:01:01 - 
======================================================================
07:01:01 - 📊 ATTENTION ANALYSIS
07:01:01 - ======================================================================
07:01:01 -   Using fallback: extracting raw attention weights
07:01:02 -   Extracted 10 features from raw attention
07:01:02 - Raw Attention Scores (Top 10):
07:01:02 -    1. POSIX_ACCESS1_COUNT           :   0.0318
07:01:02 -    2. POSIX_SIZE_WRITE_1K_10K       :   0.0315
07:01:02 -    3. POSIX_SIZE_WRITE_100_1K       :   0.0313
07:01:02 -    4. POSIX_ACCESS4_COUNT           :   0.0271
07:01:02 -    5. POSIX_CONSEC_WRITES           :   0.0270
07:01:02 -    6. POSIX_ACCESS2_ACCESS          :   0.0264
07:01:02 -    7. POSIX_ACCESS1_ACCESS          :   0.0264
07:01:02 -    8. POSIX_SEQ_READS               :   0.0258
07:01:02 -    9. POSIX_SIZE_WRITE_10K_100K     :   0.0257
07:01:02 -   10. POSIX_STRIDE2_COUNT           :   0.0256
07:01:02 - 
======================================================================
07:01:02 - 📊 GNNEXPLAINER ANALYSIS
07:01:02 - ======================================================================
07:03:01 - Raw GNNExplainer Scores (Top 10):
07:03:01 -    1. POSIX_FILENOS                 :   0.4604
07:03:01 -    2. nprocs                        :   0.4601
07:03:01 -    3. POSIX_ACCESS1_COUNT           :   0.4443
07:03:01 -    4. POSIX_CONSEC_WRITES           :   0.4253
07:03:01 -    5. POSIX_FILE_ALIGNMENT          :   0.4158
07:03:01 -    6. POSIX_SEQ_WRITES              :   0.4110
07:03:01 -    7. LUSTRE_STRIPE_SIZE            :   0.4100
07:03:01 -    8. POSIX_OPENS                   :   0.4006
07:03:01 -    9. POSIX_FILE_NOT_ALIGNED        :   0.3926
07:03:01 -   10. POSIX_SEEKS                   :   0.3830
07:03:01 - 
======================================================================
07:03:01 - 📊 GRADIENT ANALYSIS (INTEGRATED GRADIENTS)
07:03:01 - ======================================================================
07:03:36 - Raw Gradient Scores (Top 10):
07:03:36 -    1. POSIX_BYTES_WRITTEN           :   0.2339
07:03:36 -    2. POSIX_MEM_ALIGNMENT           :   0.0955
07:03:36 -    3. POSIX_CONSEC_WRITES           :   0.0738
07:03:36 -    4. POSIX_SIZE_WRITE_100_1K       :   0.0675
07:03:36 -    5. POSIX_SEEKS                   :   0.0635
07:03:36 -    6. POSIX_WRITES                  :   0.0579
07:03:36 -    7. POSIX_FILE_ALIGNMENT          :   0.0523
07:03:36 -    8. POSIX_ACCESS1_ACCESS          :   0.0453
07:03:36 -    9. POSIX_SEQ_WRITES              :   0.0381
07:03:36 -   10. POSIX_OPENS                   :   0.0213
07:03:36 - 
======================================================================
07:03:36 - 🔬 Z-SCORE NORMALIZATION AND CONSENSUS CALCULATION
07:03:36 - ======================================================================
07:03:36 - 
📊 Step 1: Raw Scores from Each Method
07:03:36 - --------------------------------------------------
07:03:36 - 
ATTENTION:
07:03:36 -   - POSIX_ACCESS1_COUNT           :   0.0318
07:03:36 -   - POSIX_SIZE_WRITE_1K_10K       :   0.0315
07:03:36 -   - POSIX_SIZE_WRITE_100_1K       :   0.0313
07:03:36 -   - POSIX_ACCESS4_COUNT           :   0.0271
07:03:36 -   - POSIX_CONSEC_WRITES           :   0.0270
07:03:36 - 
GNN EXPLAINER:
07:03:36 -   - POSIX_FILENOS                 :   0.4604
07:03:36 -   - nprocs                        :   0.4601
07:03:36 -   - POSIX_ACCESS1_COUNT           :   0.4443
07:03:36 -   - POSIX_CONSEC_WRITES           :   0.4253
07:03:36 -   - POSIX_FILE_ALIGNMENT          :   0.4158
07:03:36 - 
GRADIENTS:
07:03:36 -   - POSIX_BYTES_WRITTEN           :   0.2339
07:03:36 -   - POSIX_MEM_ALIGNMENT           :   0.0955
07:03:36 -   - POSIX_CONSEC_WRITES           :   0.0738
07:03:36 -   - POSIX_SIZE_WRITE_100_1K       :   0.0675
07:03:36 -   - POSIX_SEEKS                   :   0.0635
07:03:36 - 
📊 Step 2: Z-Score Normalization
07:03:36 - --------------------------------------------------
07:03:36 - Formula: z = (x - mean) / std
07:03:36 - 
ATTENTION:
07:03:36 -   Mean = 0.0279, Std = 0.0025
07:03:36 -   Z-normalized scores (Top 5):
07:03:36 -     - POSIX_ACCESS1_COUNT           :  +1.610 (very high importance)
07:03:36 -     - POSIX_SIZE_WRITE_1K_10K       :  +1.491 (high importance)
07:03:36 -     - POSIX_SIZE_WRITE_100_1K       :  +1.392 (high importance)
07:03:36 -     - POSIX_ACCESS4_COUNT           :  -0.327 (low importance)
07:03:36 -     - POSIX_CONSEC_WRITES           :  -0.343 (low importance)
07:03:36 - 
GNN EXPLAINER:
07:03:36 -   Mean = 0.3023, Std = 0.1024
07:03:36 -   Z-normalized scores (Top 5):
07:03:36 -     - POSIX_FILENOS                 :  +1.543 (very high importance)
07:03:36 -     - nprocs                        :  +1.540 (very high importance)
07:03:36 -     - POSIX_ACCESS1_COUNT           :  +1.386 (high importance)
07:03:36 -     - POSIX_CONSEC_WRITES           :  +1.201 (high importance)
07:03:36 -     - POSIX_FILE_ALIGNMENT          :  +1.109 (high importance)
07:03:36 - 
GRADIENTS:
07:03:36 -   Mean = 0.0173, Std = 0.0408
07:03:36 -   Z-normalized scores (Top 5):
07:03:36 -     - POSIX_BYTES_WRITTEN           :  +5.312 (very high importance)
07:03:36 -     - POSIX_MEM_ALIGNMENT           :  +1.918 (very high importance)
07:03:36 -     - POSIX_CONSEC_WRITES           :  +1.385 (high importance)
07:03:36 -     - POSIX_SIZE_WRITE_100_1K       :  +1.230 (high importance)
07:03:36 -     - POSIX_SEEKS                   :  +1.133 (high importance)
07:03:36 - 
📊 Step 3: Equal Weight Consensus (1/3 each method)
07:03:36 - --------------------------------------------------
07:03:36 - Formula: Consensus = (1/3 × Attention_Z) + (1/3 × GNN_Z) + (1/3 × Gradient_Z)
07:03:36 - 
🏆 Final Consensus Rankings:
07:03:36 - Rank  1: POSIX_BYTES_WRITTEN            →  +2.729
07:03:36 -          Contributing methods: GNN(+0.15) + Grad(+5.31)
07:03:36 -          Consensus strength: STRONG (multiple methods agree)
07:03:36 - 
07:03:36 - Rank  2: POSIX_SIZE_WRITE_100_1K        →  +1.107
07:03:36 -          Contributing methods: Att(+1.39) + GNN(+0.70) + Grad(+1.23)
07:03:36 -          Consensus strength: STRONG (multiple methods agree)
07:03:36 - 
07:03:36 - Rank  3: POSIX_FILE_ALIGNMENT           →  +0.983
07:03:36 -          Contributing methods: GNN(+1.11) + Grad(+0.86)
07:03:36 -          Consensus strength: STRONG (multiple methods agree)
07:03:36 - 
07:03:36 - Rank  4: POSIX_SEEKS                    →  +0.960
07:03:36 -          Contributing methods: GNN(+0.79) + Grad(+1.13)
07:03:36 -          Consensus strength: STRONG (multiple methods agree)
07:03:36 - 
07:03:36 - Rank  5: POSIX_MEM_ALIGNMENT            →  +0.919
07:03:36 -          Contributing methods: GNN(-0.08) + Grad(+1.92)
07:03:36 -          Consensus strength: STRONG (multiple methods agree)
07:03:36 - 
07:03:36 - Rank  6: POSIX_ACCESS1_COUNT            →  +0.899
07:03:36 -          Contributing methods: Att(+1.61) + GNN(+1.39) + Grad(-0.30)
07:03:36 -          Consensus strength: STRONG (multiple methods agree)
07:03:36 - 
07:03:36 - Rank  7: POSIX_SEQ_WRITES               →  +0.786
07:03:36 -          Contributing methods: GNN(+1.06) + Grad(+0.51)
07:03:36 -          Consensus strength: STRONG (multiple methods agree)
07:03:36 - 
07:03:36 - Rank  8: nprocs                         →  +0.778
07:03:36 -          Contributing methods: GNN(+1.54) + Grad(+0.02)
07:03:36 -          Consensus strength: STRONG (multiple methods agree)
07:03:36 - 
07:03:36 - Rank  9: POSIX_CONSEC_WRITES            →  +0.747
07:03:36 -          Contributing methods: Att(-0.34) + GNN(+1.20) + Grad(+1.39)
07:03:36 -          Consensus strength: STRONG (multiple methods agree)
07:03:36 - 
07:03:36 - Rank 10: POSIX_FILENOS                  →  +0.560
07:03:36 -          Contributing methods: GNN(+1.54) + Grad(-0.42)
07:03:36 -          Consensus strength: STRONG (multiple methods agree)
07:03:36 - 
======================================================================
07:03:36 - 📊 GENERATING PROFESSIONAL VISUALIZATIONS
07:03:36 - ======================================================================
Traceback (most recent call last):
  File "/work/hdd/bdau/mbanisharifdehkordi/GNN_4_IO_5/scripts/ior/ior_interpret.py", line 1352, in <module>
    main()
  File "/work/hdd/bdau/mbanisharifdehkordi/GNN_4_IO_5/scripts/ior/ior_interpret.py", line 1317, in main
    analyzer.create_professional_visualizations(results)
  File "/work/hdd/bdau/mbanisharifdehkordi/GNN_4_IO_5/scripts/ior/ior_interpret.py", line 602, in create_professional_visualizations
    self._create_consensus_stacked_contribution(
  File "/work/hdd/bdau/mbanisharifdehkordi/GNN_4_IO_5/scripts/ior/ior_interpret.py", line 1041, in _create_consensus_stacked_contribution
    ax1.legend(loc='upper right', framealpha=0.9)
UnboundLocalError: local variable 'ax1' referenced before assignment
srun: error: gpue01: task 0: Exited with exit code 1
